2018-05-26 23:15:23,037 INFO     Image height = 1024, width = 1024 ................
2018-05-26 23:15:23,037 INFO     Initiating FPN BOTTOM-UP .................................
2018-05-26 23:15:23,041 INFO     Zero_padded: [None, 1030, 1030, 3]
2018-05-26 23:15:23,041 INFO     STAGE 1 ...........................
2018-05-26 23:15:23,114 INFO     Conv2D: [None, 512, 512, 64]
2018-05-26 23:15:23,117 INFO     MaxPool2d: [None, 256, 256, 64]
2018-05-26 23:15:23,117 INFO     STAGE 2 ...........................
2018-05-26 23:15:23,186 INFO     res2a_branch1: [None, 256, 256, 256]
2018-05-26 23:15:23,258 INFO     res2a_branch2a: [None, 256, 256, 64]
2018-05-26 23:15:23,324 INFO     res2a_branch2b: [None, 256, 256, 64]
2018-05-26 23:15:23,391 INFO     res2a_branch2c: [None, 256, 256, 256]
2018-05-26 23:15:23,394 INFO     relu2a_branch_out: [None, 256, 256, 256]
2018-05-26 23:15:23,461 INFO     res2b_branch2a: [None, 256, 256, 64]
2018-05-26 23:15:23,578 INFO     res2b_branch2b: [None, 256, 256, 64]
2018-05-26 23:15:23,650 INFO     res2b_branch2c: [None, 256, 256, 256]
2018-05-26 23:15:23,652 INFO     relu2b_branch_out: [None, 256, 256, 256]
2018-05-26 23:15:23,720 INFO     res2c_branch2a: [None, 256, 256, 64]
2018-05-26 23:15:23,786 INFO     res2c_branch2b: [None, 256, 256, 64]
2018-05-26 23:15:23,852 INFO     res2c_branch2c: [None, 256, 256, 256]
2018-05-26 23:15:23,854 INFO     relu2c_branch_out: [None, 256, 256, 256]
2018-05-26 23:15:23,854 INFO     STAGE 3 ...........................
2018-05-26 23:15:23,920 INFO     res3a_branch1: [None, 128, 128, 512]
2018-05-26 23:15:23,990 INFO     res3a_branch2a: [None, 128, 128, 128]
2018-05-26 23:15:24,063 INFO     res3a_branch2b: [None, 128, 128, 128]
2018-05-26 23:15:24,130 INFO     res3a_branch2c: [None, 128, 128, 512]
2018-05-26 23:15:24,132 INFO     relu3a_branch_out: [None, 128, 128, 512]
2018-05-26 23:15:24,201 INFO     res3b_branch2a: [None, 128, 128, 128]
2018-05-26 23:15:24,268 INFO     res3b_branch2b: [None, 128, 128, 128]
2018-05-26 23:15:24,337 INFO     res3b_branch2c: [None, 128, 128, 512]
2018-05-26 23:15:24,339 INFO     relu3b_branch_out: [None, 128, 128, 512]
2018-05-26 23:15:24,407 INFO     res3c_branch2a: [None, 128, 128, 128]
2018-05-26 23:15:24,475 INFO     res3c_branch2b: [None, 128, 128, 128]
2018-05-26 23:15:24,542 INFO     res3c_branch2c: [None, 128, 128, 512]
2018-05-26 23:15:24,544 INFO     relu3c_branch_out: [None, 128, 128, 512]
2018-05-26 23:15:24,629 INFO     res3d_branch2a: [None, 128, 128, 128]
2018-05-26 23:15:24,695 INFO     res3d_branch2b: [None, 128, 128, 128]
2018-05-26 23:15:24,761 INFO     res3d_branch2c: [None, 128, 128, 512]
2018-05-26 23:15:24,763 INFO     relu3d_branch_out: [None, 128, 128, 512]
2018-05-26 23:15:24,763 INFO     STAGE 4 ...........................
2018-05-26 23:15:24,829 INFO     res4a_branch1: [None, 64, 64, 1024]
2018-05-26 23:15:24,895 INFO     res4a_branch2a: [None, 64, 64, 256]
2018-05-26 23:15:25,039 INFO     res4a_branch2b: [None, 64, 64, 256]
2018-05-26 23:15:25,105 INFO     res4a_branch2c: [None, 64, 64, 1024]
2018-05-26 23:15:25,108 INFO     relu4a_branch_out: [None, 64, 64, 1024]
2018-05-26 23:15:25,177 INFO     res4b_branch2a: [None, 64, 64, 256]
2018-05-26 23:15:25,244 INFO     res4b_branch2b: [None, 64, 64, 256]
2018-05-26 23:15:25,309 INFO     res4b_branch2c: [None, 64, 64, 1024]
2018-05-26 23:15:25,311 INFO     relu4b_branch_out: [None, 64, 64, 1024]
2018-05-26 23:15:25,379 INFO     res4c_branch2a: [None, 64, 64, 256]
2018-05-26 23:15:25,446 INFO     res4c_branch2b: [None, 64, 64, 256]
2018-05-26 23:15:25,512 INFO     res4c_branch2c: [None, 64, 64, 1024]
2018-05-26 23:15:25,514 INFO     relu4c_branch_out: [None, 64, 64, 1024]
2018-05-26 23:15:25,582 INFO     res4d_branch2a: [None, 64, 64, 256]
2018-05-26 23:15:25,650 INFO     res4d_branch2b: [None, 64, 64, 256]
2018-05-26 23:15:25,715 INFO     res4d_branch2c: [None, 64, 64, 1024]
2018-05-26 23:15:25,718 INFO     relu4d_branch_out: [None, 64, 64, 1024]
2018-05-26 23:15:25,785 INFO     res4e_branch2a: [None, 64, 64, 256]
2018-05-26 23:15:25,851 INFO     res4e_branch2b: [None, 64, 64, 256]
2018-05-26 23:15:25,917 INFO     res4e_branch2c: [None, 64, 64, 1024]
2018-05-26 23:15:25,919 INFO     relu4e_branch_out: [None, 64, 64, 1024]
2018-05-26 23:15:25,986 INFO     res4f_branch2a: [None, 64, 64, 256]
2018-05-26 23:15:26,055 INFO     res4f_branch2b: [None, 64, 64, 256]
2018-05-26 23:15:26,121 INFO     res4f_branch2c: [None, 64, 64, 1024]
2018-05-26 23:15:26,123 INFO     relu4f_branch_out: [None, 64, 64, 1024]
2018-05-26 23:15:26,190 INFO     res4g_branch2a: [None, 64, 64, 256]
2018-05-26 23:15:26,261 INFO     res4g_branch2b: [None, 64, 64, 256]
2018-05-26 23:15:26,327 INFO     res4g_branch2c: [None, 64, 64, 1024]
2018-05-26 23:15:26,330 INFO     relu4g_branch_out: [None, 64, 64, 1024]
2018-05-26 23:15:26,395 INFO     res4h_branch2a: [None, 64, 64, 256]
2018-05-26 23:15:26,552 INFO     res4h_branch2b: [None, 64, 64, 256]
2018-05-26 23:15:26,623 INFO     res4h_branch2c: [None, 64, 64, 1024]
2018-05-26 23:15:26,625 INFO     relu4h_branch_out: [None, 64, 64, 1024]
2018-05-26 23:15:26,692 INFO     res4i_branch2a: [None, 64, 64, 256]
2018-05-26 23:15:26,758 INFO     res4i_branch2b: [None, 64, 64, 256]
2018-05-26 23:15:26,824 INFO     res4i_branch2c: [None, 64, 64, 1024]
2018-05-26 23:15:26,827 INFO     relu4i_branch_out: [None, 64, 64, 1024]
2018-05-26 23:15:26,893 INFO     res4j_branch2a: [None, 64, 64, 256]
2018-05-26 23:15:26,959 INFO     res4j_branch2b: [None, 64, 64, 256]
2018-05-26 23:15:27,028 INFO     res4j_branch2c: [None, 64, 64, 1024]
2018-05-26 23:15:27,030 INFO     relu4j_branch_out: [None, 64, 64, 1024]
2018-05-26 23:15:27,101 INFO     res4k_branch2a: [None, 64, 64, 256]
2018-05-26 23:15:27,168 INFO     res4k_branch2b: [None, 64, 64, 256]
2018-05-26 23:15:27,233 INFO     res4k_branch2c: [None, 64, 64, 1024]
2018-05-26 23:15:27,236 INFO     relu4k_branch_out: [None, 64, 64, 1024]
2018-05-26 23:15:27,302 INFO     res4l_branch2a: [None, 64, 64, 256]
2018-05-26 23:15:27,369 INFO     res4l_branch2b: [None, 64, 64, 256]
2018-05-26 23:15:27,435 INFO     res4l_branch2c: [None, 64, 64, 1024]
2018-05-26 23:15:27,437 INFO     relu4l_branch_out: [None, 64, 64, 1024]
2018-05-26 23:15:27,506 INFO     res4m_branch2a: [None, 64, 64, 256]
2018-05-26 23:15:27,574 INFO     res4m_branch2b: [None, 64, 64, 256]
2018-05-26 23:15:27,640 INFO     res4m_branch2c: [None, 64, 64, 1024]
2018-05-26 23:15:27,643 INFO     relu4m_branch_out: [None, 64, 64, 1024]
2018-05-26 23:15:27,710 INFO     res4n_branch2a: [None, 64, 64, 256]
2018-05-26 23:15:27,777 INFO     res4n_branch2b: [None, 64, 64, 256]
2018-05-26 23:15:27,843 INFO     res4n_branch2c: [None, 64, 64, 1024]
2018-05-26 23:15:27,845 INFO     relu4n_branch_out: [None, 64, 64, 1024]
2018-05-26 23:15:27,912 INFO     res4o_branch2a: [None, 64, 64, 256]
2018-05-26 23:15:27,979 INFO     res4o_branch2b: [None, 64, 64, 256]
2018-05-26 23:15:28,049 INFO     res4o_branch2c: [None, 64, 64, 1024]
2018-05-26 23:15:28,051 INFO     relu4o_branch_out: [None, 64, 64, 1024]
2018-05-26 23:15:28,123 INFO     res4p_branch2a: [None, 64, 64, 256]
2018-05-26 23:15:28,327 INFO     res4p_branch2b: [None, 64, 64, 256]
2018-05-26 23:15:28,397 INFO     res4p_branch2c: [None, 64, 64, 1024]
2018-05-26 23:15:28,399 INFO     relu4p_branch_out: [None, 64, 64, 1024]
2018-05-26 23:15:28,467 INFO     res4q_branch2a: [None, 64, 64, 256]
2018-05-26 23:15:28,536 INFO     res4q_branch2b: [None, 64, 64, 256]
2018-05-26 23:15:28,603 INFO     res4q_branch2c: [None, 64, 64, 1024]
2018-05-26 23:15:28,605 INFO     relu4q_branch_out: [None, 64, 64, 1024]
2018-05-26 23:15:28,679 INFO     res4r_branch2a: [None, 64, 64, 256]
2018-05-26 23:15:28,747 INFO     res4r_branch2b: [None, 64, 64, 256]
2018-05-26 23:15:28,814 INFO     res4r_branch2c: [None, 64, 64, 1024]
2018-05-26 23:15:28,816 INFO     relu4r_branch_out: [None, 64, 64, 1024]
2018-05-26 23:15:28,883 INFO     res4s_branch2a: [None, 64, 64, 256]
2018-05-26 23:15:28,951 INFO     res4s_branch2b: [None, 64, 64, 256]
2018-05-26 23:15:29,024 INFO     res4s_branch2c: [None, 64, 64, 1024]
2018-05-26 23:15:29,027 INFO     relu4s_branch_out: [None, 64, 64, 1024]
2018-05-26 23:15:29,096 INFO     res4t_branch2a: [None, 64, 64, 256]
2018-05-26 23:15:29,168 INFO     res4t_branch2b: [None, 64, 64, 256]
2018-05-26 23:15:29,244 INFO     res4t_branch2c: [None, 64, 64, 1024]
2018-05-26 23:15:29,246 INFO     relu4t_branch_out: [None, 64, 64, 1024]
2018-05-26 23:15:29,318 INFO     res4u_branch2a: [None, 64, 64, 256]
2018-05-26 23:15:29,389 INFO     res4u_branch2b: [None, 64, 64, 256]
2018-05-26 23:15:29,455 INFO     res4u_branch2c: [None, 64, 64, 1024]
2018-05-26 23:15:29,457 INFO     relu4u_branch_out: [None, 64, 64, 1024]
2018-05-26 23:15:29,529 INFO     res4v_branch2a: [None, 64, 64, 256]
2018-05-26 23:15:29,617 INFO     res4v_branch2b: [None, 64, 64, 256]
2018-05-26 23:15:29,686 INFO     res4v_branch2c: [None, 64, 64, 1024]
2018-05-26 23:15:29,688 INFO     relu4v_branch_out: [None, 64, 64, 1024]
2018-05-26 23:15:29,755 INFO     res4w_branch2a: [None, 64, 64, 256]
2018-05-26 23:15:29,822 INFO     res4w_branch2b: [None, 64, 64, 256]
2018-05-26 23:15:29,889 INFO     res4w_branch2c: [None, 64, 64, 1024]
2018-05-26 23:15:29,891 INFO     relu4w_branch_out: [None, 64, 64, 1024]
2018-05-26 23:15:29,891 INFO     STAGE 5 ...........................
2018-05-26 23:15:29,957 INFO     res5a_branch1: [None, 32, 32, 2048]
2018-05-26 23:15:30,027 INFO     res5a_branch2a: [None, 32, 32, 512]
2018-05-26 23:15:30,094 INFO     res5a_branch2b: [None, 32, 32, 512]
2018-05-26 23:15:30,161 INFO     res5a_branch2c: [None, 32, 32, 2048]
2018-05-26 23:15:30,164 INFO     relu5a_branch_out: [None, 32, 32, 2048]
2018-05-26 23:15:30,234 INFO     res5b_branch2a: [None, 32, 32, 512]
2018-05-26 23:15:30,301 INFO     res5b_branch2b: [None, 32, 32, 512]
2018-05-26 23:15:30,372 INFO     res5b_branch2c: [None, 32, 32, 2048]
2018-05-26 23:15:30,374 INFO     relu5b_branch_out: [None, 32, 32, 2048]
2018-05-26 23:15:30,589 INFO     res5c_branch2a: [None, 32, 32, 512]
2018-05-26 23:15:30,659 INFO     res5c_branch2b: [None, 32, 32, 512]
2018-05-26 23:15:30,725 INFO     res5c_branch2c: [None, 32, 32, 2048]
2018-05-26 23:15:30,727 INFO     relu5c_branch_out: [None, 32, 32, 2048]
2018-05-26 23:15:30,728 INFO     Initiating FPN TOP-DOWN .................................
2018-05-26 23:15:30,747 INFO     FPN - M5: [None, 32, 32, 256]
2018-05-26 23:15:30,779 INFO     FPN - M4: [None, 64, 64, 256]
2018-05-26 23:15:30,812 INFO     FPN - M3: [None, 128, 128, 256]
2018-05-26 23:15:30,845 INFO     FPN - M2: [None, 256, 256, 256]
2018-05-26 23:15:30,924 INFO     FPN - P2 = [None, 256, 256, 256], P3 = [None, 128, 128, 256], P4 = [None, 64, 64, 256], P5 = [None, 32, 32, 256]:
