2018-06-20 23:46:24,536 INFO     Anchors: running for..... scales=32, feature_map_shapes=[256 256], feature_map_strides=4
2018-06-20 23:46:24,541 INFO     Anchors: Box width shape = (65536, 3)
2018-06-20 23:46:24,543 INFO     Anchors: Box height shape = (65536, 3)
2018-06-20 23:46:24,543 INFO     Anchors: Box center_x shape = (65536, 3)
2018-06-20 23:46:24,543 INFO     Anchors: Box center_y shape = (65536, 3)
2018-06-20 23:46:24,551 INFO     Anchors: Stacked Box corner coordinates shape = (196608, 4)
2018-06-20 23:46:24,552 INFO     Anchors: running for..... scales=64, feature_map_shapes=[128 128], feature_map_strides=8
2018-06-20 23:46:24,553 INFO     Anchors: Box width shape = (16384, 3)
2018-06-20 23:46:24,554 INFO     Anchors: Box height shape = (16384, 3)
2018-06-20 23:46:24,554 INFO     Anchors: Box center_x shape = (16384, 3)
2018-06-20 23:46:24,554 INFO     Anchors: Box center_y shape = (16384, 3)
2018-06-20 23:46:24,556 INFO     Anchors: Stacked Box corner coordinates shape = (49152, 4)
2018-06-20 23:46:24,561 INFO     Anchors: running for..... scales=128, feature_map_shapes=[64 64], feature_map_strides=16
2018-06-20 23:46:24,561 INFO     Anchors: Box width shape = (4096, 3)
2018-06-20 23:46:24,561 INFO     Anchors: Box height shape = (4096, 3)
2018-06-20 23:46:24,561 INFO     Anchors: Box center_x shape = (4096, 3)
2018-06-20 23:46:24,561 INFO     Anchors: Box center_y shape = (4096, 3)
2018-06-20 23:46:24,563 INFO     Anchors: Stacked Box corner coordinates shape = (12288, 4)
2018-06-20 23:46:24,563 INFO     Anchors: running for..... scales=256, feature_map_shapes=[32 32], feature_map_strides=32
2018-06-20 23:46:24,563 INFO     Anchors: Box width shape = (1024, 3)
2018-06-20 23:46:24,563 INFO     Anchors: Box height shape = (1024, 3)
2018-06-20 23:46:24,563 INFO     Anchors: Box center_x shape = (1024, 3)
2018-06-20 23:46:24,564 INFO     Anchors: Box center_y shape = (1024, 3)
2018-06-20 23:46:24,564 INFO     Anchors: Stacked Box corner coordinates shape = (3072, 4)
2018-06-20 23:46:24,564 INFO     Anchors: running for..... scales=512, feature_map_shapes=[16 16], feature_map_strides=64
2018-06-20 23:46:24,564 INFO     Anchors: Box width shape = (256, 3)
2018-06-20 23:46:24,564 INFO     Anchors: Box height shape = (256, 3)
2018-06-20 23:46:24,564 INFO     Anchors: Box center_x shape = (256, 3)
2018-06-20 23:46:24,565 INFO     Anchors: Box center_y shape = (256, 3)
2018-06-20 23:46:24,565 INFO     Anchors: Stacked Box corner coordinates shape = (768, 4)
2018-06-20 23:46:24,570 INFO     Anchors: concatenated for each stage: shape = (261888, 4)
2018-06-20 23:46:24,570 INFO     Anchors: Broadcast to num_batches: shape = (1, 261888, 4)
2018-06-20 23:46:24,607 INFO     Image height = 1024, width = 1024 ................
2018-06-20 23:46:24,608 INFO     Initiating FPN BOTTOM-UP .................................
2018-06-20 23:46:24,611 INFO     Zero_padded: [None, 1030, 1030, 3]
2018-06-20 23:46:24,611 INFO     STAGE 1 ...........................
2018-06-20 23:46:24,657 INFO     Conv2D: [None, 512, 512, 64]
2018-06-20 23:46:24,660 INFO     MaxPool2d: [None, 256, 256, 64]
2018-06-20 23:46:24,661 INFO     STAGE 2 ...........................
2018-06-20 23:46:24,704 INFO     res2a_branch1: [None, 256, 256, 256]
2018-06-20 23:46:24,752 INFO     res2a_branch2a: [None, 256, 256, 64]
2018-06-20 23:46:24,799 INFO     res2a_branch2b: [None, 256, 256, 64]
2018-06-20 23:46:24,844 INFO     res2a_branch2c: [None, 256, 256, 256]
2018-06-20 23:46:24,846 INFO     relu2a_branch_out: [None, 256, 256, 256]
2018-06-20 23:46:24,894 INFO     res2b_branch2a: [None, 256, 256, 64]
2018-06-20 23:46:24,938 INFO     res2b_branch2b: [None, 256, 256, 64]
2018-06-20 23:46:24,984 INFO     res2b_branch2c: [None, 256, 256, 256]
2018-06-20 23:46:24,986 INFO     relu2b_branch_out: [None, 256, 256, 256]
2018-06-20 23:46:25,031 INFO     res2c_branch2a: [None, 256, 256, 64]
2018-06-20 23:46:25,167 INFO     res2c_branch2b: [None, 256, 256, 64]
2018-06-20 23:46:25,212 INFO     res2c_branch2c: [None, 256, 256, 256]
2018-06-20 23:46:25,214 INFO     relu2c_branch_out: [None, 256, 256, 256]
2018-06-20 23:46:25,214 INFO     STAGE 3 ...........................
2018-06-20 23:46:25,259 INFO     res3a_branch1: [None, 128, 128, 512]
2018-06-20 23:46:25,304 INFO     res3a_branch2a: [None, 128, 128, 128]
2018-06-20 23:46:25,350 INFO     res3a_branch2b: [None, 128, 128, 128]
2018-06-20 23:46:25,397 INFO     res3a_branch2c: [None, 128, 128, 512]
2018-06-20 23:46:25,399 INFO     relu3a_branch_out: [None, 128, 128, 512]
2018-06-20 23:46:25,445 INFO     res3b_branch2a: [None, 128, 128, 128]
2018-06-20 23:46:25,490 INFO     res3b_branch2b: [None, 128, 128, 128]
2018-06-20 23:46:25,536 INFO     res3b_branch2c: [None, 128, 128, 512]
2018-06-20 23:46:25,538 INFO     relu3b_branch_out: [None, 128, 128, 512]
2018-06-20 23:46:25,586 INFO     res3c_branch2a: [None, 128, 128, 128]
2018-06-20 23:46:25,636 INFO     res3c_branch2b: [None, 128, 128, 128]
2018-06-20 23:46:25,680 INFO     res3c_branch2c: [None, 128, 128, 512]
2018-06-20 23:46:25,683 INFO     relu3c_branch_out: [None, 128, 128, 512]
2018-06-20 23:46:25,729 INFO     res3d_branch2a: [None, 128, 128, 128]
2018-06-20 23:46:25,774 INFO     res3d_branch2b: [None, 128, 128, 128]
2018-06-20 23:46:25,818 INFO     res3d_branch2c: [None, 128, 128, 512]
2018-06-20 23:46:25,820 INFO     relu3d_branch_out: [None, 128, 128, 512]
2018-06-20 23:46:25,820 INFO     STAGE 4 ...........................
2018-06-20 23:46:25,864 INFO     res4a_branch1: [None, 64, 64, 1024]
2018-06-20 23:46:25,910 INFO     res4a_branch2a: [None, 64, 64, 256]
2018-06-20 23:46:25,954 INFO     res4a_branch2b: [None, 64, 64, 256]
2018-06-20 23:46:25,999 INFO     res4a_branch2c: [None, 64, 64, 1024]
2018-06-20 23:46:26,001 INFO     relu4a_branch_out: [None, 64, 64, 1024]
2018-06-20 23:46:26,046 INFO     res4b_branch2a: [None, 64, 64, 256]
2018-06-20 23:46:26,092 INFO     res4b_branch2b: [None, 64, 64, 256]
2018-06-20 23:46:26,136 INFO     res4b_branch2c: [None, 64, 64, 1024]
2018-06-20 23:46:26,138 INFO     relu4b_branch_out: [None, 64, 64, 1024]
2018-06-20 23:46:26,283 INFO     res4c_branch2a: [None, 64, 64, 256]
2018-06-20 23:46:26,329 INFO     res4c_branch2b: [None, 64, 64, 256]
2018-06-20 23:46:26,377 INFO     res4c_branch2c: [None, 64, 64, 1024]
2018-06-20 23:46:26,379 INFO     relu4c_branch_out: [None, 64, 64, 1024]
2018-06-20 23:46:26,424 INFO     res4d_branch2a: [None, 64, 64, 256]
2018-06-20 23:46:26,470 INFO     res4d_branch2b: [None, 64, 64, 256]
2018-06-20 23:46:26,514 INFO     res4d_branch2c: [None, 64, 64, 1024]
2018-06-20 23:46:26,517 INFO     relu4d_branch_out: [None, 64, 64, 1024]
2018-06-20 23:46:26,563 INFO     res4e_branch2a: [None, 64, 64, 256]
2018-06-20 23:46:26,607 INFO     res4e_branch2b: [None, 64, 64, 256]
2018-06-20 23:46:26,652 INFO     res4e_branch2c: [None, 64, 64, 1024]
2018-06-20 23:46:26,655 INFO     relu4e_branch_out: [None, 64, 64, 1024]
2018-06-20 23:46:26,701 INFO     res4f_branch2a: [None, 64, 64, 256]
2018-06-20 23:46:26,749 INFO     res4f_branch2b: [None, 64, 64, 256]
2018-06-20 23:46:26,793 INFO     res4f_branch2c: [None, 64, 64, 1024]
2018-06-20 23:46:26,795 INFO     relu4f_branch_out: [None, 64, 64, 1024]
2018-06-20 23:46:26,841 INFO     res4g_branch2a: [None, 64, 64, 256]
2018-06-20 23:46:26,886 INFO     res4g_branch2b: [None, 64, 64, 256]
2018-06-20 23:46:26,930 INFO     res4g_branch2c: [None, 64, 64, 1024]
2018-06-20 23:46:26,932 INFO     relu4g_branch_out: [None, 64, 64, 1024]
2018-06-20 23:46:26,978 INFO     res4h_branch2a: [None, 64, 64, 256]
2018-06-20 23:46:27,023 INFO     res4h_branch2b: [None, 64, 64, 256]
2018-06-20 23:46:27,067 INFO     res4h_branch2c: [None, 64, 64, 1024]
2018-06-20 23:46:27,070 INFO     relu4h_branch_out: [None, 64, 64, 1024]
2018-06-20 23:46:27,115 INFO     res4i_branch2a: [None, 64, 64, 256]
2018-06-20 23:46:27,161 INFO     res4i_branch2b: [None, 64, 64, 256]
2018-06-20 23:46:27,206 INFO     res4i_branch2c: [None, 64, 64, 1024]
2018-06-20 23:46:27,208 INFO     relu4i_branch_out: [None, 64, 64, 1024]
2018-06-20 23:46:27,254 INFO     res4j_branch2a: [None, 64, 64, 256]
2018-06-20 23:46:27,299 INFO     res4j_branch2b: [None, 64, 64, 256]
2018-06-20 23:46:27,343 INFO     res4j_branch2c: [None, 64, 64, 1024]
2018-06-20 23:46:27,345 INFO     relu4j_branch_out: [None, 64, 64, 1024]
2018-06-20 23:46:27,391 INFO     res4k_branch2a: [None, 64, 64, 256]
2018-06-20 23:46:27,436 INFO     res4k_branch2b: [None, 64, 64, 256]
2018-06-20 23:46:27,599 INFO     res4k_branch2c: [None, 64, 64, 1024]
2018-06-20 23:46:27,602 INFO     relu4k_branch_out: [None, 64, 64, 1024]
2018-06-20 23:46:27,647 INFO     res4l_branch2a: [None, 64, 64, 256]
2018-06-20 23:46:27,693 INFO     res4l_branch2b: [None, 64, 64, 256]
2018-06-20 23:46:27,737 INFO     res4l_branch2c: [None, 64, 64, 1024]
2018-06-20 23:46:27,739 INFO     relu4l_branch_out: [None, 64, 64, 1024]
2018-06-20 23:46:27,784 INFO     res4m_branch2a: [None, 64, 64, 256]
2018-06-20 23:46:27,829 INFO     res4m_branch2b: [None, 64, 64, 256]
2018-06-20 23:46:27,874 INFO     res4m_branch2c: [None, 64, 64, 1024]
2018-06-20 23:46:27,876 INFO     relu4m_branch_out: [None, 64, 64, 1024]
2018-06-20 23:46:27,922 INFO     res4n_branch2a: [None, 64, 64, 256]
2018-06-20 23:46:27,969 INFO     res4n_branch2b: [None, 64, 64, 256]
2018-06-20 23:46:28,012 INFO     res4n_branch2c: [None, 64, 64, 1024]
2018-06-20 23:46:28,015 INFO     relu4n_branch_out: [None, 64, 64, 1024]
2018-06-20 23:46:28,061 INFO     res4o_branch2a: [None, 64, 64, 256]
2018-06-20 23:46:28,107 INFO     res4o_branch2b: [None, 64, 64, 256]
2018-06-20 23:46:28,153 INFO     res4o_branch2c: [None, 64, 64, 1024]
2018-06-20 23:46:28,155 INFO     relu4o_branch_out: [None, 64, 64, 1024]
2018-06-20 23:46:28,200 INFO     res4p_branch2a: [None, 64, 64, 256]
2018-06-20 23:46:28,246 INFO     res4p_branch2b: [None, 64, 64, 256]
2018-06-20 23:46:28,291 INFO     res4p_branch2c: [None, 64, 64, 1024]
2018-06-20 23:46:28,293 INFO     relu4p_branch_out: [None, 64, 64, 1024]
2018-06-20 23:46:28,338 INFO     res4q_branch2a: [None, 64, 64, 256]
2018-06-20 23:46:28,384 INFO     res4q_branch2b: [None, 64, 64, 256]
2018-06-20 23:46:28,428 INFO     res4q_branch2c: [None, 64, 64, 1024]
2018-06-20 23:46:28,431 INFO     relu4q_branch_out: [None, 64, 64, 1024]
2018-06-20 23:46:28,475 INFO     res4r_branch2a: [None, 64, 64, 256]
2018-06-20 23:46:28,520 INFO     res4r_branch2b: [None, 64, 64, 256]
2018-06-20 23:46:28,565 INFO     res4r_branch2c: [None, 64, 64, 1024]
2018-06-20 23:46:28,567 INFO     relu4r_branch_out: [None, 64, 64, 1024]
2018-06-20 23:46:28,612 INFO     res4s_branch2a: [None, 64, 64, 256]
2018-06-20 23:46:28,656 INFO     res4s_branch2b: [None, 64, 64, 256]
2018-06-20 23:46:28,701 INFO     res4s_branch2c: [None, 64, 64, 1024]
2018-06-20 23:46:28,703 INFO     relu4s_branch_out: [None, 64, 64, 1024]
2018-06-20 23:46:28,748 INFO     res4t_branch2a: [None, 64, 64, 256]
2018-06-20 23:46:28,793 INFO     res4t_branch2b: [None, 64, 64, 256]
2018-06-20 23:46:28,836 INFO     res4t_branch2c: [None, 64, 64, 1024]
2018-06-20 23:46:28,839 INFO     relu4t_branch_out: [None, 64, 64, 1024]
2018-06-20 23:46:28,884 INFO     res4u_branch2a: [None, 64, 64, 256]
2018-06-20 23:46:28,929 INFO     res4u_branch2b: [None, 64, 64, 256]
2018-06-20 23:46:28,973 INFO     res4u_branch2c: [None, 64, 64, 1024]
2018-06-20 23:46:28,975 INFO     relu4u_branch_out: [None, 64, 64, 1024]
2018-06-20 23:46:29,020 INFO     res4v_branch2a: [None, 64, 64, 256]
2018-06-20 23:46:29,065 INFO     res4v_branch2b: [None, 64, 64, 256]
2018-06-20 23:46:29,253 INFO     res4v_branch2c: [None, 64, 64, 1024]
2018-06-20 23:46:29,255 INFO     relu4v_branch_out: [None, 64, 64, 1024]
2018-06-20 23:46:29,300 INFO     res4w_branch2a: [None, 64, 64, 256]
2018-06-20 23:46:29,345 INFO     res4w_branch2b: [None, 64, 64, 256]
2018-06-20 23:46:29,389 INFO     res4w_branch2c: [None, 64, 64, 1024]
2018-06-20 23:46:29,391 INFO     relu4w_branch_out: [None, 64, 64, 1024]
2018-06-20 23:46:29,391 INFO     STAGE 5 ...........................
2018-06-20 23:46:29,438 INFO     res5a_branch1: [None, 32, 32, 2048]
2018-06-20 23:46:29,485 INFO     res5a_branch2a: [None, 32, 32, 512]
2018-06-20 23:46:29,534 INFO     res5a_branch2b: [None, 32, 32, 512]
2018-06-20 23:46:29,577 INFO     res5a_branch2c: [None, 32, 32, 2048]
2018-06-20 23:46:29,580 INFO     relu5a_branch_out: [None, 32, 32, 2048]
2018-06-20 23:46:29,630 INFO     res5b_branch2a: [None, 32, 32, 512]
2018-06-20 23:46:29,675 INFO     res5b_branch2b: [None, 32, 32, 512]
2018-06-20 23:46:29,719 INFO     res5b_branch2c: [None, 32, 32, 2048]
2018-06-20 23:46:29,721 INFO     relu5b_branch_out: [None, 32, 32, 2048]
2018-06-20 23:46:29,766 INFO     res5c_branch2a: [None, 32, 32, 512]
2018-06-20 23:46:29,812 INFO     res5c_branch2b: [None, 32, 32, 512]
2018-06-20 23:46:29,860 INFO     res5c_branch2c: [None, 32, 32, 2048]
2018-06-20 23:46:29,863 INFO     relu5c_branch_out: [None, 32, 32, 2048]
2018-06-20 23:46:29,863 INFO     Initiating FPN TOP-DOWN .................................
2018-06-20 23:46:29,886 INFO     FPN - M5: [None, 32, 32, 256]
2018-06-20 23:46:29,918 INFO     FPN - M4: [None, 64, 64, 256]
2018-06-20 23:46:29,950 INFO     FPN - M3: [None, 128, 128, 256]
2018-06-20 23:46:29,983 INFO     FPN - M2: [None, 256, 256, 256]
2018-06-20 23:46:30,063 INFO     FPN - P2 = [None, 256, 256, 256], P3 = [None, 128, 128, 256], P4 = [None, 64, 64, 256], P5 = [None, 32, 32, 256]:
2018-06-20 23:46:30,093 INFO     RPN - Shared_conv: [None, None, None, 512]
2018-06-20 23:46:30,116 INFO     RPN - Conv Class: [None, None, None, 6]
2018-06-20 23:46:30,129 INFO     rpn_class_logits: [None, None, 2]
2018-06-20 23:46:30,146 INFO     rpn_class_probs: [None, None, 2]
2018-06-20 23:46:30,168 INFO     RPN - Conv Bbox: [None, None, None, 12]
2018-06-20 23:46:30,180 INFO     rpn_bbox: [None, None, 4]
2018-06-20 23:46:30,191 INFO     Foreground_probs shape: (?, ?)
2018-06-20 23:46:30,193 INFO     bbox_delta shape: (?, ?, 4)
2018-06-20 23:46:30,193 INFO     anchors shape: (?, ?, 4)
2018-06-20 23:46:30,202 INFO     max_anc_before_nms shape: Tensor("Minimum:0", shape=(), dtype=int32)
2018-06-20 23:46:30,205 INFO     ix shape: [None, None]
2018-06-20 23:46:30,245 INFO     scores shape = (?, ?)
2018-06-20 23:46:30,246 INFO     Box delta shape = (?, ?, 4)
2018-06-20 23:46:30,248 INFO     anchors shape = (?, ?, 4)
2018-06-20 23:46:30,399 INFO     bx_nw shape: [1, None, None]
2018-06-20 23:46:33,765 INFO     w:0, scope_name = conv1, pre-trained.shape = (7, 7, 3, 64), variable.shape = (7, 7, 3, 64)
2018-06-20 23:46:33,853 INFO     b:0, scope_name = conv1, pre-trained.shape = (64,), variable.shape = (64,)
2018-06-20 23:46:33,945 INFO     gamma:0, scope_name = bn_conv1, pre-trained.shape = (64,), variable.shape = (64,)
2018-06-20 23:46:34,036 INFO     beta:0, scope_name = bn_conv1, pre-trained.shape = (64,), variable.shape = (64,)
2018-06-20 23:46:34,123 INFO     m:0, scope_name = bn_conv1, pre-trained.shape = (64,), variable.shape = (64,)
2018-06-20 23:46:34,211 INFO     v:0, scope_name = bn_conv1, pre-trained.shape = (64,), variable.shape = (64,)
2018-06-20 23:46:34,300 INFO     w:0, scope_name = res2a_branch1, pre-trained.shape = (1, 1, 64, 256), variable.shape = (1, 1, 64, 256)
2018-06-20 23:46:34,392 INFO     b:0, scope_name = res2a_branch1, pre-trained.shape = (256,), variable.shape = (256,)
2018-06-20 23:46:34,482 INFO     gamma:0, scope_name = bn2a_branch1, pre-trained.shape = (256,), variable.shape = (256,)
2018-06-20 23:46:34,573 INFO     beta:0, scope_name = bn2a_branch1, pre-trained.shape = (256,), variable.shape = (256,)
2018-06-20 23:46:34,660 INFO     m:0, scope_name = bn2a_branch1, pre-trained.shape = (256,), variable.shape = (256,)
2018-06-20 23:46:34,746 INFO     v:0, scope_name = bn2a_branch1, pre-trained.shape = (256,), variable.shape = (256,)
2018-06-20 23:46:34,835 INFO     w:0, scope_name = res2a_branch2a, pre-trained.shape = (1, 1, 64, 64), variable.shape = (1, 1, 64, 64)
2018-06-20 23:46:34,925 INFO     b:0, scope_name = res2a_branch2a, pre-trained.shape = (64,), variable.shape = (64,)
2018-06-20 23:46:35,009 INFO     gamma:0, scope_name = bn2a_branch2a, pre-trained.shape = (64,), variable.shape = (64,)
2018-06-20 23:46:35,092 INFO     beta:0, scope_name = bn2a_branch2a, pre-trained.shape = (64,), variable.shape = (64,)
2018-06-20 23:46:35,176 INFO     m:0, scope_name = bn2a_branch2a, pre-trained.shape = (64,), variable.shape = (64,)
2018-06-20 23:46:35,270 INFO     v:0, scope_name = bn2a_branch2a, pre-trained.shape = (64,), variable.shape = (64,)
2018-06-20 23:46:35,358 INFO     w:0, scope_name = res2a_branch2b, pre-trained.shape = (3, 3, 64, 64), variable.shape = (3, 3, 64, 64)
2018-06-20 23:46:35,446 INFO     b:0, scope_name = res2a_branch2b, pre-trained.shape = (64,), variable.shape = (64,)
2018-06-20 23:46:35,540 INFO     gamma:0, scope_name = bn2a_branch2b, pre-trained.shape = (64,), variable.shape = (64,)
2018-06-20 23:46:35,630 INFO     beta:0, scope_name = bn2a_branch2b, pre-trained.shape = (64,), variable.shape = (64,)
2018-06-20 23:46:35,721 INFO     m:0, scope_name = bn2a_branch2b, pre-trained.shape = (64,), variable.shape = (64,)
2018-06-20 23:46:35,807 INFO     v:0, scope_name = bn2a_branch2b, pre-trained.shape = (64,), variable.shape = (64,)
2018-06-20 23:46:35,900 INFO     w:0, scope_name = res2a_branch2c, pre-trained.shape = (1, 1, 64, 256), variable.shape = (1, 1, 64, 256)
2018-06-20 23:46:35,985 INFO     b:0, scope_name = res2a_branch2c, pre-trained.shape = (256,), variable.shape = (256,)
2018-06-20 23:46:36,079 INFO     gamma:0, scope_name = bn2a_branch2c, pre-trained.shape = (256,), variable.shape = (256,)
2018-06-20 23:46:36,170 INFO     beta:0, scope_name = bn2a_branch2c, pre-trained.shape = (256,), variable.shape = (256,)
2018-06-20 23:46:36,256 INFO     m:0, scope_name = bn2a_branch2c, pre-trained.shape = (256,), variable.shape = (256,)
2018-06-20 23:46:36,352 INFO     v:0, scope_name = bn2a_branch2c, pre-trained.shape = (256,), variable.shape = (256,)
2018-06-20 23:46:36,447 INFO     w:0, scope_name = res2b_branch2a, pre-trained.shape = (1, 1, 256, 64), variable.shape = (1, 1, 256, 64)
2018-06-20 23:46:36,541 INFO     b:0, scope_name = res2b_branch2a, pre-trained.shape = (64,), variable.shape = (64,)
2018-06-20 23:46:36,630 INFO     gamma:0, scope_name = bn2b_branch2a, pre-trained.shape = (64,), variable.shape = (64,)
2018-06-20 23:46:36,721 INFO     beta:0, scope_name = bn2b_branch2a, pre-trained.shape = (64,), variable.shape = (64,)
2018-06-20 23:46:36,814 INFO     m:0, scope_name = bn2b_branch2a, pre-trained.shape = (64,), variable.shape = (64,)
2018-06-20 23:46:36,908 INFO     v:0, scope_name = bn2b_branch2a, pre-trained.shape = (64,), variable.shape = (64,)
2018-06-20 23:46:36,998 INFO     w:0, scope_name = res2b_branch2b, pre-trained.shape = (3, 3, 64, 64), variable.shape = (3, 3, 64, 64)
2018-06-20 23:46:37,085 INFO     b:0, scope_name = res2b_branch2b, pre-trained.shape = (64,), variable.shape = (64,)
2018-06-20 23:46:37,181 INFO     gamma:0, scope_name = bn2b_branch2b, pre-trained.shape = (64,), variable.shape = (64,)
2018-06-20 23:46:37,273 INFO     beta:0, scope_name = bn2b_branch2b, pre-trained.shape = (64,), variable.shape = (64,)
2018-06-20 23:46:37,366 INFO     m:0, scope_name = bn2b_branch2b, pre-trained.shape = (64,), variable.shape = (64,)
2018-06-20 23:46:37,454 INFO     v:0, scope_name = bn2b_branch2b, pre-trained.shape = (64,), variable.shape = (64,)
2018-06-20 23:46:37,545 INFO     w:0, scope_name = res2b_branch2c, pre-trained.shape = (1, 1, 64, 256), variable.shape = (1, 1, 64, 256)
2018-06-20 23:46:37,642 INFO     b:0, scope_name = res2b_branch2c, pre-trained.shape = (256,), variable.shape = (256,)
2018-06-20 23:46:37,736 INFO     gamma:0, scope_name = bn2b_branch2c, pre-trained.shape = (256,), variable.shape = (256,)
2018-06-20 23:46:37,828 INFO     beta:0, scope_name = bn2b_branch2c, pre-trained.shape = (256,), variable.shape = (256,)
2018-06-20 23:46:37,918 INFO     m:0, scope_name = bn2b_branch2c, pre-trained.shape = (256,), variable.shape = (256,)
2018-06-20 23:46:38,005 INFO     v:0, scope_name = bn2b_branch2c, pre-trained.shape = (256,), variable.shape = (256,)
2018-06-20 23:46:38,100 INFO     w:0, scope_name = res2c_branch2a, pre-trained.shape = (1, 1, 256, 64), variable.shape = (1, 1, 256, 64)
2018-06-20 23:46:38,191 INFO     b:0, scope_name = res2c_branch2a, pre-trained.shape = (64,), variable.shape = (64,)
2018-06-20 23:46:38,284 INFO     gamma:0, scope_name = bn2c_branch2a, pre-trained.shape = (64,), variable.shape = (64,)
2018-06-20 23:46:38,378 INFO     beta:0, scope_name = bn2c_branch2a, pre-trained.shape = (64,), variable.shape = (64,)
2018-06-20 23:46:38,470 INFO     m:0, scope_name = bn2c_branch2a, pre-trained.shape = (64,), variable.shape = (64,)
2018-06-20 23:46:38,562 INFO     v:0, scope_name = bn2c_branch2a, pre-trained.shape = (64,), variable.shape = (64,)
2018-06-20 23:46:38,655 INFO     w:0, scope_name = res2c_branch2b, pre-trained.shape = (3, 3, 64, 64), variable.shape = (3, 3, 64, 64)
2018-06-20 23:46:38,749 INFO     b:0, scope_name = res2c_branch2b, pre-trained.shape = (64,), variable.shape = (64,)
2018-06-20 23:46:38,844 INFO     gamma:0, scope_name = bn2c_branch2b, pre-trained.shape = (64,), variable.shape = (64,)
2018-06-20 23:46:38,933 INFO     beta:0, scope_name = bn2c_branch2b, pre-trained.shape = (64,), variable.shape = (64,)
2018-06-20 23:46:39,021 INFO     m:0, scope_name = bn2c_branch2b, pre-trained.shape = (64,), variable.shape = (64,)
2018-06-20 23:46:39,114 INFO     v:0, scope_name = bn2c_branch2b, pre-trained.shape = (64,), variable.shape = (64,)
2018-06-20 23:46:39,205 INFO     w:0, scope_name = res2c_branch2c, pre-trained.shape = (1, 1, 64, 256), variable.shape = (1, 1, 64, 256)
2018-06-20 23:46:39,301 INFO     b:0, scope_name = res2c_branch2c, pre-trained.shape = (256,), variable.shape = (256,)
2018-06-20 23:46:39,394 INFO     gamma:0, scope_name = bn2c_branch2c, pre-trained.shape = (256,), variable.shape = (256,)
2018-06-20 23:46:39,486 INFO     beta:0, scope_name = bn2c_branch2c, pre-trained.shape = (256,), variable.shape = (256,)
2018-06-20 23:46:39,579 INFO     m:0, scope_name = bn2c_branch2c, pre-trained.shape = (256,), variable.shape = (256,)
2018-06-20 23:46:39,673 INFO     v:0, scope_name = bn2c_branch2c, pre-trained.shape = (256,), variable.shape = (256,)
2018-06-20 23:46:39,766 INFO     w:0, scope_name = res3a_branch1, pre-trained.shape = (1, 1, 256, 512), variable.shape = (1, 1, 256, 512)
2018-06-20 23:46:39,859 INFO     b:0, scope_name = res3a_branch1, pre-trained.shape = (512,), variable.shape = (512,)
2018-06-20 23:46:39,953 INFO     gamma:0, scope_name = bn3a_branch1, pre-trained.shape = (512,), variable.shape = (512,)
2018-06-20 23:46:40,044 INFO     beta:0, scope_name = bn3a_branch1, pre-trained.shape = (512,), variable.shape = (512,)
2018-06-20 23:46:40,133 INFO     m:0, scope_name = bn3a_branch1, pre-trained.shape = (512,), variable.shape = (512,)
2018-06-20 23:46:40,221 INFO     v:0, scope_name = bn3a_branch1, pre-trained.shape = (512,), variable.shape = (512,)
2018-06-20 23:46:40,320 INFO     w:0, scope_name = res3a_branch2a, pre-trained.shape = (1, 1, 256, 128), variable.shape = (1, 1, 256, 128)
2018-06-20 23:46:40,414 INFO     b:0, scope_name = res3a_branch2a, pre-trained.shape = (128,), variable.shape = (128,)
2018-06-20 23:46:40,512 INFO     gamma:0, scope_name = bn3a_branch2a, pre-trained.shape = (128,), variable.shape = (128,)
2018-06-20 23:46:40,606 INFO     beta:0, scope_name = bn3a_branch2a, pre-trained.shape = (128,), variable.shape = (128,)
2018-06-20 23:46:40,702 INFO     m:0, scope_name = bn3a_branch2a, pre-trained.shape = (128,), variable.shape = (128,)
2018-06-20 23:46:40,796 INFO     v:0, scope_name = bn3a_branch2a, pre-trained.shape = (128,), variable.shape = (128,)
2018-06-20 23:46:40,893 INFO     w:0, scope_name = res3a_branch2b, pre-trained.shape = (3, 3, 128, 128), variable.shape = (3, 3, 128, 128)
2018-06-20 23:46:40,986 INFO     b:0, scope_name = res3a_branch2b, pre-trained.shape = (128,), variable.shape = (128,)
2018-06-20 23:46:41,078 INFO     gamma:0, scope_name = bn3a_branch2b, pre-trained.shape = (128,), variable.shape = (128,)
2018-06-20 23:46:41,171 INFO     beta:0, scope_name = bn3a_branch2b, pre-trained.shape = (128,), variable.shape = (128,)
2018-06-20 23:46:41,266 INFO     m:0, scope_name = bn3a_branch2b, pre-trained.shape = (128,), variable.shape = (128,)
2018-06-20 23:46:41,362 INFO     v:0, scope_name = bn3a_branch2b, pre-trained.shape = (128,), variable.shape = (128,)
2018-06-20 23:46:41,452 INFO     w:0, scope_name = res3a_branch2c, pre-trained.shape = (1, 1, 128, 512), variable.shape = (1, 1, 128, 512)
2018-06-20 23:46:41,553 INFO     b:0, scope_name = res3a_branch2c, pre-trained.shape = (512,), variable.shape = (512,)
2018-06-20 23:46:41,644 INFO     gamma:0, scope_name = bn3a_branch2c, pre-trained.shape = (512,), variable.shape = (512,)
2018-06-20 23:46:41,734 INFO     beta:0, scope_name = bn3a_branch2c, pre-trained.shape = (512,), variable.shape = (512,)
2018-06-20 23:46:41,836 INFO     m:0, scope_name = bn3a_branch2c, pre-trained.shape = (512,), variable.shape = (512,)
2018-06-20 23:46:41,930 INFO     v:0, scope_name = bn3a_branch2c, pre-trained.shape = (512,), variable.shape = (512,)
2018-06-20 23:46:42,024 INFO     w:0, scope_name = res3b_branch2a, pre-trained.shape = (1, 1, 512, 128), variable.shape = (1, 1, 512, 128)
2018-06-20 23:46:42,113 INFO     b:0, scope_name = res3b_branch2a, pre-trained.shape = (128,), variable.shape = (128,)
2018-06-20 23:46:42,209 INFO     gamma:0, scope_name = bn3b_branch2a, pre-trained.shape = (128,), variable.shape = (128,)
2018-06-20 23:46:42,296 INFO     beta:0, scope_name = bn3b_branch2a, pre-trained.shape = (128,), variable.shape = (128,)
2018-06-20 23:46:42,396 INFO     m:0, scope_name = bn3b_branch2a, pre-trained.shape = (128,), variable.shape = (128,)
2018-06-20 23:46:42,490 INFO     v:0, scope_name = bn3b_branch2a, pre-trained.shape = (128,), variable.shape = (128,)
2018-06-20 23:46:42,585 INFO     w:0, scope_name = res3b_branch2b, pre-trained.shape = (3, 3, 128, 128), variable.shape = (3, 3, 128, 128)
2018-06-20 23:46:42,683 INFO     b:0, scope_name = res3b_branch2b, pre-trained.shape = (128,), variable.shape = (128,)
2018-06-20 23:46:42,778 INFO     gamma:0, scope_name = bn3b_branch2b, pre-trained.shape = (128,), variable.shape = (128,)
2018-06-20 23:46:42,873 INFO     beta:0, scope_name = bn3b_branch2b, pre-trained.shape = (128,), variable.shape = (128,)
2018-06-20 23:46:42,970 INFO     m:0, scope_name = bn3b_branch2b, pre-trained.shape = (128,), variable.shape = (128,)
2018-06-20 23:46:43,059 INFO     v:0, scope_name = bn3b_branch2b, pre-trained.shape = (128,), variable.shape = (128,)
2018-06-20 23:46:43,152 INFO     w:0, scope_name = res3b_branch2c, pre-trained.shape = (1, 1, 128, 512), variable.shape = (1, 1, 128, 512)
2018-06-20 23:46:43,244 INFO     b:0, scope_name = res3b_branch2c, pre-trained.shape = (512,), variable.shape = (512,)
2018-06-20 23:46:43,336 INFO     gamma:0, scope_name = bn3b_branch2c, pre-trained.shape = (512,), variable.shape = (512,)
2018-06-20 23:46:43,424 INFO     beta:0, scope_name = bn3b_branch2c, pre-trained.shape = (512,), variable.shape = (512,)
2018-06-20 23:46:43,523 INFO     m:0, scope_name = bn3b_branch2c, pre-trained.shape = (512,), variable.shape = (512,)
2018-06-20 23:46:43,613 INFO     v:0, scope_name = bn3b_branch2c, pre-trained.shape = (512,), variable.shape = (512,)
2018-06-20 23:46:43,710 INFO     w:0, scope_name = res3c_branch2a, pre-trained.shape = (1, 1, 512, 128), variable.shape = (1, 1, 512, 128)
2018-06-20 23:46:43,806 INFO     b:0, scope_name = res3c_branch2a, pre-trained.shape = (128,), variable.shape = (128,)
2018-06-20 23:46:43,897 INFO     gamma:0, scope_name = bn3c_branch2a, pre-trained.shape = (128,), variable.shape = (128,)
2018-06-20 23:46:43,997 INFO     beta:0, scope_name = bn3c_branch2a, pre-trained.shape = (128,), variable.shape = (128,)
2018-06-20 23:46:44,092 INFO     m:0, scope_name = bn3c_branch2a, pre-trained.shape = (128,), variable.shape = (128,)
2018-06-20 23:46:44,194 INFO     v:0, scope_name = bn3c_branch2a, pre-trained.shape = (128,), variable.shape = (128,)
2018-06-20 23:46:44,290 INFO     w:0, scope_name = res3c_branch2b, pre-trained.shape = (3, 3, 128, 128), variable.shape = (3, 3, 128, 128)
2018-06-20 23:46:44,388 INFO     b:0, scope_name = res3c_branch2b, pre-trained.shape = (128,), variable.shape = (128,)
2018-06-20 23:46:44,487 INFO     gamma:0, scope_name = bn3c_branch2b, pre-trained.shape = (128,), variable.shape = (128,)
2018-06-20 23:46:44,582 INFO     beta:0, scope_name = bn3c_branch2b, pre-trained.shape = (128,), variable.shape = (128,)
2018-06-20 23:46:44,677 INFO     m:0, scope_name = bn3c_branch2b, pre-trained.shape = (128,), variable.shape = (128,)
2018-06-20 23:46:44,772 INFO     v:0, scope_name = bn3c_branch2b, pre-trained.shape = (128,), variable.shape = (128,)
2018-06-20 23:46:44,861 INFO     w:0, scope_name = res3c_branch2c, pre-trained.shape = (1, 1, 128, 512), variable.shape = (1, 1, 128, 512)
2018-06-20 23:46:44,962 INFO     b:0, scope_name = res3c_branch2c, pre-trained.shape = (512,), variable.shape = (512,)
2018-06-20 23:46:45,060 INFO     gamma:0, scope_name = bn3c_branch2c, pre-trained.shape = (512,), variable.shape = (512,)
2018-06-20 23:46:45,155 INFO     beta:0, scope_name = bn3c_branch2c, pre-trained.shape = (512,), variable.shape = (512,)
2018-06-20 23:46:45,247 INFO     m:0, scope_name = bn3c_branch2c, pre-trained.shape = (512,), variable.shape = (512,)
2018-06-20 23:46:45,343 INFO     v:0, scope_name = bn3c_branch2c, pre-trained.shape = (512,), variable.shape = (512,)
2018-06-20 23:46:45,440 INFO     w:0, scope_name = res3d_branch2a, pre-trained.shape = (1, 1, 512, 128), variable.shape = (1, 1, 512, 128)
2018-06-20 23:46:45,541 INFO     b:0, scope_name = res3d_branch2a, pre-trained.shape = (128,), variable.shape = (128,)
2018-06-20 23:46:45,634 INFO     gamma:0, scope_name = bn3d_branch2a, pre-trained.shape = (128,), variable.shape = (128,)
2018-06-20 23:46:45,735 INFO     beta:0, scope_name = bn3d_branch2a, pre-trained.shape = (128,), variable.shape = (128,)
2018-06-20 23:46:45,829 INFO     m:0, scope_name = bn3d_branch2a, pre-trained.shape = (128,), variable.shape = (128,)
2018-06-20 23:46:45,929 INFO     v:0, scope_name = bn3d_branch2a, pre-trained.shape = (128,), variable.shape = (128,)
2018-06-20 23:46:46,021 INFO     w:0, scope_name = res3d_branch2b, pre-trained.shape = (3, 3, 128, 128), variable.shape = (3, 3, 128, 128)
2018-06-20 23:46:46,122 INFO     b:0, scope_name = res3d_branch2b, pre-trained.shape = (128,), variable.shape = (128,)
2018-06-20 23:46:46,215 INFO     gamma:0, scope_name = bn3d_branch2b, pre-trained.shape = (128,), variable.shape = (128,)
2018-06-20 23:46:46,315 INFO     beta:0, scope_name = bn3d_branch2b, pre-trained.shape = (128,), variable.shape = (128,)
2018-06-20 23:46:46,417 INFO     m:0, scope_name = bn3d_branch2b, pre-trained.shape = (128,), variable.shape = (128,)
2018-06-20 23:46:46,513 INFO     v:0, scope_name = bn3d_branch2b, pre-trained.shape = (128,), variable.shape = (128,)
2018-06-20 23:46:46,609 INFO     w:0, scope_name = res3d_branch2c, pre-trained.shape = (1, 1, 128, 512), variable.shape = (1, 1, 128, 512)
2018-06-20 23:46:46,706 INFO     b:0, scope_name = res3d_branch2c, pre-trained.shape = (512,), variable.shape = (512,)
2018-06-20 23:46:46,807 INFO     gamma:0, scope_name = bn3d_branch2c, pre-trained.shape = (512,), variable.shape = (512,)
2018-06-20 23:46:46,903 INFO     beta:0, scope_name = bn3d_branch2c, pre-trained.shape = (512,), variable.shape = (512,)
2018-06-20 23:46:47,001 INFO     m:0, scope_name = bn3d_branch2c, pre-trained.shape = (512,), variable.shape = (512,)
2018-06-20 23:46:47,095 INFO     v:0, scope_name = bn3d_branch2c, pre-trained.shape = (512,), variable.shape = (512,)
2018-06-20 23:46:47,197 INFO     w:0, scope_name = res4a_branch1, pre-trained.shape = (1, 1, 512, 1024), variable.shape = (1, 1, 512, 1024)
2018-06-20 23:46:47,295 INFO     b:0, scope_name = res4a_branch1, pre-trained.shape = (1024,), variable.shape = (1024,)
2018-06-20 23:46:47,391 INFO     gamma:0, scope_name = bn4a_branch1, pre-trained.shape = (1024,), variable.shape = (1024,)
2018-06-20 23:46:47,489 INFO     beta:0, scope_name = bn4a_branch1, pre-trained.shape = (1024,), variable.shape = (1024,)
2018-06-20 23:46:47,588 INFO     m:0, scope_name = bn4a_branch1, pre-trained.shape = (1024,), variable.shape = (1024,)
2018-06-20 23:46:47,683 INFO     v:0, scope_name = bn4a_branch1, pre-trained.shape = (1024,), variable.shape = (1024,)
2018-06-20 23:46:47,784 INFO     w:0, scope_name = res4a_branch2a, pre-trained.shape = (1, 1, 512, 256), variable.shape = (1, 1, 512, 256)
2018-06-20 23:46:47,878 INFO     b:0, scope_name = res4a_branch2a, pre-trained.shape = (256,), variable.shape = (256,)
2018-06-20 23:46:47,979 INFO     gamma:0, scope_name = bn4a_branch2a, pre-trained.shape = (256,), variable.shape = (256,)
2018-06-20 23:46:48,079 INFO     beta:0, scope_name = bn4a_branch2a, pre-trained.shape = (256,), variable.shape = (256,)
2018-06-20 23:46:48,175 INFO     m:0, scope_name = bn4a_branch2a, pre-trained.shape = (256,), variable.shape = (256,)
2018-06-20 23:46:48,266 INFO     v:0, scope_name = bn4a_branch2a, pre-trained.shape = (256,), variable.shape = (256,)
2018-06-20 23:46:48,360 INFO     w:0, scope_name = res4a_branch2b, pre-trained.shape = (3, 3, 256, 256), variable.shape = (3, 3, 256, 256)
2018-06-20 23:46:48,466 INFO     b:0, scope_name = res4a_branch2b, pre-trained.shape = (256,), variable.shape = (256,)
2018-06-20 23:46:48,563 INFO     gamma:0, scope_name = bn4a_branch2b, pre-trained.shape = (256,), variable.shape = (256,)
2018-06-20 23:46:48,665 INFO     beta:0, scope_name = bn4a_branch2b, pre-trained.shape = (256,), variable.shape = (256,)
2018-06-20 23:46:48,763 INFO     m:0, scope_name = bn4a_branch2b, pre-trained.shape = (256,), variable.shape = (256,)
2018-06-20 23:46:48,861 INFO     v:0, scope_name = bn4a_branch2b, pre-trained.shape = (256,), variable.shape = (256,)
2018-06-20 23:46:48,955 INFO     w:0, scope_name = res4a_branch2c, pre-trained.shape = (1, 1, 256, 1024), variable.shape = (1, 1, 256, 1024)
2018-06-20 23:46:49,062 INFO     b:0, scope_name = res4a_branch2c, pre-trained.shape = (1024,), variable.shape = (1024,)
2018-06-20 23:46:49,159 INFO     gamma:0, scope_name = bn4a_branch2c, pre-trained.shape = (1024,), variable.shape = (1024,)
2018-06-20 23:46:49,254 INFO     beta:0, scope_name = bn4a_branch2c, pre-trained.shape = (1024,), variable.shape = (1024,)
2018-06-20 23:46:49,356 INFO     m:0, scope_name = bn4a_branch2c, pre-trained.shape = (1024,), variable.shape = (1024,)
2018-06-20 23:46:49,450 INFO     v:0, scope_name = bn4a_branch2c, pre-trained.shape = (1024,), variable.shape = (1024,)
2018-06-20 23:46:49,552 INFO     w:0, scope_name = res4b_branch2a, pre-trained.shape = (1, 1, 1024, 256), variable.shape = (1, 1, 1024, 256)
2018-06-20 23:46:49,647 INFO     b:0, scope_name = res4b_branch2a, pre-trained.shape = (256,), variable.shape = (256,)
2018-06-20 23:46:49,741 INFO     gamma:0, scope_name = bn4b_branch2a, pre-trained.shape = (256,), variable.shape = (256,)
2018-06-20 23:46:49,838 INFO     beta:0, scope_name = bn4b_branch2a, pre-trained.shape = (256,), variable.shape = (256,)
2018-06-20 23:46:49,934 INFO     m:0, scope_name = bn4b_branch2a, pre-trained.shape = (256,), variable.shape = (256,)
2018-06-20 23:46:50,031 INFO     v:0, scope_name = bn4b_branch2a, pre-trained.shape = (256,), variable.shape = (256,)
2018-06-20 23:46:50,130 INFO     w:0, scope_name = res4b_branch2b, pre-trained.shape = (3, 3, 256, 256), variable.shape = (3, 3, 256, 256)
2018-06-20 23:46:50,235 INFO     b:0, scope_name = res4b_branch2b, pre-trained.shape = (256,), variable.shape = (256,)
2018-06-20 23:46:50,331 INFO     gamma:0, scope_name = bn4b_branch2b, pre-trained.shape = (256,), variable.shape = (256,)
2018-06-20 23:46:50,431 INFO     beta:0, scope_name = bn4b_branch2b, pre-trained.shape = (256,), variable.shape = (256,)
2018-06-20 23:46:50,525 INFO     m:0, scope_name = bn4b_branch2b, pre-trained.shape = (256,), variable.shape = (256,)
2018-06-20 23:46:50,621 INFO     v:0, scope_name = bn4b_branch2b, pre-trained.shape = (256,), variable.shape = (256,)
2018-06-20 23:46:50,720 INFO     w:0, scope_name = res4b_branch2c, pre-trained.shape = (1, 1, 256, 1024), variable.shape = (1, 1, 256, 1024)
2018-06-20 23:46:50,819 INFO     b:0, scope_name = res4b_branch2c, pre-trained.shape = (1024,), variable.shape = (1024,)
2018-06-20 23:46:50,913 INFO     gamma:0, scope_name = bn4b_branch2c, pre-trained.shape = (1024,), variable.shape = (1024,)
2018-06-20 23:46:51,017 INFO     beta:0, scope_name = bn4b_branch2c, pre-trained.shape = (1024,), variable.shape = (1024,)
2018-06-20 23:46:51,113 INFO     m:0, scope_name = bn4b_branch2c, pre-trained.shape = (1024,), variable.shape = (1024,)
2018-06-20 23:46:51,216 INFO     v:0, scope_name = bn4b_branch2c, pre-trained.shape = (1024,), variable.shape = (1024,)
2018-06-20 23:46:51,311 INFO     w:0, scope_name = res4c_branch2a, pre-trained.shape = (1, 1, 1024, 256), variable.shape = (1, 1, 1024, 256)
2018-06-20 23:46:51,412 INFO     b:0, scope_name = res4c_branch2a, pre-trained.shape = (256,), variable.shape = (256,)
2018-06-20 23:46:51,509 INFO     gamma:0, scope_name = bn4c_branch2a, pre-trained.shape = (256,), variable.shape = (256,)
2018-06-20 23:46:51,607 INFO     beta:0, scope_name = bn4c_branch2a, pre-trained.shape = (256,), variable.shape = (256,)
2018-06-20 23:46:51,706 INFO     m:0, scope_name = bn4c_branch2a, pre-trained.shape = (256,), variable.shape = (256,)
2018-06-20 23:46:51,805 INFO     v:0, scope_name = bn4c_branch2a, pre-trained.shape = (256,), variable.shape = (256,)
2018-06-20 23:46:51,909 INFO     w:0, scope_name = res4c_branch2b, pre-trained.shape = (3, 3, 256, 256), variable.shape = (3, 3, 256, 256)
2018-06-20 23:46:52,010 INFO     b:0, scope_name = res4c_branch2b, pre-trained.shape = (256,), variable.shape = (256,)
2018-06-20 23:46:52,105 INFO     gamma:0, scope_name = bn4c_branch2b, pre-trained.shape = (256,), variable.shape = (256,)
2018-06-20 23:46:52,208 INFO     beta:0, scope_name = bn4c_branch2b, pre-trained.shape = (256,), variable.shape = (256,)
2018-06-20 23:46:52,301 INFO     m:0, scope_name = bn4c_branch2b, pre-trained.shape = (256,), variable.shape = (256,)
2018-06-20 23:46:52,402 INFO     v:0, scope_name = bn4c_branch2b, pre-trained.shape = (256,), variable.shape = (256,)
2018-06-20 23:46:52,502 INFO     w:0, scope_name = res4c_branch2c, pre-trained.shape = (1, 1, 256, 1024), variable.shape = (1, 1, 256, 1024)
2018-06-20 23:46:52,603 INFO     b:0, scope_name = res4c_branch2c, pre-trained.shape = (1024,), variable.shape = (1024,)
2018-06-20 23:46:52,702 INFO     gamma:0, scope_name = bn4c_branch2c, pre-trained.shape = (1024,), variable.shape = (1024,)
2018-06-20 23:46:52,807 INFO     beta:0, scope_name = bn4c_branch2c, pre-trained.shape = (1024,), variable.shape = (1024,)
2018-06-20 23:46:52,908 INFO     m:0, scope_name = bn4c_branch2c, pre-trained.shape = (1024,), variable.shape = (1024,)
2018-06-20 23:46:53,005 INFO     v:0, scope_name = bn4c_branch2c, pre-trained.shape = (1024,), variable.shape = (1024,)
2018-06-20 23:46:53,110 INFO     w:0, scope_name = res4d_branch2a, pre-trained.shape = (1, 1, 1024, 256), variable.shape = (1, 1, 1024, 256)
2018-06-20 23:46:53,216 INFO     b:0, scope_name = res4d_branch2a, pre-trained.shape = (256,), variable.shape = (256,)
2018-06-20 23:46:53,316 INFO     gamma:0, scope_name = bn4d_branch2a, pre-trained.shape = (256,), variable.shape = (256,)
2018-06-20 23:46:53,417 INFO     beta:0, scope_name = bn4d_branch2a, pre-trained.shape = (256,), variable.shape = (256,)
2018-06-20 23:46:53,514 INFO     m:0, scope_name = bn4d_branch2a, pre-trained.shape = (256,), variable.shape = (256,)
2018-06-20 23:46:53,610 INFO     v:0, scope_name = bn4d_branch2a, pre-trained.shape = (256,), variable.shape = (256,)
2018-06-20 23:46:53,716 INFO     w:0, scope_name = res4d_branch2b, pre-trained.shape = (3, 3, 256, 256), variable.shape = (3, 3, 256, 256)
2018-06-20 23:46:53,822 INFO     b:0, scope_name = res4d_branch2b, pre-trained.shape = (256,), variable.shape = (256,)
2018-06-20 23:46:53,916 INFO     gamma:0, scope_name = bn4d_branch2b, pre-trained.shape = (256,), variable.shape = (256,)
2018-06-20 23:46:54,017 INFO     beta:0, scope_name = bn4d_branch2b, pre-trained.shape = (256,), variable.shape = (256,)
2018-06-20 23:46:54,120 INFO     m:0, scope_name = bn4d_branch2b, pre-trained.shape = (256,), variable.shape = (256,)
2018-06-20 23:46:54,222 INFO     v:0, scope_name = bn4d_branch2b, pre-trained.shape = (256,), variable.shape = (256,)
2018-06-20 23:46:54,317 INFO     w:0, scope_name = res4d_branch2c, pre-trained.shape = (1, 1, 256, 1024), variable.shape = (1, 1, 256, 1024)
2018-06-20 23:46:54,420 INFO     b:0, scope_name = res4d_branch2c, pre-trained.shape = (1024,), variable.shape = (1024,)
2018-06-20 23:46:54,514 INFO     gamma:0, scope_name = bn4d_branch2c, pre-trained.shape = (1024,), variable.shape = (1024,)
2018-06-20 23:46:54,618 INFO     beta:0, scope_name = bn4d_branch2c, pre-trained.shape = (1024,), variable.shape = (1024,)
2018-06-20 23:46:54,722 INFO     m:0, scope_name = bn4d_branch2c, pre-trained.shape = (1024,), variable.shape = (1024,)
2018-06-20 23:46:54,820 INFO     v:0, scope_name = bn4d_branch2c, pre-trained.shape = (1024,), variable.shape = (1024,)
2018-06-20 23:46:54,922 INFO     w:0, scope_name = res4e_branch2a, pre-trained.shape = (1, 1, 1024, 256), variable.shape = (1, 1, 1024, 256)
2018-06-20 23:46:55,024 INFO     b:0, scope_name = res4e_branch2a, pre-trained.shape = (256,), variable.shape = (256,)
2018-06-20 23:46:55,122 INFO     gamma:0, scope_name = bn4e_branch2a, pre-trained.shape = (256,), variable.shape = (256,)
2018-06-20 23:46:55,226 INFO     beta:0, scope_name = bn4e_branch2a, pre-trained.shape = (256,), variable.shape = (256,)
2018-06-20 23:46:55,322 INFO     m:0, scope_name = bn4e_branch2a, pre-trained.shape = (256,), variable.shape = (256,)
2018-06-20 23:46:55,419 INFO     v:0, scope_name = bn4e_branch2a, pre-trained.shape = (256,), variable.shape = (256,)
2018-06-20 23:46:55,522 INFO     w:0, scope_name = res4e_branch2b, pre-trained.shape = (3, 3, 256, 256), variable.shape = (3, 3, 256, 256)
2018-06-20 23:46:55,626 INFO     b:0, scope_name = res4e_branch2b, pre-trained.shape = (256,), variable.shape = (256,)
2018-06-20 23:46:55,725 INFO     gamma:0, scope_name = bn4e_branch2b, pre-trained.shape = (256,), variable.shape = (256,)
2018-06-20 23:46:55,828 INFO     beta:0, scope_name = bn4e_branch2b, pre-trained.shape = (256,), variable.shape = (256,)
2018-06-20 23:46:55,929 INFO     m:0, scope_name = bn4e_branch2b, pre-trained.shape = (256,), variable.shape = (256,)
2018-06-20 23:46:56,030 INFO     v:0, scope_name = bn4e_branch2b, pre-trained.shape = (256,), variable.shape = (256,)
2018-06-20 23:46:56,132 INFO     w:0, scope_name = res4e_branch2c, pre-trained.shape = (1, 1, 256, 1024), variable.shape = (1, 1, 256, 1024)
2018-06-20 23:46:56,236 INFO     b:0, scope_name = res4e_branch2c, pre-trained.shape = (1024,), variable.shape = (1024,)
2018-06-20 23:46:56,335 INFO     gamma:0, scope_name = bn4e_branch2c, pre-trained.shape = (1024,), variable.shape = (1024,)
2018-06-20 23:46:56,442 INFO     beta:0, scope_name = bn4e_branch2c, pre-trained.shape = (1024,), variable.shape = (1024,)
2018-06-20 23:46:56,544 INFO     m:0, scope_name = bn4e_branch2c, pre-trained.shape = (1024,), variable.shape = (1024,)
2018-06-20 23:46:56,646 INFO     v:0, scope_name = bn4e_branch2c, pre-trained.shape = (1024,), variable.shape = (1024,)
2018-06-20 23:46:56,749 INFO     w:0, scope_name = res4f_branch2a, pre-trained.shape = (1, 1, 1024, 256), variable.shape = (1, 1, 1024, 256)
2018-06-20 23:46:56,854 INFO     b:0, scope_name = res4f_branch2a, pre-trained.shape = (256,), variable.shape = (256,)
2018-06-20 23:46:56,955 INFO     gamma:0, scope_name = bn4f_branch2a, pre-trained.shape = (256,), variable.shape = (256,)
2018-06-20 23:46:57,056 INFO     beta:0, scope_name = bn4f_branch2a, pre-trained.shape = (256,), variable.shape = (256,)
2018-06-20 23:46:57,159 INFO     m:0, scope_name = bn4f_branch2a, pre-trained.shape = (256,), variable.shape = (256,)
2018-06-20 23:46:57,258 INFO     v:0, scope_name = bn4f_branch2a, pre-trained.shape = (256,), variable.shape = (256,)
2018-06-20 23:46:57,365 INFO     w:0, scope_name = res4f_branch2b, pre-trained.shape = (3, 3, 256, 256), variable.shape = (3, 3, 256, 256)
2018-06-20 23:46:57,468 INFO     b:0, scope_name = res4f_branch2b, pre-trained.shape = (256,), variable.shape = (256,)
2018-06-20 23:46:57,570 INFO     gamma:0, scope_name = bn4f_branch2b, pre-trained.shape = (256,), variable.shape = (256,)
2018-06-20 23:46:57,671 INFO     beta:0, scope_name = bn4f_branch2b, pre-trained.shape = (256,), variable.shape = (256,)
2018-06-20 23:46:57,784 INFO     m:0, scope_name = bn4f_branch2b, pre-trained.shape = (256,), variable.shape = (256,)
2018-06-20 23:46:57,886 INFO     v:0, scope_name = bn4f_branch2b, pre-trained.shape = (256,), variable.shape = (256,)
2018-06-20 23:46:57,987 INFO     w:0, scope_name = res4f_branch2c, pre-trained.shape = (1, 1, 256, 1024), variable.shape = (1, 1, 256, 1024)
2018-06-20 23:46:58,092 INFO     b:0, scope_name = res4f_branch2c, pre-trained.shape = (1024,), variable.shape = (1024,)
2018-06-20 23:46:58,195 INFO     gamma:0, scope_name = bn4f_branch2c, pre-trained.shape = (1024,), variable.shape = (1024,)
2018-06-20 23:46:58,295 INFO     beta:0, scope_name = bn4f_branch2c, pre-trained.shape = (1024,), variable.shape = (1024,)
2018-06-20 23:46:58,401 INFO     m:0, scope_name = bn4f_branch2c, pre-trained.shape = (1024,), variable.shape = (1024,)
2018-06-20 23:46:58,502 INFO     v:0, scope_name = bn4f_branch2c, pre-trained.shape = (1024,), variable.shape = (1024,)
2018-06-20 23:46:58,605 INFO     w:0, scope_name = res4g_branch2a, pre-trained.shape = (1, 1, 1024, 256), variable.shape = (1, 1, 1024, 256)
2018-06-20 23:46:58,710 INFO     b:0, scope_name = res4g_branch2a, pre-trained.shape = (256,), variable.shape = (256,)
2018-06-20 23:46:58,813 INFO     gamma:0, scope_name = bn4g_branch2a, pre-trained.shape = (256,), variable.shape = (256,)
2018-06-20 23:46:58,920 INFO     beta:0, scope_name = bn4g_branch2a, pre-trained.shape = (256,), variable.shape = (256,)
2018-06-20 23:46:59,021 INFO     m:0, scope_name = bn4g_branch2a, pre-trained.shape = (256,), variable.shape = (256,)
2018-06-20 23:46:59,121 INFO     v:0, scope_name = bn4g_branch2a, pre-trained.shape = (256,), variable.shape = (256,)
2018-06-20 23:46:59,232 INFO     w:0, scope_name = res4g_branch2b, pre-trained.shape = (3, 3, 256, 256), variable.shape = (3, 3, 256, 256)
2018-06-20 23:46:59,334 INFO     b:0, scope_name = res4g_branch2b, pre-trained.shape = (256,), variable.shape = (256,)
2018-06-20 23:46:59,439 INFO     gamma:0, scope_name = bn4g_branch2b, pre-trained.shape = (256,), variable.shape = (256,)
2018-06-20 23:46:59,544 INFO     beta:0, scope_name = bn4g_branch2b, pre-trained.shape = (256,), variable.shape = (256,)
2018-06-20 23:46:59,644 INFO     m:0, scope_name = bn4g_branch2b, pre-trained.shape = (256,), variable.shape = (256,)
2018-06-20 23:46:59,746 INFO     v:0, scope_name = bn4g_branch2b, pre-trained.shape = (256,), variable.shape = (256,)
2018-06-20 23:46:59,853 INFO     w:0, scope_name = res4g_branch2c, pre-trained.shape = (1, 1, 256, 1024), variable.shape = (1, 1, 256, 1024)
2018-06-20 23:46:59,961 INFO     b:0, scope_name = res4g_branch2c, pre-trained.shape = (1024,), variable.shape = (1024,)
2018-06-20 23:47:00,064 INFO     gamma:0, scope_name = bn4g_branch2c, pre-trained.shape = (1024,), variable.shape = (1024,)
2018-06-20 23:47:00,165 INFO     beta:0, scope_name = bn4g_branch2c, pre-trained.shape = (1024,), variable.shape = (1024,)
2018-06-20 23:47:00,271 INFO     m:0, scope_name = bn4g_branch2c, pre-trained.shape = (1024,), variable.shape = (1024,)
2018-06-20 23:47:00,374 INFO     v:0, scope_name = bn4g_branch2c, pre-trained.shape = (1024,), variable.shape = (1024,)
2018-06-20 23:47:00,479 INFO     w:0, scope_name = res4h_branch2a, pre-trained.shape = (1, 1, 1024, 256), variable.shape = (1, 1, 1024, 256)
2018-06-20 23:47:00,583 INFO     b:0, scope_name = res4h_branch2a, pre-trained.shape = (256,), variable.shape = (256,)
2018-06-20 23:47:00,686 INFO     gamma:0, scope_name = bn4h_branch2a, pre-trained.shape = (256,), variable.shape = (256,)
2018-06-20 23:47:00,788 INFO     beta:0, scope_name = bn4h_branch2a, pre-trained.shape = (256,), variable.shape = (256,)
2018-06-20 23:47:00,898 INFO     m:0, scope_name = bn4h_branch2a, pre-trained.shape = (256,), variable.shape = (256,)
2018-06-20 23:47:01,003 INFO     v:0, scope_name = bn4h_branch2a, pre-trained.shape = (256,), variable.shape = (256,)
2018-06-20 23:47:01,108 INFO     w:0, scope_name = res4h_branch2b, pre-trained.shape = (3, 3, 256, 256), variable.shape = (3, 3, 256, 256)
2018-06-20 23:47:01,220 INFO     b:0, scope_name = res4h_branch2b, pre-trained.shape = (256,), variable.shape = (256,)
2018-06-20 23:47:01,321 INFO     gamma:0, scope_name = bn4h_branch2b, pre-trained.shape = (256,), variable.shape = (256,)
2018-06-20 23:47:01,428 INFO     beta:0, scope_name = bn4h_branch2b, pre-trained.shape = (256,), variable.shape = (256,)
2018-06-20 23:47:01,536 INFO     m:0, scope_name = bn4h_branch2b, pre-trained.shape = (256,), variable.shape = (256,)
2018-06-20 23:47:01,639 INFO     v:0, scope_name = bn4h_branch2b, pre-trained.shape = (256,), variable.shape = (256,)
2018-06-20 23:47:01,744 INFO     w:0, scope_name = res4h_branch2c, pre-trained.shape = (1, 1, 256, 1024), variable.shape = (1, 1, 256, 1024)
2018-06-20 23:47:01,851 INFO     b:0, scope_name = res4h_branch2c, pre-trained.shape = (1024,), variable.shape = (1024,)
2018-06-20 23:47:01,957 INFO     gamma:0, scope_name = bn4h_branch2c, pre-trained.shape = (1024,), variable.shape = (1024,)
2018-06-20 23:47:02,058 INFO     beta:0, scope_name = bn4h_branch2c, pre-trained.shape = (1024,), variable.shape = (1024,)
2018-06-20 23:47:02,164 INFO     m:0, scope_name = bn4h_branch2c, pre-trained.shape = (1024,), variable.shape = (1024,)
2018-06-20 23:47:02,269 INFO     v:0, scope_name = bn4h_branch2c, pre-trained.shape = (1024,), variable.shape = (1024,)
2018-06-20 23:47:02,377 INFO     w:0, scope_name = res4i_branch2a, pre-trained.shape = (1, 1, 1024, 256), variable.shape = (1, 1, 1024, 256)
2018-06-20 23:47:02,480 INFO     b:0, scope_name = res4i_branch2a, pre-trained.shape = (256,), variable.shape = (256,)
2018-06-20 23:47:02,587 INFO     gamma:0, scope_name = bn4i_branch2a, pre-trained.shape = (256,), variable.shape = (256,)
2018-06-20 23:47:02,694 INFO     beta:0, scope_name = bn4i_branch2a, pre-trained.shape = (256,), variable.shape = (256,)
2018-06-20 23:47:02,800 INFO     m:0, scope_name = bn4i_branch2a, pre-trained.shape = (256,), variable.shape = (256,)
2018-06-20 23:47:02,912 INFO     v:0, scope_name = bn4i_branch2a, pre-trained.shape = (256,), variable.shape = (256,)
2018-06-20 23:47:03,020 INFO     w:0, scope_name = res4i_branch2b, pre-trained.shape = (3, 3, 256, 256), variable.shape = (3, 3, 256, 256)
2018-06-20 23:47:03,133 INFO     b:0, scope_name = res4i_branch2b, pre-trained.shape = (256,), variable.shape = (256,)
2018-06-20 23:47:03,239 INFO     gamma:0, scope_name = bn4i_branch2b, pre-trained.shape = (256,), variable.shape = (256,)
2018-06-20 23:47:03,341 INFO     beta:0, scope_name = bn4i_branch2b, pre-trained.shape = (256,), variable.shape = (256,)
2018-06-20 23:47:03,446 INFO     m:0, scope_name = bn4i_branch2b, pre-trained.shape = (256,), variable.shape = (256,)
2018-06-20 23:47:03,550 INFO     v:0, scope_name = bn4i_branch2b, pre-trained.shape = (256,), variable.shape = (256,)
2018-06-20 23:47:03,658 INFO     w:0, scope_name = res4i_branch2c, pre-trained.shape = (1, 1, 256, 1024), variable.shape = (1, 1, 256, 1024)
2018-06-20 23:47:03,767 INFO     b:0, scope_name = res4i_branch2c, pre-trained.shape = (1024,), variable.shape = (1024,)
2018-06-20 23:47:03,871 INFO     gamma:0, scope_name = bn4i_branch2c, pre-trained.shape = (1024,), variable.shape = (1024,)
2018-06-20 23:47:03,970 INFO     beta:0, scope_name = bn4i_branch2c, pre-trained.shape = (1024,), variable.shape = (1024,)
2018-06-20 23:47:04,080 INFO     m:0, scope_name = bn4i_branch2c, pre-trained.shape = (1024,), variable.shape = (1024,)
2018-06-20 23:47:04,190 INFO     v:0, scope_name = bn4i_branch2c, pre-trained.shape = (1024,), variable.shape = (1024,)
2018-06-20 23:47:04,300 INFO     w:0, scope_name = res4j_branch2a, pre-trained.shape = (1, 1, 1024, 256), variable.shape = (1, 1, 1024, 256)
2018-06-20 23:47:04,411 INFO     b:0, scope_name = res4j_branch2a, pre-trained.shape = (256,), variable.shape = (256,)
2018-06-20 23:47:04,522 INFO     gamma:0, scope_name = bn4j_branch2a, pre-trained.shape = (256,), variable.shape = (256,)
2018-06-20 23:47:04,630 INFO     beta:0, scope_name = bn4j_branch2a, pre-trained.shape = (256,), variable.shape = (256,)
2018-06-20 23:47:04,735 INFO     m:0, scope_name = bn4j_branch2a, pre-trained.shape = (256,), variable.shape = (256,)
2018-06-20 23:47:04,844 INFO     v:0, scope_name = bn4j_branch2a, pre-trained.shape = (256,), variable.shape = (256,)
2018-06-20 23:47:04,953 INFO     w:0, scope_name = res4j_branch2b, pre-trained.shape = (3, 3, 256, 256), variable.shape = (3, 3, 256, 256)
2018-06-20 23:47:05,062 INFO     b:0, scope_name = res4j_branch2b, pre-trained.shape = (256,), variable.shape = (256,)
2018-06-20 23:47:05,168 INFO     gamma:0, scope_name = bn4j_branch2b, pre-trained.shape = (256,), variable.shape = (256,)
2018-06-20 23:47:05,272 INFO     beta:0, scope_name = bn4j_branch2b, pre-trained.shape = (256,), variable.shape = (256,)
2018-06-20 23:47:05,378 INFO     m:0, scope_name = bn4j_branch2b, pre-trained.shape = (256,), variable.shape = (256,)
2018-06-20 23:47:05,482 INFO     v:0, scope_name = bn4j_branch2b, pre-trained.shape = (256,), variable.shape = (256,)
2018-06-20 23:47:05,588 INFO     w:0, scope_name = res4j_branch2c, pre-trained.shape = (1, 1, 256, 1024), variable.shape = (1, 1, 256, 1024)
2018-06-20 23:47:05,701 INFO     b:0, scope_name = res4j_branch2c, pre-trained.shape = (1024,), variable.shape = (1024,)
2018-06-20 23:47:05,806 INFO     gamma:0, scope_name = bn4j_branch2c, pre-trained.shape = (1024,), variable.shape = (1024,)
2018-06-20 23:47:05,912 INFO     beta:0, scope_name = bn4j_branch2c, pre-trained.shape = (1024,), variable.shape = (1024,)
2018-06-20 23:47:06,016 INFO     m:0, scope_name = bn4j_branch2c, pre-trained.shape = (1024,), variable.shape = (1024,)
2018-06-20 23:47:06,118 INFO     v:0, scope_name = bn4j_branch2c, pre-trained.shape = (1024,), variable.shape = (1024,)
2018-06-20 23:47:06,229 INFO     w:0, scope_name = res4k_branch2a, pre-trained.shape = (1, 1, 1024, 256), variable.shape = (1, 1, 1024, 256)
2018-06-20 23:47:06,337 INFO     b:0, scope_name = res4k_branch2a, pre-trained.shape = (256,), variable.shape = (256,)
2018-06-20 23:47:06,441 INFO     gamma:0, scope_name = bn4k_branch2a, pre-trained.shape = (256,), variable.shape = (256,)
2018-06-20 23:47:06,544 INFO     beta:0, scope_name = bn4k_branch2a, pre-trained.shape = (256,), variable.shape = (256,)
2018-06-20 23:47:06,647 INFO     m:0, scope_name = bn4k_branch2a, pre-trained.shape = (256,), variable.shape = (256,)
2018-06-20 23:47:06,752 INFO     v:0, scope_name = bn4k_branch2a, pre-trained.shape = (256,), variable.shape = (256,)
2018-06-20 23:47:06,856 INFO     w:0, scope_name = res4k_branch2b, pre-trained.shape = (3, 3, 256, 256), variable.shape = (3, 3, 256, 256)
2018-06-20 23:47:06,962 INFO     b:0, scope_name = res4k_branch2b, pre-trained.shape = (256,), variable.shape = (256,)
2018-06-20 23:47:07,069 INFO     gamma:0, scope_name = bn4k_branch2b, pre-trained.shape = (256,), variable.shape = (256,)
2018-06-20 23:47:07,169 INFO     beta:0, scope_name = bn4k_branch2b, pre-trained.shape = (256,), variable.shape = (256,)
2018-06-20 23:47:07,276 INFO     m:0, scope_name = bn4k_branch2b, pre-trained.shape = (256,), variable.shape = (256,)
2018-06-20 23:47:07,382 INFO     v:0, scope_name = bn4k_branch2b, pre-trained.shape = (256,), variable.shape = (256,)
2018-06-20 23:47:07,486 INFO     w:0, scope_name = res4k_branch2c, pre-trained.shape = (1, 1, 256, 1024), variable.shape = (1, 1, 256, 1024)
2018-06-20 23:47:07,594 INFO     b:0, scope_name = res4k_branch2c, pre-trained.shape = (1024,), variable.shape = (1024,)
2018-06-20 23:47:07,696 INFO     gamma:0, scope_name = bn4k_branch2c, pre-trained.shape = (1024,), variable.shape = (1024,)
2018-06-20 23:47:07,806 INFO     beta:0, scope_name = bn4k_branch2c, pre-trained.shape = (1024,), variable.shape = (1024,)
2018-06-20 23:47:07,910 INFO     m:0, scope_name = bn4k_branch2c, pre-trained.shape = (1024,), variable.shape = (1024,)
2018-06-20 23:47:08,014 INFO     v:0, scope_name = bn4k_branch2c, pre-trained.shape = (1024,), variable.shape = (1024,)
2018-06-20 23:47:08,119 INFO     w:0, scope_name = res4l_branch2a, pre-trained.shape = (1, 1, 1024, 256), variable.shape = (1, 1, 1024, 256)
2018-06-20 23:47:08,231 INFO     b:0, scope_name = res4l_branch2a, pre-trained.shape = (256,), variable.shape = (256,)
2018-06-20 23:47:08,341 INFO     gamma:0, scope_name = bn4l_branch2a, pre-trained.shape = (256,), variable.shape = (256,)
2018-06-20 23:47:08,448 INFO     beta:0, scope_name = bn4l_branch2a, pre-trained.shape = (256,), variable.shape = (256,)
2018-06-20 23:47:08,548 INFO     m:0, scope_name = bn4l_branch2a, pre-trained.shape = (256,), variable.shape = (256,)
2018-06-20 23:47:08,652 INFO     v:0, scope_name = bn4l_branch2a, pre-trained.shape = (256,), variable.shape = (256,)
2018-06-20 23:47:08,762 INFO     w:0, scope_name = res4l_branch2b, pre-trained.shape = (3, 3, 256, 256), variable.shape = (3, 3, 256, 256)
2018-06-20 23:47:08,871 INFO     b:0, scope_name = res4l_branch2b, pre-trained.shape = (256,), variable.shape = (256,)
2018-06-20 23:47:08,975 INFO     gamma:0, scope_name = bn4l_branch2b, pre-trained.shape = (256,), variable.shape = (256,)
2018-06-20 23:47:09,088 INFO     beta:0, scope_name = bn4l_branch2b, pre-trained.shape = (256,), variable.shape = (256,)
2018-06-20 23:47:09,197 INFO     m:0, scope_name = bn4l_branch2b, pre-trained.shape = (256,), variable.shape = (256,)
2018-06-20 23:47:09,302 INFO     v:0, scope_name = bn4l_branch2b, pre-trained.shape = (256,), variable.shape = (256,)
2018-06-20 23:47:09,411 INFO     w:0, scope_name = res4l_branch2c, pre-trained.shape = (1, 1, 256, 1024), variable.shape = (1, 1, 256, 1024)
2018-06-20 23:47:09,518 INFO     b:0, scope_name = res4l_branch2c, pre-trained.shape = (1024,), variable.shape = (1024,)
2018-06-20 23:47:09,619 INFO     gamma:0, scope_name = bn4l_branch2c, pre-trained.shape = (1024,), variable.shape = (1024,)
2018-06-20 23:47:09,729 INFO     beta:0, scope_name = bn4l_branch2c, pre-trained.shape = (1024,), variable.shape = (1024,)
2018-06-20 23:47:09,837 INFO     m:0, scope_name = bn4l_branch2c, pre-trained.shape = (1024,), variable.shape = (1024,)
2018-06-20 23:47:09,944 INFO     v:0, scope_name = bn4l_branch2c, pre-trained.shape = (1024,), variable.shape = (1024,)
2018-06-20 23:47:10,047 INFO     w:0, scope_name = res4m_branch2a, pre-trained.shape = (1, 1, 1024, 256), variable.shape = (1, 1, 1024, 256)
2018-06-20 23:47:10,155 INFO     b:0, scope_name = res4m_branch2a, pre-trained.shape = (256,), variable.shape = (256,)
2018-06-20 23:47:10,260 INFO     gamma:0, scope_name = bn4m_branch2a, pre-trained.shape = (256,), variable.shape = (256,)
2018-06-20 23:47:10,369 INFO     beta:0, scope_name = bn4m_branch2a, pre-trained.shape = (256,), variable.shape = (256,)
2018-06-20 23:47:10,477 INFO     m:0, scope_name = bn4m_branch2a, pre-trained.shape = (256,), variable.shape = (256,)
2018-06-20 23:47:10,584 INFO     v:0, scope_name = bn4m_branch2a, pre-trained.shape = (256,), variable.shape = (256,)
2018-06-20 23:47:10,693 INFO     w:0, scope_name = res4m_branch2b, pre-trained.shape = (3, 3, 256, 256), variable.shape = (3, 3, 256, 256)
2018-06-20 23:47:10,800 INFO     b:0, scope_name = res4m_branch2b, pre-trained.shape = (256,), variable.shape = (256,)
2018-06-20 23:47:10,900 INFO     gamma:0, scope_name = bn4m_branch2b, pre-trained.shape = (256,), variable.shape = (256,)
2018-06-20 23:47:11,012 INFO     beta:0, scope_name = bn4m_branch2b, pre-trained.shape = (256,), variable.shape = (256,)
2018-06-20 23:47:11,118 INFO     m:0, scope_name = bn4m_branch2b, pre-trained.shape = (256,), variable.shape = (256,)
2018-06-20 23:47:11,221 INFO     v:0, scope_name = bn4m_branch2b, pre-trained.shape = (256,), variable.shape = (256,)
2018-06-20 23:47:11,327 INFO     w:0, scope_name = res4m_branch2c, pre-trained.shape = (1, 1, 256, 1024), variable.shape = (1, 1, 256, 1024)
2018-06-20 23:47:11,428 INFO     b:0, scope_name = res4m_branch2c, pre-trained.shape = (1024,), variable.shape = (1024,)
2018-06-20 23:47:11,537 INFO     gamma:0, scope_name = bn4m_branch2c, pre-trained.shape = (1024,), variable.shape = (1024,)
2018-06-20 23:47:11,647 INFO     beta:0, scope_name = bn4m_branch2c, pre-trained.shape = (1024,), variable.shape = (1024,)
2018-06-20 23:47:11,755 INFO     m:0, scope_name = bn4m_branch2c, pre-trained.shape = (1024,), variable.shape = (1024,)
2018-06-20 23:47:11,858 INFO     v:0, scope_name = bn4m_branch2c, pre-trained.shape = (1024,), variable.shape = (1024,)
2018-06-20 23:47:11,966 INFO     w:0, scope_name = res4n_branch2a, pre-trained.shape = (1, 1, 1024, 256), variable.shape = (1, 1, 1024, 256)
2018-06-20 23:47:12,073 INFO     b:0, scope_name = res4n_branch2a, pre-trained.shape = (256,), variable.shape = (256,)
2018-06-20 23:47:12,182 INFO     gamma:0, scope_name = bn4n_branch2a, pre-trained.shape = (256,), variable.shape = (256,)
2018-06-20 23:47:12,291 INFO     beta:0, scope_name = bn4n_branch2a, pre-trained.shape = (256,), variable.shape = (256,)
2018-06-20 23:47:12,398 INFO     m:0, scope_name = bn4n_branch2a, pre-trained.shape = (256,), variable.shape = (256,)
2018-06-20 23:47:12,505 INFO     v:0, scope_name = bn4n_branch2a, pre-trained.shape = (256,), variable.shape = (256,)
2018-06-20 23:47:12,614 INFO     w:0, scope_name = res4n_branch2b, pre-trained.shape = (3, 3, 256, 256), variable.shape = (3, 3, 256, 256)
2018-06-20 23:47:12,724 INFO     b:0, scope_name = res4n_branch2b, pre-trained.shape = (256,), variable.shape = (256,)
2018-06-20 23:47:12,827 INFO     gamma:0, scope_name = bn4n_branch2b, pre-trained.shape = (256,), variable.shape = (256,)
2018-06-20 23:47:12,940 INFO     beta:0, scope_name = bn4n_branch2b, pre-trained.shape = (256,), variable.shape = (256,)
2018-06-20 23:47:13,044 INFO     m:0, scope_name = bn4n_branch2b, pre-trained.shape = (256,), variable.shape = (256,)
2018-06-20 23:47:13,148 INFO     v:0, scope_name = bn4n_branch2b, pre-trained.shape = (256,), variable.shape = (256,)
2018-06-20 23:47:13,255 INFO     w:0, scope_name = res4n_branch2c, pre-trained.shape = (1, 1, 256, 1024), variable.shape = (1, 1, 256, 1024)
2018-06-20 23:47:13,357 INFO     b:0, scope_name = res4n_branch2c, pre-trained.shape = (1024,), variable.shape = (1024,)
2018-06-20 23:47:13,466 INFO     gamma:0, scope_name = bn4n_branch2c, pre-trained.shape = (1024,), variable.shape = (1024,)
2018-06-20 23:47:13,568 INFO     beta:0, scope_name = bn4n_branch2c, pre-trained.shape = (1024,), variable.shape = (1024,)
2018-06-20 23:47:13,679 INFO     m:0, scope_name = bn4n_branch2c, pre-trained.shape = (1024,), variable.shape = (1024,)
2018-06-20 23:47:13,785 INFO     v:0, scope_name = bn4n_branch2c, pre-trained.shape = (1024,), variable.shape = (1024,)
2018-06-20 23:47:13,894 INFO     w:0, scope_name = res4o_branch2a, pre-trained.shape = (1, 1, 1024, 256), variable.shape = (1, 1, 1024, 256)
2018-06-20 23:47:14,005 INFO     b:0, scope_name = res4o_branch2a, pre-trained.shape = (256,), variable.shape = (256,)
2018-06-20 23:47:14,112 INFO     gamma:0, scope_name = bn4o_branch2a, pre-trained.shape = (256,), variable.shape = (256,)
2018-06-20 23:47:14,226 INFO     beta:0, scope_name = bn4o_branch2a, pre-trained.shape = (256,), variable.shape = (256,)
2018-06-20 23:47:14,334 INFO     m:0, scope_name = bn4o_branch2a, pre-trained.shape = (256,), variable.shape = (256,)
2018-06-20 23:47:14,438 INFO     v:0, scope_name = bn4o_branch2a, pre-trained.shape = (256,), variable.shape = (256,)
2018-06-20 23:47:14,540 INFO     w:0, scope_name = res4o_branch2b, pre-trained.shape = (3, 3, 256, 256), variable.shape = (3, 3, 256, 256)
2018-06-20 23:47:14,654 INFO     b:0, scope_name = res4o_branch2b, pre-trained.shape = (256,), variable.shape = (256,)
2018-06-20 23:47:14,764 INFO     gamma:0, scope_name = bn4o_branch2b, pre-trained.shape = (256,), variable.shape = (256,)
2018-06-20 23:47:14,873 INFO     beta:0, scope_name = bn4o_branch2b, pre-trained.shape = (256,), variable.shape = (256,)
2018-06-20 23:47:14,985 INFO     m:0, scope_name = bn4o_branch2b, pre-trained.shape = (256,), variable.shape = (256,)
2018-06-20 23:47:15,094 INFO     v:0, scope_name = bn4o_branch2b, pre-trained.shape = (256,), variable.shape = (256,)
2018-06-20 23:47:15,206 INFO     w:0, scope_name = res4o_branch2c, pre-trained.shape = (1, 1, 256, 1024), variable.shape = (1, 1, 256, 1024)
2018-06-20 23:47:15,316 INFO     b:0, scope_name = res4o_branch2c, pre-trained.shape = (1024,), variable.shape = (1024,)
2018-06-20 23:47:15,421 INFO     gamma:0, scope_name = bn4o_branch2c, pre-trained.shape = (1024,), variable.shape = (1024,)
2018-06-20 23:47:15,530 INFO     beta:0, scope_name = bn4o_branch2c, pre-trained.shape = (1024,), variable.shape = (1024,)
2018-06-20 23:47:15,634 INFO     m:0, scope_name = bn4o_branch2c, pre-trained.shape = (1024,), variable.shape = (1024,)
2018-06-20 23:47:15,743 INFO     v:0, scope_name = bn4o_branch2c, pre-trained.shape = (1024,), variable.shape = (1024,)
2018-06-20 23:47:15,851 INFO     w:0, scope_name = res4p_branch2a, pre-trained.shape = (1, 1, 1024, 256), variable.shape = (1, 1, 1024, 256)
2018-06-20 23:47:15,961 INFO     b:0, scope_name = res4p_branch2a, pre-trained.shape = (256,), variable.shape = (256,)
2018-06-20 23:47:16,067 INFO     gamma:0, scope_name = bn4p_branch2a, pre-trained.shape = (256,), variable.shape = (256,)
2018-06-20 23:47:16,185 INFO     beta:0, scope_name = bn4p_branch2a, pre-trained.shape = (256,), variable.shape = (256,)
2018-06-20 23:47:16,296 INFO     m:0, scope_name = bn4p_branch2a, pre-trained.shape = (256,), variable.shape = (256,)
2018-06-20 23:47:16,403 INFO     v:0, scope_name = bn4p_branch2a, pre-trained.shape = (256,), variable.shape = (256,)
2018-06-20 23:47:16,515 INFO     w:0, scope_name = res4p_branch2b, pre-trained.shape = (3, 3, 256, 256), variable.shape = (3, 3, 256, 256)
2018-06-20 23:47:16,626 INFO     b:0, scope_name = res4p_branch2b, pre-trained.shape = (256,), variable.shape = (256,)
2018-06-20 23:47:16,735 INFO     gamma:0, scope_name = bn4p_branch2b, pre-trained.shape = (256,), variable.shape = (256,)
2018-06-20 23:47:16,842 INFO     beta:0, scope_name = bn4p_branch2b, pre-trained.shape = (256,), variable.shape = (256,)
2018-06-20 23:47:16,943 INFO     m:0, scope_name = bn4p_branch2b, pre-trained.shape = (256,), variable.shape = (256,)
2018-06-20 23:47:17,044 INFO     v:0, scope_name = bn4p_branch2b, pre-trained.shape = (256,), variable.shape = (256,)
2018-06-20 23:47:17,159 INFO     w:0, scope_name = res4p_branch2c, pre-trained.shape = (1, 1, 256, 1024), variable.shape = (1, 1, 256, 1024)
2018-06-20 23:47:17,269 INFO     b:0, scope_name = res4p_branch2c, pre-trained.shape = (1024,), variable.shape = (1024,)
2018-06-20 23:47:17,376 INFO     gamma:0, scope_name = bn4p_branch2c, pre-trained.shape = (1024,), variable.shape = (1024,)
2018-06-20 23:47:17,487 INFO     beta:0, scope_name = bn4p_branch2c, pre-trained.shape = (1024,), variable.shape = (1024,)
2018-06-20 23:47:17,596 INFO     m:0, scope_name = bn4p_branch2c, pre-trained.shape = (1024,), variable.shape = (1024,)
2018-06-20 23:47:17,707 INFO     v:0, scope_name = bn4p_branch2c, pre-trained.shape = (1024,), variable.shape = (1024,)
2018-06-20 23:47:17,810 INFO     w:0, scope_name = res4q_branch2a, pre-trained.shape = (1, 1, 1024, 256), variable.shape = (1, 1, 1024, 256)
2018-06-20 23:47:17,928 INFO     b:0, scope_name = res4q_branch2a, pre-trained.shape = (256,), variable.shape = (256,)
2018-06-20 23:47:18,038 INFO     gamma:0, scope_name = bn4q_branch2a, pre-trained.shape = (256,), variable.shape = (256,)
2018-06-20 23:47:18,148 INFO     beta:0, scope_name = bn4q_branch2a, pre-trained.shape = (256,), variable.shape = (256,)
2018-06-20 23:47:18,261 INFO     m:0, scope_name = bn4q_branch2a, pre-trained.shape = (256,), variable.shape = (256,)
2018-06-20 23:47:18,371 INFO     v:0, scope_name = bn4q_branch2a, pre-trained.shape = (256,), variable.shape = (256,)
2018-06-20 23:47:18,482 INFO     w:0, scope_name = res4q_branch2b, pre-trained.shape = (3, 3, 256, 256), variable.shape = (3, 3, 256, 256)
2018-06-20 23:47:18,597 INFO     b:0, scope_name = res4q_branch2b, pre-trained.shape = (256,), variable.shape = (256,)
2018-06-20 23:47:18,706 INFO     gamma:0, scope_name = bn4q_branch2b, pre-trained.shape = (256,), variable.shape = (256,)
2018-06-20 23:47:18,808 INFO     beta:0, scope_name = bn4q_branch2b, pre-trained.shape = (256,), variable.shape = (256,)
2018-06-20 23:47:18,913 INFO     m:0, scope_name = bn4q_branch2b, pre-trained.shape = (256,), variable.shape = (256,)
2018-06-20 23:47:19,028 INFO     v:0, scope_name = bn4q_branch2b, pre-trained.shape = (256,), variable.shape = (256,)
2018-06-20 23:47:19,141 INFO     w:0, scope_name = res4q_branch2c, pre-trained.shape = (1, 1, 256, 1024), variable.shape = (1, 1, 256, 1024)
2018-06-20 23:47:19,256 INFO     b:0, scope_name = res4q_branch2c, pre-trained.shape = (1024,), variable.shape = (1024,)
2018-06-20 23:47:19,365 INFO     gamma:0, scope_name = bn4q_branch2c, pre-trained.shape = (1024,), variable.shape = (1024,)
2018-06-20 23:47:19,470 INFO     beta:0, scope_name = bn4q_branch2c, pre-trained.shape = (1024,), variable.shape = (1024,)
2018-06-20 23:47:19,588 INFO     m:0, scope_name = bn4q_branch2c, pre-trained.shape = (1024,), variable.shape = (1024,)
2018-06-20 23:47:19,699 INFO     v:0, scope_name = bn4q_branch2c, pre-trained.shape = (1024,), variable.shape = (1024,)
2018-06-20 23:47:19,809 INFO     w:0, scope_name = res4r_branch2a, pre-trained.shape = (1, 1, 1024, 256), variable.shape = (1, 1, 1024, 256)
2018-06-20 23:47:19,920 INFO     b:0, scope_name = res4r_branch2a, pre-trained.shape = (256,), variable.shape = (256,)
2018-06-20 23:47:20,025 INFO     gamma:0, scope_name = bn4r_branch2a, pre-trained.shape = (256,), variable.shape = (256,)
2018-06-20 23:47:20,140 INFO     beta:0, scope_name = bn4r_branch2a, pre-trained.shape = (256,), variable.shape = (256,)
2018-06-20 23:47:20,247 INFO     m:0, scope_name = bn4r_branch2a, pre-trained.shape = (256,), variable.shape = (256,)
2018-06-20 23:47:20,363 INFO     v:0, scope_name = bn4r_branch2a, pre-trained.shape = (256,), variable.shape = (256,)
2018-06-20 23:47:20,475 INFO     w:0, scope_name = res4r_branch2b, pre-trained.shape = (3, 3, 256, 256), variable.shape = (3, 3, 256, 256)
2018-06-20 23:47:20,588 INFO     b:0, scope_name = res4r_branch2b, pre-trained.shape = (256,), variable.shape = (256,)
2018-06-20 23:47:20,697 INFO     gamma:0, scope_name = bn4r_branch2b, pre-trained.shape = (256,), variable.shape = (256,)
2018-06-20 23:47:20,804 INFO     beta:0, scope_name = bn4r_branch2b, pre-trained.shape = (256,), variable.shape = (256,)
2018-06-20 23:47:20,908 INFO     m:0, scope_name = bn4r_branch2b, pre-trained.shape = (256,), variable.shape = (256,)
2018-06-20 23:47:21,026 INFO     v:0, scope_name = bn4r_branch2b, pre-trained.shape = (256,), variable.shape = (256,)
2018-06-20 23:47:21,138 INFO     w:0, scope_name = res4r_branch2c, pre-trained.shape = (1, 1, 256, 1024), variable.shape = (1, 1, 256, 1024)
2018-06-20 23:47:21,253 INFO     b:0, scope_name = res4r_branch2c, pre-trained.shape = (1024,), variable.shape = (1024,)
2018-06-20 23:47:21,362 INFO     gamma:0, scope_name = bn4r_branch2c, pre-trained.shape = (1024,), variable.shape = (1024,)
2018-06-20 23:47:21,477 INFO     beta:0, scope_name = bn4r_branch2c, pre-trained.shape = (1024,), variable.shape = (1024,)
2018-06-20 23:47:21,591 INFO     m:0, scope_name = bn4r_branch2c, pre-trained.shape = (1024,), variable.shape = (1024,)
2018-06-20 23:47:21,700 INFO     v:0, scope_name = bn4r_branch2c, pre-trained.shape = (1024,), variable.shape = (1024,)
2018-06-20 23:47:21,819 INFO     w:0, scope_name = res4s_branch2a, pre-trained.shape = (1, 1, 1024, 256), variable.shape = (1, 1, 1024, 256)
2018-06-20 23:47:21,930 INFO     b:0, scope_name = res4s_branch2a, pre-trained.shape = (256,), variable.shape = (256,)
2018-06-20 23:47:22,032 INFO     gamma:0, scope_name = bn4s_branch2a, pre-trained.shape = (256,), variable.shape = (256,)
2018-06-20 23:47:22,139 INFO     beta:0, scope_name = bn4s_branch2a, pre-trained.shape = (256,), variable.shape = (256,)
2018-06-20 23:47:22,246 INFO     m:0, scope_name = bn4s_branch2a, pre-trained.shape = (256,), variable.shape = (256,)
2018-06-20 23:47:22,357 INFO     v:0, scope_name = bn4s_branch2a, pre-trained.shape = (256,), variable.shape = (256,)
2018-06-20 23:47:22,471 INFO     w:0, scope_name = res4s_branch2b, pre-trained.shape = (3, 3, 256, 256), variable.shape = (3, 3, 256, 256)
2018-06-20 23:47:22,580 INFO     b:0, scope_name = res4s_branch2b, pre-trained.shape = (256,), variable.shape = (256,)
2018-06-20 23:47:22,687 INFO     gamma:0, scope_name = bn4s_branch2b, pre-trained.shape = (256,), variable.shape = (256,)
2018-06-20 23:47:22,802 INFO     beta:0, scope_name = bn4s_branch2b, pre-trained.shape = (256,), variable.shape = (256,)
2018-06-20 23:47:22,908 INFO     m:0, scope_name = bn4s_branch2b, pre-trained.shape = (256,), variable.shape = (256,)
2018-06-20 23:47:23,023 INFO     v:0, scope_name = bn4s_branch2b, pre-trained.shape = (256,), variable.shape = (256,)
2018-06-20 23:47:23,133 INFO     w:0, scope_name = res4s_branch2c, pre-trained.shape = (1, 1, 256, 1024), variable.shape = (1, 1, 256, 1024)
2018-06-20 23:47:23,246 INFO     b:0, scope_name = res4s_branch2c, pre-trained.shape = (1024,), variable.shape = (1024,)
2018-06-20 23:47:23,357 INFO     gamma:0, scope_name = bn4s_branch2c, pre-trained.shape = (1024,), variable.shape = (1024,)
2018-06-20 23:47:23,470 INFO     beta:0, scope_name = bn4s_branch2c, pre-trained.shape = (1024,), variable.shape = (1024,)
2018-06-20 23:47:23,577 INFO     m:0, scope_name = bn4s_branch2c, pre-trained.shape = (1024,), variable.shape = (1024,)
2018-06-20 23:47:23,688 INFO     v:0, scope_name = bn4s_branch2c, pre-trained.shape = (1024,), variable.shape = (1024,)
2018-06-20 23:47:23,798 INFO     w:0, scope_name = res4t_branch2a, pre-trained.shape = (1, 1, 1024, 256), variable.shape = (1, 1, 1024, 256)
2018-06-20 23:47:23,911 INFO     b:0, scope_name = res4t_branch2a, pre-trained.shape = (256,), variable.shape = (256,)
2018-06-20 23:47:24,017 INFO     gamma:0, scope_name = bn4t_branch2a, pre-trained.shape = (256,), variable.shape = (256,)
2018-06-20 23:47:24,137 INFO     beta:0, scope_name = bn4t_branch2a, pre-trained.shape = (256,), variable.shape = (256,)
2018-06-20 23:47:24,250 INFO     m:0, scope_name = bn4t_branch2a, pre-trained.shape = (256,), variable.shape = (256,)
2018-06-20 23:47:24,359 INFO     v:0, scope_name = bn4t_branch2a, pre-trained.shape = (256,), variable.shape = (256,)
2018-06-20 23:47:24,473 INFO     w:0, scope_name = res4t_branch2b, pre-trained.shape = (3, 3, 256, 256), variable.shape = (3, 3, 256, 256)
2018-06-20 23:47:24,588 INFO     b:0, scope_name = res4t_branch2b, pre-trained.shape = (256,), variable.shape = (256,)
2018-06-20 23:47:24,700 INFO     gamma:0, scope_name = bn4t_branch2b, pre-trained.shape = (256,), variable.shape = (256,)
2018-06-20 23:47:24,811 INFO     beta:0, scope_name = bn4t_branch2b, pre-trained.shape = (256,), variable.shape = (256,)
2018-06-20 23:47:24,923 INFO     m:0, scope_name = bn4t_branch2b, pre-trained.shape = (256,), variable.shape = (256,)
2018-06-20 23:47:25,029 INFO     v:0, scope_name = bn4t_branch2b, pre-trained.shape = (256,), variable.shape = (256,)
2018-06-20 23:47:25,146 INFO     w:0, scope_name = res4t_branch2c, pre-trained.shape = (1, 1, 256, 1024), variable.shape = (1, 1, 256, 1024)
2018-06-20 23:47:25,261 INFO     b:0, scope_name = res4t_branch2c, pre-trained.shape = (1024,), variable.shape = (1024,)
2018-06-20 23:47:25,368 INFO     gamma:0, scope_name = bn4t_branch2c, pre-trained.shape = (1024,), variable.shape = (1024,)
2018-06-20 23:47:25,481 INFO     beta:0, scope_name = bn4t_branch2c, pre-trained.shape = (1024,), variable.shape = (1024,)
2018-06-20 23:47:25,589 INFO     m:0, scope_name = bn4t_branch2c, pre-trained.shape = (1024,), variable.shape = (1024,)
2018-06-20 23:47:25,701 INFO     v:0, scope_name = bn4t_branch2c, pre-trained.shape = (1024,), variable.shape = (1024,)
2018-06-20 23:47:25,809 INFO     w:0, scope_name = res4u_branch2a, pre-trained.shape = (1, 1, 1024, 256), variable.shape = (1, 1, 1024, 256)
2018-06-20 23:47:25,928 INFO     b:0, scope_name = res4u_branch2a, pre-trained.shape = (256,), variable.shape = (256,)
2018-06-20 23:47:26,036 INFO     gamma:0, scope_name = bn4u_branch2a, pre-trained.shape = (256,), variable.shape = (256,)
2018-06-20 23:47:26,148 INFO     beta:0, scope_name = bn4u_branch2a, pre-trained.shape = (256,), variable.shape = (256,)
2018-06-20 23:47:26,260 INFO     m:0, scope_name = bn4u_branch2a, pre-trained.shape = (256,), variable.shape = (256,)
2018-06-20 23:47:26,374 INFO     v:0, scope_name = bn4u_branch2a, pre-trained.shape = (256,), variable.shape = (256,)
2018-06-20 23:47:26,486 INFO     w:0, scope_name = res4u_branch2b, pre-trained.shape = (3, 3, 256, 256), variable.shape = (3, 3, 256, 256)
2018-06-20 23:47:26,602 INFO     b:0, scope_name = res4u_branch2b, pre-trained.shape = (256,), variable.shape = (256,)
2018-06-20 23:47:26,710 INFO     gamma:0, scope_name = bn4u_branch2b, pre-trained.shape = (256,), variable.shape = (256,)
2018-06-20 23:47:26,825 INFO     beta:0, scope_name = bn4u_branch2b, pre-trained.shape = (256,), variable.shape = (256,)
2018-06-20 23:47:26,936 INFO     m:0, scope_name = bn4u_branch2b, pre-trained.shape = (256,), variable.shape = (256,)
2018-06-20 23:47:27,050 INFO     v:0, scope_name = bn4u_branch2b, pre-trained.shape = (256,), variable.shape = (256,)
2018-06-20 23:47:27,161 INFO     w:0, scope_name = res4u_branch2c, pre-trained.shape = (1, 1, 256, 1024), variable.shape = (1, 1, 256, 1024)
2018-06-20 23:47:27,276 INFO     b:0, scope_name = res4u_branch2c, pre-trained.shape = (1024,), variable.shape = (1024,)
2018-06-20 23:47:27,563 INFO     gamma:0, scope_name = bn4u_branch2c, pre-trained.shape = (1024,), variable.shape = (1024,)
2018-06-20 23:47:27,671 INFO     beta:0, scope_name = bn4u_branch2c, pre-trained.shape = (1024,), variable.shape = (1024,)
2018-06-20 23:47:27,787 INFO     m:0, scope_name = bn4u_branch2c, pre-trained.shape = (1024,), variable.shape = (1024,)
2018-06-20 23:47:27,898 INFO     v:0, scope_name = bn4u_branch2c, pre-trained.shape = (1024,), variable.shape = (1024,)
2018-06-20 23:47:28,011 INFO     w:0, scope_name = res4v_branch2a, pre-trained.shape = (1, 1, 1024, 256), variable.shape = (1, 1, 1024, 256)
2018-06-20 23:47:28,121 INFO     b:0, scope_name = res4v_branch2a, pre-trained.shape = (256,), variable.shape = (256,)
2018-06-20 23:47:28,226 INFO     gamma:0, scope_name = bn4v_branch2a, pre-trained.shape = (256,), variable.shape = (256,)
2018-06-20 23:47:28,349 INFO     beta:0, scope_name = bn4v_branch2a, pre-trained.shape = (256,), variable.shape = (256,)
2018-06-20 23:47:28,457 INFO     m:0, scope_name = bn4v_branch2a, pre-trained.shape = (256,), variable.shape = (256,)
2018-06-20 23:47:28,573 INFO     v:0, scope_name = bn4v_branch2a, pre-trained.shape = (256,), variable.shape = (256,)
2018-06-20 23:47:28,689 INFO     w:0, scope_name = res4v_branch2b, pre-trained.shape = (3, 3, 256, 256), variable.shape = (3, 3, 256, 256)
2018-06-20 23:47:28,807 INFO     b:0, scope_name = res4v_branch2b, pre-trained.shape = (256,), variable.shape = (256,)
2018-06-20 23:47:28,916 INFO     gamma:0, scope_name = bn4v_branch2b, pre-trained.shape = (256,), variable.shape = (256,)
2018-06-20 23:47:29,035 INFO     beta:0, scope_name = bn4v_branch2b, pre-trained.shape = (256,), variable.shape = (256,)
2018-06-20 23:47:29,152 INFO     m:0, scope_name = bn4v_branch2b, pre-trained.shape = (256,), variable.shape = (256,)
2018-06-20 23:47:29,262 INFO     v:0, scope_name = bn4v_branch2b, pre-trained.shape = (256,), variable.shape = (256,)
2018-06-20 23:47:29,378 INFO     w:0, scope_name = res4v_branch2c, pre-trained.shape = (1, 1, 256, 1024), variable.shape = (1, 1, 256, 1024)
2018-06-20 23:47:29,497 INFO     b:0, scope_name = res4v_branch2c, pre-trained.shape = (1024,), variable.shape = (1024,)
2018-06-20 23:47:29,609 INFO     gamma:0, scope_name = bn4v_branch2c, pre-trained.shape = (1024,), variable.shape = (1024,)
2018-06-20 23:47:29,729 INFO     beta:0, scope_name = bn4v_branch2c, pre-trained.shape = (1024,), variable.shape = (1024,)
2018-06-20 23:47:29,844 INFO     m:0, scope_name = bn4v_branch2c, pre-trained.shape = (1024,), variable.shape = (1024,)
2018-06-20 23:47:29,950 INFO     v:0, scope_name = bn4v_branch2c, pre-trained.shape = (1024,), variable.shape = (1024,)
2018-06-20 23:47:30,072 INFO     w:0, scope_name = res4w_branch2a, pre-trained.shape = (1, 1, 1024, 256), variable.shape = (1, 1, 1024, 256)
2018-06-20 23:47:30,189 INFO     b:0, scope_name = res4w_branch2a, pre-trained.shape = (256,), variable.shape = (256,)
2018-06-20 23:47:30,298 INFO     gamma:0, scope_name = bn4w_branch2a, pre-trained.shape = (256,), variable.shape = (256,)
2018-06-20 23:47:30,420 INFO     beta:0, scope_name = bn4w_branch2a, pre-trained.shape = (256,), variable.shape = (256,)
2018-06-20 23:47:30,535 INFO     m:0, scope_name = bn4w_branch2a, pre-trained.shape = (256,), variable.shape = (256,)
2018-06-20 23:47:30,655 INFO     v:0, scope_name = bn4w_branch2a, pre-trained.shape = (256,), variable.shape = (256,)
2018-06-20 23:47:30,767 INFO     w:0, scope_name = res4w_branch2b, pre-trained.shape = (3, 3, 256, 256), variable.shape = (3, 3, 256, 256)
2018-06-20 23:47:30,889 INFO     b:0, scope_name = res4w_branch2b, pre-trained.shape = (256,), variable.shape = (256,)
2018-06-20 23:47:31,002 INFO     gamma:0, scope_name = bn4w_branch2b, pre-trained.shape = (256,), variable.shape = (256,)
2018-06-20 23:47:31,117 INFO     beta:0, scope_name = bn4w_branch2b, pre-trained.shape = (256,), variable.shape = (256,)
2018-06-20 23:47:31,236 INFO     m:0, scope_name = bn4w_branch2b, pre-trained.shape = (256,), variable.shape = (256,)
2018-06-20 23:47:31,349 INFO     v:0, scope_name = bn4w_branch2b, pre-trained.shape = (256,), variable.shape = (256,)
2018-06-20 23:47:31,463 INFO     w:0, scope_name = res4w_branch2c, pre-trained.shape = (1, 1, 256, 1024), variable.shape = (1, 1, 256, 1024)
2018-06-20 23:47:31,578 INFO     b:0, scope_name = res4w_branch2c, pre-trained.shape = (1024,), variable.shape = (1024,)
2018-06-20 23:47:31,688 INFO     gamma:0, scope_name = bn4w_branch2c, pre-trained.shape = (1024,), variable.shape = (1024,)
2018-06-20 23:47:31,808 INFO     beta:0, scope_name = bn4w_branch2c, pre-trained.shape = (1024,), variable.shape = (1024,)
2018-06-20 23:47:31,924 INFO     m:0, scope_name = bn4w_branch2c, pre-trained.shape = (1024,), variable.shape = (1024,)
2018-06-20 23:47:32,042 INFO     v:0, scope_name = bn4w_branch2c, pre-trained.shape = (1024,), variable.shape = (1024,)
2018-06-20 23:47:32,163 INFO     w:0, scope_name = res5a_branch1, pre-trained.shape = (1, 1, 1024, 2048), variable.shape = (1, 1, 1024, 2048)
2018-06-20 23:47:32,282 INFO     b:0, scope_name = res5a_branch1, pre-trained.shape = (2048,), variable.shape = (2048,)
2018-06-20 23:47:32,399 INFO     gamma:0, scope_name = bn5a_branch1, pre-trained.shape = (2048,), variable.shape = (2048,)
2018-06-20 23:47:32,519 INFO     beta:0, scope_name = bn5a_branch1, pre-trained.shape = (2048,), variable.shape = (2048,)
2018-06-20 23:47:32,633 INFO     m:0, scope_name = bn5a_branch1, pre-trained.shape = (2048,), variable.shape = (2048,)
2018-06-20 23:47:32,752 INFO     v:0, scope_name = bn5a_branch1, pre-trained.shape = (2048,), variable.shape = (2048,)
2018-06-20 23:47:32,865 INFO     w:0, scope_name = res5a_branch2a, pre-trained.shape = (1, 1, 1024, 512), variable.shape = (1, 1, 1024, 512)
2018-06-20 23:47:32,984 INFO     b:0, scope_name = res5a_branch2a, pre-trained.shape = (512,), variable.shape = (512,)
2018-06-20 23:47:33,099 INFO     gamma:0, scope_name = bn5a_branch2a, pre-trained.shape = (512,), variable.shape = (512,)
2018-06-20 23:47:33,210 INFO     beta:0, scope_name = bn5a_branch2a, pre-trained.shape = (512,), variable.shape = (512,)
2018-06-20 23:47:33,331 INFO     m:0, scope_name = bn5a_branch2a, pre-trained.shape = (512,), variable.shape = (512,)
2018-06-20 23:47:33,439 INFO     v:0, scope_name = bn5a_branch2a, pre-trained.shape = (512,), variable.shape = (512,)
2018-06-20 23:47:33,556 INFO     w:0, scope_name = res5a_branch2b, pre-trained.shape = (3, 3, 512, 512), variable.shape = (3, 3, 512, 512)
2018-06-20 23:47:33,690 INFO     b:0, scope_name = res5a_branch2b, pre-trained.shape = (512,), variable.shape = (512,)
2018-06-20 23:47:33,796 INFO     gamma:0, scope_name = bn5a_branch2b, pre-trained.shape = (512,), variable.shape = (512,)
2018-06-20 23:47:33,915 INFO     beta:0, scope_name = bn5a_branch2b, pre-trained.shape = (512,), variable.shape = (512,)
2018-06-20 23:47:34,036 INFO     m:0, scope_name = bn5a_branch2b, pre-trained.shape = (512,), variable.shape = (512,)
2018-06-20 23:47:34,150 INFO     v:0, scope_name = bn5a_branch2b, pre-trained.shape = (512,), variable.shape = (512,)
2018-06-20 23:47:34,265 INFO     w:0, scope_name = res5a_branch2c, pre-trained.shape = (1, 1, 512, 2048), variable.shape = (1, 1, 512, 2048)
2018-06-20 23:47:34,386 INFO     b:0, scope_name = res5a_branch2c, pre-trained.shape = (2048,), variable.shape = (2048,)
2018-06-20 23:47:34,492 INFO     gamma:0, scope_name = bn5a_branch2c, pre-trained.shape = (2048,), variable.shape = (2048,)
2018-06-20 23:47:34,615 INFO     beta:0, scope_name = bn5a_branch2c, pre-trained.shape = (2048,), variable.shape = (2048,)
2018-06-20 23:47:34,728 INFO     m:0, scope_name = bn5a_branch2c, pre-trained.shape = (2048,), variable.shape = (2048,)
2018-06-20 23:47:34,845 INFO     v:0, scope_name = bn5a_branch2c, pre-trained.shape = (2048,), variable.shape = (2048,)
2018-06-20 23:47:34,964 INFO     w:0, scope_name = res5b_branch2a, pre-trained.shape = (1, 1, 2048, 512), variable.shape = (1, 1, 2048, 512)
2018-06-20 23:47:35,085 INFO     b:0, scope_name = res5b_branch2a, pre-trained.shape = (512,), variable.shape = (512,)
2018-06-20 23:47:35,198 INFO     gamma:0, scope_name = bn5b_branch2a, pre-trained.shape = (512,), variable.shape = (512,)
2018-06-20 23:47:35,309 INFO     beta:0, scope_name = bn5b_branch2a, pre-trained.shape = (512,), variable.shape = (512,)
2018-06-20 23:47:35,428 INFO     m:0, scope_name = bn5b_branch2a, pre-trained.shape = (512,), variable.shape = (512,)
2018-06-20 23:47:35,541 INFO     v:0, scope_name = bn5b_branch2a, pre-trained.shape = (512,), variable.shape = (512,)
2018-06-20 23:47:35,664 INFO     w:0, scope_name = res5b_branch2b, pre-trained.shape = (3, 3, 512, 512), variable.shape = (3, 3, 512, 512)
2018-06-20 23:47:35,792 INFO     b:0, scope_name = res5b_branch2b, pre-trained.shape = (512,), variable.shape = (512,)
2018-06-20 23:47:35,904 INFO     gamma:0, scope_name = bn5b_branch2b, pre-trained.shape = (512,), variable.shape = (512,)
2018-06-20 23:47:36,025 INFO     beta:0, scope_name = bn5b_branch2b, pre-trained.shape = (512,), variable.shape = (512,)
2018-06-20 23:47:36,143 INFO     m:0, scope_name = bn5b_branch2b, pre-trained.shape = (512,), variable.shape = (512,)
2018-06-20 23:47:36,255 INFO     v:0, scope_name = bn5b_branch2b, pre-trained.shape = (512,), variable.shape = (512,)
2018-06-20 23:47:36,368 INFO     w:0, scope_name = res5b_branch2c, pre-trained.shape = (1, 1, 512, 2048), variable.shape = (1, 1, 512, 2048)
2018-06-20 23:47:36,493 INFO     b:0, scope_name = res5b_branch2c, pre-trained.shape = (2048,), variable.shape = (2048,)
2018-06-20 23:47:36,603 INFO     gamma:0, scope_name = bn5b_branch2c, pre-trained.shape = (2048,), variable.shape = (2048,)
2018-06-20 23:47:36,717 INFO     beta:0, scope_name = bn5b_branch2c, pre-trained.shape = (2048,), variable.shape = (2048,)
2018-06-20 23:47:36,833 INFO     m:0, scope_name = bn5b_branch2c, pre-trained.shape = (2048,), variable.shape = (2048,)
2018-06-20 23:47:36,955 INFO     v:0, scope_name = bn5b_branch2c, pre-trained.shape = (2048,), variable.shape = (2048,)
2018-06-20 23:47:37,075 INFO     w:0, scope_name = res5c_branch2a, pre-trained.shape = (1, 1, 2048, 512), variable.shape = (1, 1, 2048, 512)
2018-06-20 23:47:37,199 INFO     b:0, scope_name = res5c_branch2a, pre-trained.shape = (512,), variable.shape = (512,)
2018-06-20 23:47:37,309 INFO     gamma:0, scope_name = bn5c_branch2a, pre-trained.shape = (512,), variable.shape = (512,)
2018-06-20 23:47:37,429 INFO     beta:0, scope_name = bn5c_branch2a, pre-trained.shape = (512,), variable.shape = (512,)
2018-06-20 23:47:37,537 INFO     m:0, scope_name = bn5c_branch2a, pre-trained.shape = (512,), variable.shape = (512,)
2018-06-20 23:47:37,655 INFO     v:0, scope_name = bn5c_branch2a, pre-trained.shape = (512,), variable.shape = (512,)
2018-06-20 23:47:37,770 INFO     w:0, scope_name = res5c_branch2b, pre-trained.shape = (3, 3, 512, 512), variable.shape = (3, 3, 512, 512)
2018-06-20 23:47:37,904 INFO     b:0, scope_name = res5c_branch2b, pre-trained.shape = (512,), variable.shape = (512,)
2018-06-20 23:47:38,018 INFO     gamma:0, scope_name = bn5c_branch2b, pre-trained.shape = (512,), variable.shape = (512,)
2018-06-20 23:47:38,132 INFO     beta:0, scope_name = bn5c_branch2b, pre-trained.shape = (512,), variable.shape = (512,)
2018-06-20 23:47:38,253 INFO     m:0, scope_name = bn5c_branch2b, pre-trained.shape = (512,), variable.shape = (512,)
2018-06-20 23:47:38,368 INFO     v:0, scope_name = bn5c_branch2b, pre-trained.shape = (512,), variable.shape = (512,)
2018-06-20 23:47:38,484 INFO     w:0, scope_name = res5c_branch2c, pre-trained.shape = (1, 1, 512, 2048), variable.shape = (1, 1, 512, 2048)
2018-06-20 23:47:38,601 INFO     b:0, scope_name = res5c_branch2c, pre-trained.shape = (2048,), variable.shape = (2048,)
2018-06-20 23:47:38,715 INFO     gamma:0, scope_name = bn5c_branch2c, pre-trained.shape = (2048,), variable.shape = (2048,)
2018-06-20 23:47:38,838 INFO     beta:0, scope_name = bn5c_branch2c, pre-trained.shape = (2048,), variable.shape = (2048,)
2018-06-20 23:47:38,955 INFO     m:0, scope_name = bn5c_branch2c, pre-trained.shape = (2048,), variable.shape = (2048,)
2018-06-20 23:47:39,069 INFO     v:0, scope_name = bn5c_branch2c, pre-trained.shape = (2048,), variable.shape = (2048,)
2018-06-20 23:47:39,191 INFO     w:0, scope_name = fpn_c5p5, pre-trained.shape = (1, 1, 2048, 256), variable.shape = (1, 1, 2048, 256)
2018-06-20 23:47:39,302 INFO     b:0, scope_name = fpn_c5p5, pre-trained.shape = (256,), variable.shape = (256,)
2018-06-20 23:47:39,413 INFO     w:0, scope_name = fpn_c4p4, pre-trained.shape = (1, 1, 1024, 256), variable.shape = (1, 1, 1024, 256)
2018-06-20 23:47:39,535 INFO     b:0, scope_name = fpn_c4p4, pre-trained.shape = (256,), variable.shape = (256,)
2018-06-20 23:47:39,649 INFO     w:0, scope_name = fpn_c3p3, pre-trained.shape = (1, 1, 512, 256), variable.shape = (1, 1, 512, 256)
2018-06-20 23:47:39,766 INFO     b:0, scope_name = fpn_c3p3, pre-trained.shape = (256,), variable.shape = (256,)
2018-06-20 23:47:39,886 INFO     w:0, scope_name = fpn_c2p2, pre-trained.shape = (1, 1, 256, 256), variable.shape = (1, 1, 256, 256)
2018-06-20 23:47:40,007 INFO     b:0, scope_name = fpn_c2p2, pre-trained.shape = (256,), variable.shape = (256,)
2018-06-20 23:47:40,124 INFO     w:0, scope_name = fpn_p2, pre-trained.shape = (3, 3, 256, 256), variable.shape = (3, 3, 256, 256)
2018-06-20 23:47:40,240 INFO     b:0, scope_name = fpn_p2, pre-trained.shape = (256,), variable.shape = (256,)
2018-06-20 23:47:40,349 INFO     w:0, scope_name = fpn_p3, pre-trained.shape = (3, 3, 256, 256), variable.shape = (3, 3, 256, 256)
2018-06-20 23:47:40,466 INFO     b:0, scope_name = fpn_p3, pre-trained.shape = (256,), variable.shape = (256,)
2018-06-20 23:47:40,579 INFO     w:0, scope_name = fpn_p4, pre-trained.shape = (3, 3, 256, 256), variable.shape = (3, 3, 256, 256)
2018-06-20 23:47:40,702 INFO     b:0, scope_name = fpn_p4, pre-trained.shape = (256,), variable.shape = (256,)
2018-06-20 23:47:40,814 INFO     w:0, scope_name = fpn_p5, pre-trained.shape = (3, 3, 256, 256), variable.shape = (3, 3, 256, 256)
2018-06-20 23:47:40,940 INFO     b:0, scope_name = fpn_p5, pre-trained.shape = (256,), variable.shape = (256,)
2018-06-20 23:47:41,055 INFO     w:0, scope_name = rpn_conv_shared, pre-trained.shape = (3, 3, 256, 512), variable.shape = (3, 3, 256, 512)
2018-06-20 23:47:41,181 INFO     b:0, scope_name = rpn_conv_shared, pre-trained.shape = (512,), variable.shape = (512,)
2018-06-20 23:47:41,295 INFO     w:0, scope_name = rpn_class_raw, pre-trained.shape = (1, 1, 512, 6), variable.shape = (1, 1, 512, 6)
2018-06-20 23:47:41,414 INFO     b:0, scope_name = rpn_class_raw, pre-trained.shape = (6,), variable.shape = (6,)
2018-06-20 23:47:41,530 INFO     w:0, scope_name = rpn_bbox_pred, pre-trained.shape = (1, 1, 512, 12), variable.shape = (1, 1, 512, 12)
2018-06-20 23:47:41,648 INFO     b:0, scope_name = rpn_bbox_pred, pre-trained.shape = (12,), variable.shape = (12,)
2018-06-20 23:48:07,361 INFO     w:0, scope_name = mrcnn_class_conv1, pre-trained.shape = (7, 7, 256, 1024), variable.shape = (7, 7, 256, 1024)
2018-06-20 23:48:07,624 INFO     b:0, scope_name = mrcnn_class_conv1, pre-trained.shape = (1024,), variable.shape = (1024,)
2018-06-20 23:48:07,743 INFO     gamma:0, scope_name = mrcnn_class_bn1, pre-trained.shape = (1024,), variable.shape = (1024,)
2018-06-20 23:48:07,859 INFO     beta:0, scope_name = mrcnn_class_bn1, pre-trained.shape = (1024,), variable.shape = (1024,)
2018-06-20 23:48:07,979 INFO     m:0, scope_name = mrcnn_class_bn1, pre-trained.shape = (1024,), variable.shape = (1024,)
2018-06-20 23:48:08,101 INFO     v:0, scope_name = mrcnn_class_bn1, pre-trained.shape = (1024,), variable.shape = (1024,)
2018-06-20 23:48:08,222 INFO     w:0, scope_name = mrcnn_class_conv2, pre-trained.shape = (1, 1, 1024, 1024), variable.shape = (1, 1, 1024, 1024)
2018-06-20 23:48:08,347 INFO     b:0, scope_name = mrcnn_class_conv2, pre-trained.shape = (1024,), variable.shape = (1024,)
2018-06-20 23:48:08,464 INFO     gamma:0, scope_name = mrcnn_class_bn2, pre-trained.shape = (1024,), variable.shape = (1024,)
2018-06-20 23:48:08,583 INFO     beta:0, scope_name = mrcnn_class_bn2, pre-trained.shape = (1024,), variable.shape = (1024,)
2018-06-20 23:48:08,703 INFO     m:0, scope_name = mrcnn_class_bn2, pre-trained.shape = (1024,), variable.shape = (1024,)
2018-06-20 23:48:08,822 INFO     v:0, scope_name = mrcnn_class_bn2, pre-trained.shape = (1024,), variable.shape = (1024,)
2018-06-20 23:48:08,940 INFO     w:0, scope_name = mrcnn_class_logits, pre-trained.shape = (1024, 81), variable.shape = (1024, 81)
2018-06-20 23:48:09,058 INFO     b:0, scope_name = mrcnn_class_logits, pre-trained.shape = (81,), variable.shape = (81,)
2018-06-20 23:48:09,181 INFO     w:0, scope_name = mrcnn_bbox_fc, pre-trained.shape = (1024, 324), variable.shape = (1024, 324)
2018-06-20 23:48:09,305 INFO     b:0, scope_name = mrcnn_bbox_fc, pre-trained.shape = (324,), variable.shape = (324,)
