2018-07-07 17:09:30,176 INFO     Anchors: running for..... scales=32, feature_map_shapes=[256 256], feature_map_strides=4
2018-07-07 17:09:30,181 INFO     Anchors: Box width shape = (65536, 3)
2018-07-07 17:09:30,182 INFO     Anchors: Box height shape = (65536, 3)
2018-07-07 17:09:30,182 INFO     Anchors: Box center_x shape = (65536, 3)
2018-07-07 17:09:30,182 INFO     Anchors: Box center_y shape = (65536, 3)
2018-07-07 17:09:30,190 INFO     Anchors: Stacked Box corner coordinates shape = (196608, 4)
2018-07-07 17:09:30,191 INFO     Anchors: running for..... scales=64, feature_map_shapes=[128 128], feature_map_strides=8
2018-07-07 17:09:30,193 INFO     Anchors: Box width shape = (16384, 3)
2018-07-07 17:09:30,193 INFO     Anchors: Box height shape = (16384, 3)
2018-07-07 17:09:30,193 INFO     Anchors: Box center_x shape = (16384, 3)
2018-07-07 17:09:30,193 INFO     Anchors: Box center_y shape = (16384, 3)
2018-07-07 17:09:30,195 INFO     Anchors: Stacked Box corner coordinates shape = (49152, 4)
2018-07-07 17:09:30,200 INFO     Anchors: running for..... scales=128, feature_map_shapes=[64 64], feature_map_strides=16
2018-07-07 17:09:30,201 INFO     Anchors: Box width shape = (4096, 3)
2018-07-07 17:09:30,201 INFO     Anchors: Box height shape = (4096, 3)
2018-07-07 17:09:30,201 INFO     Anchors: Box center_x shape = (4096, 3)
2018-07-07 17:09:30,201 INFO     Anchors: Box center_y shape = (4096, 3)
2018-07-07 17:09:30,203 INFO     Anchors: Stacked Box corner coordinates shape = (12288, 4)
2018-07-07 17:09:30,203 INFO     Anchors: running for..... scales=256, feature_map_shapes=[32 32], feature_map_strides=32
2018-07-07 17:09:30,203 INFO     Anchors: Box width shape = (1024, 3)
2018-07-07 17:09:30,203 INFO     Anchors: Box height shape = (1024, 3)
2018-07-07 17:09:30,203 INFO     Anchors: Box center_x shape = (1024, 3)
2018-07-07 17:09:30,204 INFO     Anchors: Box center_y shape = (1024, 3)
2018-07-07 17:09:30,204 INFO     Anchors: Stacked Box corner coordinates shape = (3072, 4)
2018-07-07 17:09:30,204 INFO     Anchors: running for..... scales=512, feature_map_shapes=[16 16], feature_map_strides=64
2018-07-07 17:09:30,204 INFO     Anchors: Box width shape = (256, 3)
2018-07-07 17:09:30,204 INFO     Anchors: Box height shape = (256, 3)
2018-07-07 17:09:30,204 INFO     Anchors: Box center_x shape = (256, 3)
2018-07-07 17:09:30,205 INFO     Anchors: Box center_y shape = (256, 3)
2018-07-07 17:09:30,205 INFO     Anchors: Stacked Box corner coordinates shape = (768, 4)
2018-07-07 17:09:30,210 INFO     Anchors: concatenated for each stage: shape = (261888, 4)
2018-07-07 17:09:30,210 INFO     Anchors: Broadcast to num_batches: shape = (1, 261888, 4)
2018-07-07 17:09:30,246 INFO     Image height = 1024, width = 1024 ................
2018-07-07 17:09:30,246 INFO     Initiating FPN BOTTOM-UP .................................
2018-07-07 17:09:30,250 INFO     Zero_padded: [None, 1030, 1030, 3]
2018-07-07 17:09:30,250 INFO     STAGE 1 ...........................
2018-07-07 17:09:30,294 INFO     Conv2D: [None, 512, 512, 64]
2018-07-07 17:09:30,298 INFO     MaxPool2d: [None, 256, 256, 64]
2018-07-07 17:09:30,298 INFO     STAGE 2 ...........................
2018-07-07 17:09:30,340 INFO     res2a_branch1: [None, 256, 256, 256]
2018-07-07 17:09:30,384 INFO     res2a_branch2a: [None, 256, 256, 64]
2018-07-07 17:09:30,433 INFO     res2a_branch2b: [None, 256, 256, 64]
2018-07-07 17:09:30,476 INFO     res2a_branch2c: [None, 256, 256, 256]
2018-07-07 17:09:30,478 INFO     relu2a_branch_out: [None, 256, 256, 256]
2018-07-07 17:09:30,523 INFO     res2b_branch2a: [None, 256, 256, 64]
2018-07-07 17:09:30,567 INFO     res2b_branch2b: [None, 256, 256, 64]
2018-07-07 17:09:30,611 INFO     res2b_branch2c: [None, 256, 256, 256]
2018-07-07 17:09:30,613 INFO     relu2b_branch_out: [None, 256, 256, 256]
2018-07-07 17:09:30,657 INFO     res2c_branch2a: [None, 256, 256, 64]
2018-07-07 17:09:30,794 INFO     res2c_branch2b: [None, 256, 256, 64]
2018-07-07 17:09:30,859 INFO     res2c_branch2c: [None, 256, 256, 256]
2018-07-07 17:09:30,862 INFO     relu2c_branch_out: [None, 256, 256, 256]
2018-07-07 17:09:30,862 INFO     STAGE 3 ...........................
2018-07-07 17:09:30,907 INFO     res3a_branch1: [None, 128, 128, 512]
2018-07-07 17:09:30,962 INFO     res3a_branch2a: [None, 128, 128, 128]
2018-07-07 17:09:31,006 INFO     res3a_branch2b: [None, 128, 128, 128]
2018-07-07 17:09:31,050 INFO     res3a_branch2c: [None, 128, 128, 512]
2018-07-07 17:09:31,052 INFO     relu3a_branch_out: [None, 128, 128, 512]
2018-07-07 17:09:31,096 INFO     res3b_branch2a: [None, 128, 128, 128]
2018-07-07 17:09:31,141 INFO     res3b_branch2b: [None, 128, 128, 128]
2018-07-07 17:09:31,187 INFO     res3b_branch2c: [None, 128, 128, 512]
2018-07-07 17:09:31,189 INFO     relu3b_branch_out: [None, 128, 128, 512]
2018-07-07 17:09:31,235 INFO     res3c_branch2a: [None, 128, 128, 128]
2018-07-07 17:09:31,280 INFO     res3c_branch2b: [None, 128, 128, 128]
2018-07-07 17:09:31,326 INFO     res3c_branch2c: [None, 128, 128, 512]
2018-07-07 17:09:31,328 INFO     relu3c_branch_out: [None, 128, 128, 512]
2018-07-07 17:09:31,373 INFO     res3d_branch2a: [None, 128, 128, 128]
2018-07-07 17:09:31,420 INFO     res3d_branch2b: [None, 128, 128, 128]
2018-07-07 17:09:31,463 INFO     res3d_branch2c: [None, 128, 128, 512]
2018-07-07 17:09:31,465 INFO     relu3d_branch_out: [None, 128, 128, 512]
2018-07-07 17:09:31,465 INFO     STAGE 4 ...........................
2018-07-07 17:09:31,511 INFO     res4a_branch1: [None, 64, 64, 1024]
2018-07-07 17:09:31,556 INFO     res4a_branch2a: [None, 64, 64, 256]
2018-07-07 17:09:31,601 INFO     res4a_branch2b: [None, 64, 64, 256]
2018-07-07 17:09:31,645 INFO     res4a_branch2c: [None, 64, 64, 1024]
2018-07-07 17:09:31,647 INFO     relu4a_branch_out: [None, 64, 64, 1024]
2018-07-07 17:09:31,695 INFO     res4b_branch2a: [None, 64, 64, 256]
2018-07-07 17:09:31,749 INFO     res4b_branch2b: [None, 64, 64, 256]
2018-07-07 17:09:31,794 INFO     res4b_branch2c: [None, 64, 64, 1024]
2018-07-07 17:09:31,796 INFO     relu4b_branch_out: [None, 64, 64, 1024]
2018-07-07 17:09:31,846 INFO     res4c_branch2a: [None, 64, 64, 256]
2018-07-07 17:09:31,892 INFO     res4c_branch2b: [None, 64, 64, 256]
2018-07-07 17:09:32,050 INFO     res4c_branch2c: [None, 64, 64, 1024]
2018-07-07 17:09:32,052 INFO     relu4c_branch_out: [None, 64, 64, 1024]
2018-07-07 17:09:32,097 INFO     res4d_branch2a: [None, 64, 64, 256]
2018-07-07 17:09:32,142 INFO     res4d_branch2b: [None, 64, 64, 256]
2018-07-07 17:09:32,186 INFO     res4d_branch2c: [None, 64, 64, 1024]
2018-07-07 17:09:32,189 INFO     relu4d_branch_out: [None, 64, 64, 1024]
2018-07-07 17:09:32,236 INFO     res4e_branch2a: [None, 64, 64, 256]
2018-07-07 17:09:32,280 INFO     res4e_branch2b: [None, 64, 64, 256]
2018-07-07 17:09:32,326 INFO     res4e_branch2c: [None, 64, 64, 1024]
2018-07-07 17:09:32,328 INFO     relu4e_branch_out: [None, 64, 64, 1024]
2018-07-07 17:09:32,372 INFO     res4f_branch2a: [None, 64, 64, 256]
2018-07-07 17:09:32,419 INFO     res4f_branch2b: [None, 64, 64, 256]
2018-07-07 17:09:32,462 INFO     res4f_branch2c: [None, 64, 64, 1024]
2018-07-07 17:09:32,465 INFO     relu4f_branch_out: [None, 64, 64, 1024]
2018-07-07 17:09:32,511 INFO     res4g_branch2a: [None, 64, 64, 256]
2018-07-07 17:09:32,557 INFO     res4g_branch2b: [None, 64, 64, 256]
2018-07-07 17:09:32,602 INFO     res4g_branch2c: [None, 64, 64, 1024]
2018-07-07 17:09:32,604 INFO     relu4g_branch_out: [None, 64, 64, 1024]
2018-07-07 17:09:32,649 INFO     res4h_branch2a: [None, 64, 64, 256]
2018-07-07 17:09:32,694 INFO     res4h_branch2b: [None, 64, 64, 256]
2018-07-07 17:09:32,744 INFO     res4h_branch2c: [None, 64, 64, 1024]
2018-07-07 17:09:32,747 INFO     relu4h_branch_out: [None, 64, 64, 1024]
2018-07-07 17:09:32,799 INFO     res4i_branch2a: [None, 64, 64, 256]
2018-07-07 17:09:32,846 INFO     res4i_branch2b: [None, 64, 64, 256]
2018-07-07 17:09:32,890 INFO     res4i_branch2c: [None, 64, 64, 1024]
2018-07-07 17:09:32,893 INFO     relu4i_branch_out: [None, 64, 64, 1024]
2018-07-07 17:09:32,941 INFO     res4j_branch2a: [None, 64, 64, 256]
2018-07-07 17:09:32,987 INFO     res4j_branch2b: [None, 64, 64, 256]
2018-07-07 17:09:33,034 INFO     res4j_branch2c: [None, 64, 64, 1024]
2018-07-07 17:09:33,036 INFO     relu4j_branch_out: [None, 64, 64, 1024]
2018-07-07 17:09:33,080 INFO     res4k_branch2a: [None, 64, 64, 256]
2018-07-07 17:09:33,128 INFO     res4k_branch2b: [None, 64, 64, 256]
2018-07-07 17:09:33,172 INFO     res4k_branch2c: [None, 64, 64, 1024]
2018-07-07 17:09:33,174 INFO     relu4k_branch_out: [None, 64, 64, 1024]
2018-07-07 17:09:33,222 INFO     res4l_branch2a: [None, 64, 64, 256]
2018-07-07 17:09:33,388 INFO     res4l_branch2b: [None, 64, 64, 256]
2018-07-07 17:09:33,434 INFO     res4l_branch2c: [None, 64, 64, 1024]
2018-07-07 17:09:33,436 INFO     relu4l_branch_out: [None, 64, 64, 1024]
2018-07-07 17:09:33,481 INFO     res4m_branch2a: [None, 64, 64, 256]
2018-07-07 17:09:33,527 INFO     res4m_branch2b: [None, 64, 64, 256]
2018-07-07 17:09:33,571 INFO     res4m_branch2c: [None, 64, 64, 1024]
2018-07-07 17:09:33,574 INFO     relu4m_branch_out: [None, 64, 64, 1024]
2018-07-07 17:09:33,624 INFO     res4n_branch2a: [None, 64, 64, 256]
2018-07-07 17:09:33,676 INFO     res4n_branch2b: [None, 64, 64, 256]
2018-07-07 17:09:33,725 INFO     res4n_branch2c: [None, 64, 64, 1024]
2018-07-07 17:09:33,728 INFO     relu4n_branch_out: [None, 64, 64, 1024]
2018-07-07 17:09:33,782 INFO     res4o_branch2a: [None, 64, 64, 256]
2018-07-07 17:09:33,830 INFO     res4o_branch2b: [None, 64, 64, 256]
2018-07-07 17:09:33,874 INFO     res4o_branch2c: [None, 64, 64, 1024]
2018-07-07 17:09:33,876 INFO     relu4o_branch_out: [None, 64, 64, 1024]
2018-07-07 17:09:33,922 INFO     res4p_branch2a: [None, 64, 64, 256]
2018-07-07 17:09:33,967 INFO     res4p_branch2b: [None, 64, 64, 256]
2018-07-07 17:09:34,012 INFO     res4p_branch2c: [None, 64, 64, 1024]
2018-07-07 17:09:34,015 INFO     relu4p_branch_out: [None, 64, 64, 1024]
2018-07-07 17:09:34,060 INFO     res4q_branch2a: [None, 64, 64, 256]
2018-07-07 17:09:34,106 INFO     res4q_branch2b: [None, 64, 64, 256]
2018-07-07 17:09:34,150 INFO     res4q_branch2c: [None, 64, 64, 1024]
2018-07-07 17:09:34,153 INFO     relu4q_branch_out: [None, 64, 64, 1024]
2018-07-07 17:09:34,198 INFO     res4r_branch2a: [None, 64, 64, 256]
2018-07-07 17:09:34,244 INFO     res4r_branch2b: [None, 64, 64, 256]
2018-07-07 17:09:34,289 INFO     res4r_branch2c: [None, 64, 64, 1024]
2018-07-07 17:09:34,292 INFO     relu4r_branch_out: [None, 64, 64, 1024]
2018-07-07 17:09:34,337 INFO     res4s_branch2a: [None, 64, 64, 256]
2018-07-07 17:09:34,382 INFO     res4s_branch2b: [None, 64, 64, 256]
2018-07-07 17:09:34,427 INFO     res4s_branch2c: [None, 64, 64, 1024]
2018-07-07 17:09:34,430 INFO     relu4s_branch_out: [None, 64, 64, 1024]
2018-07-07 17:09:34,475 INFO     res4t_branch2a: [None, 64, 64, 256]
2018-07-07 17:09:34,521 INFO     res4t_branch2b: [None, 64, 64, 256]
2018-07-07 17:09:34,565 INFO     res4t_branch2c: [None, 64, 64, 1024]
2018-07-07 17:09:34,567 INFO     relu4t_branch_out: [None, 64, 64, 1024]
2018-07-07 17:09:34,613 INFO     res4u_branch2a: [None, 64, 64, 256]
2018-07-07 17:09:34,659 INFO     res4u_branch2b: [None, 64, 64, 256]
2018-07-07 17:09:34,704 INFO     res4u_branch2c: [None, 64, 64, 1024]
2018-07-07 17:09:34,707 INFO     relu4u_branch_out: [None, 64, 64, 1024]
2018-07-07 17:09:34,754 INFO     res4v_branch2a: [None, 64, 64, 256]
2018-07-07 17:09:34,800 INFO     res4v_branch2b: [None, 64, 64, 256]
2018-07-07 17:09:34,997 INFO     res4v_branch2c: [None, 64, 64, 1024]
2018-07-07 17:09:35,000 INFO     relu4v_branch_out: [None, 64, 64, 1024]
2018-07-07 17:09:35,046 INFO     res4w_branch2a: [None, 64, 64, 256]
2018-07-07 17:09:35,095 INFO     res4w_branch2b: [None, 64, 64, 256]
2018-07-07 17:09:35,139 INFO     res4w_branch2c: [None, 64, 64, 1024]
2018-07-07 17:09:35,142 INFO     relu4w_branch_out: [None, 64, 64, 1024]
2018-07-07 17:09:35,142 INFO     STAGE 5 ...........................
2018-07-07 17:09:35,185 INFO     res5a_branch1: [None, 32, 32, 2048]
2018-07-07 17:09:35,230 INFO     res5a_branch2a: [None, 32, 32, 512]
2018-07-07 17:09:35,276 INFO     res5a_branch2b: [None, 32, 32, 512]
2018-07-07 17:09:35,320 INFO     res5a_branch2c: [None, 32, 32, 2048]
2018-07-07 17:09:35,325 INFO     relu5a_branch_out: [None, 32, 32, 2048]
2018-07-07 17:09:35,371 INFO     res5b_branch2a: [None, 32, 32, 512]
2018-07-07 17:09:35,416 INFO     res5b_branch2b: [None, 32, 32, 512]
2018-07-07 17:09:35,459 INFO     res5b_branch2c: [None, 32, 32, 2048]
2018-07-07 17:09:35,462 INFO     relu5b_branch_out: [None, 32, 32, 2048]
2018-07-07 17:09:35,506 INFO     res5c_branch2a: [None, 32, 32, 512]
2018-07-07 17:09:35,551 INFO     res5c_branch2b: [None, 32, 32, 512]
2018-07-07 17:09:35,595 INFO     res5c_branch2c: [None, 32, 32, 2048]
2018-07-07 17:09:35,597 INFO     relu5c_branch_out: [None, 32, 32, 2048]
2018-07-07 17:09:35,598 INFO     Initiating FPN TOP-DOWN .................................
2018-07-07 17:09:35,620 INFO     FPN - M5: [None, 32, 32, 256]
2018-07-07 17:09:35,653 INFO     FPN - M4: [None, 64, 64, 256]
2018-07-07 17:09:35,686 INFO     FPN - M3: [None, 128, 128, 256]
2018-07-07 17:09:35,719 INFO     FPN - M2: [None, 256, 256, 256]
2018-07-07 17:09:35,803 INFO     FPN - P2 = [None, 256, 256, 256], P3 = [None, 128, 128, 256], P4 = [None, 64, 64, 256], P5 = [None, 32, 32, 256], P6 = [None, 16, 16, 256]:
2018-07-07 17:09:35,832 INFO     RPN - Shared_conv: [None, None, None, 512]
2018-07-07 17:09:35,855 INFO     RPN - Conv Class: [None, None, None, 6]
2018-07-07 17:09:35,868 INFO     rpn_class_logits: [None, None, 2]
2018-07-07 17:09:35,885 INFO     rpn_class_probs: [None, None, 2]
2018-07-07 17:09:35,907 INFO     RPN - Conv Bbox: [None, None, None, 12]
2018-07-07 17:09:35,920 INFO     rpn_bbox: [None, None, 4]
2018-07-07 17:09:35,931 INFO     Foreground_probs shape: (?, ?)
2018-07-07 17:09:35,933 INFO     bbox_delta shape: (?, ?, 4)
2018-07-07 17:09:35,933 INFO     anchors shape: (?, ?, 4)
2018-07-07 17:09:35,942 INFO     max_anc_before_nms shape: Tensor("Minimum:0", shape=(), dtype=int32)
2018-07-07 17:09:35,944 INFO     ix shape: [None, None]
2018-07-07 17:09:35,985 INFO     scores shape = (?, ?)
2018-07-07 17:09:35,986 INFO     Box delta shape = (?, ?, 4)
2018-07-07 17:09:35,988 INFO     anchors shape = (?, ?, 4)
2018-07-07 17:09:36,139 INFO     bx_nw shape: [1, None, None]
2018-07-07 17:09:39,716 INFO     w:0, scope_name = conv1, pre-trained.shape = (7, 7, 3, 64), variable.shape = (7, 7, 3, 64)
2018-07-07 17:09:39,809 INFO     b:0, scope_name = conv1, pre-trained.shape = (64,), variable.shape = (64,)
2018-07-07 17:09:39,892 INFO     gamma:0, scope_name = bn_conv1, pre-trained.shape = (64,), variable.shape = (64,)
2018-07-07 17:09:39,975 INFO     beta:0, scope_name = bn_conv1, pre-trained.shape = (64,), variable.shape = (64,)
2018-07-07 17:09:40,054 INFO     m:0, scope_name = bn_conv1, pre-trained.shape = (64,), variable.shape = (64,)
2018-07-07 17:09:40,135 INFO     v:0, scope_name = bn_conv1, pre-trained.shape = (64,), variable.shape = (64,)
2018-07-07 17:09:40,218 INFO     w:0, scope_name = res2a_branch1, pre-trained.shape = (1, 1, 64, 256), variable.shape = (1, 1, 64, 256)
2018-07-07 17:09:40,304 INFO     b:0, scope_name = res2a_branch1, pre-trained.shape = (256,), variable.shape = (256,)
2018-07-07 17:09:40,398 INFO     gamma:0, scope_name = bn2a_branch1, pre-trained.shape = (256,), variable.shape = (256,)
2018-07-07 17:09:40,483 INFO     beta:0, scope_name = bn2a_branch1, pre-trained.shape = (256,), variable.shape = (256,)
2018-07-07 17:09:40,571 INFO     m:0, scope_name = bn2a_branch1, pre-trained.shape = (256,), variable.shape = (256,)
2018-07-07 17:09:40,652 INFO     v:0, scope_name = bn2a_branch1, pre-trained.shape = (256,), variable.shape = (256,)
2018-07-07 17:09:40,731 INFO     w:0, scope_name = res2a_branch2a, pre-trained.shape = (1, 1, 64, 64), variable.shape = (1, 1, 64, 64)
2018-07-07 17:09:40,812 INFO     b:0, scope_name = res2a_branch2a, pre-trained.shape = (64,), variable.shape = (64,)
2018-07-07 17:09:40,892 INFO     gamma:0, scope_name = bn2a_branch2a, pre-trained.shape = (64,), variable.shape = (64,)
2018-07-07 17:09:40,972 INFO     beta:0, scope_name = bn2a_branch2a, pre-trained.shape = (64,), variable.shape = (64,)
2018-07-07 17:09:41,053 INFO     m:0, scope_name = bn2a_branch2a, pre-trained.shape = (64,), variable.shape = (64,)
2018-07-07 17:09:41,143 INFO     v:0, scope_name = bn2a_branch2a, pre-trained.shape = (64,), variable.shape = (64,)
2018-07-07 17:09:41,228 INFO     w:0, scope_name = res2a_branch2b, pre-trained.shape = (3, 3, 64, 64), variable.shape = (3, 3, 64, 64)
2018-07-07 17:09:41,309 INFO     b:0, scope_name = res2a_branch2b, pre-trained.shape = (64,), variable.shape = (64,)
2018-07-07 17:09:41,399 INFO     gamma:0, scope_name = bn2a_branch2b, pre-trained.shape = (64,), variable.shape = (64,)
2018-07-07 17:09:41,483 INFO     beta:0, scope_name = bn2a_branch2b, pre-trained.shape = (64,), variable.shape = (64,)
2018-07-07 17:09:41,566 INFO     m:0, scope_name = bn2a_branch2b, pre-trained.shape = (64,), variable.shape = (64,)
2018-07-07 17:09:41,646 INFO     v:0, scope_name = bn2a_branch2b, pre-trained.shape = (64,), variable.shape = (64,)
2018-07-07 17:09:41,727 INFO     w:0, scope_name = res2a_branch2c, pre-trained.shape = (1, 1, 64, 256), variable.shape = (1, 1, 64, 256)
2018-07-07 17:09:41,810 INFO     b:0, scope_name = res2a_branch2c, pre-trained.shape = (256,), variable.shape = (256,)
2018-07-07 17:09:41,899 INFO     gamma:0, scope_name = bn2a_branch2c, pre-trained.shape = (256,), variable.shape = (256,)
2018-07-07 17:09:41,981 INFO     beta:0, scope_name = bn2a_branch2c, pre-trained.shape = (256,), variable.shape = (256,)
2018-07-07 17:09:42,060 INFO     m:0, scope_name = bn2a_branch2c, pre-trained.shape = (256,), variable.shape = (256,)
2018-07-07 17:09:42,139 INFO     v:0, scope_name = bn2a_branch2c, pre-trained.shape = (256,), variable.shape = (256,)
2018-07-07 17:09:42,222 INFO     w:0, scope_name = res2b_branch2a, pre-trained.shape = (1, 1, 256, 64), variable.shape = (1, 1, 256, 64)
2018-07-07 17:09:42,312 INFO     b:0, scope_name = res2b_branch2a, pre-trained.shape = (64,), variable.shape = (64,)
2018-07-07 17:09:42,403 INFO     gamma:0, scope_name = bn2b_branch2a, pre-trained.shape = (64,), variable.shape = (64,)
2018-07-07 17:09:42,490 INFO     beta:0, scope_name = bn2b_branch2a, pre-trained.shape = (64,), variable.shape = (64,)
2018-07-07 17:09:42,577 INFO     m:0, scope_name = bn2b_branch2a, pre-trained.shape = (64,), variable.shape = (64,)
2018-07-07 17:09:42,663 INFO     v:0, scope_name = bn2b_branch2a, pre-trained.shape = (64,), variable.shape = (64,)
2018-07-07 17:09:42,746 INFO     w:0, scope_name = res2b_branch2b, pre-trained.shape = (3, 3, 64, 64), variable.shape = (3, 3, 64, 64)
2018-07-07 17:09:42,829 INFO     b:0, scope_name = res2b_branch2b, pre-trained.shape = (64,), variable.shape = (64,)
2018-07-07 17:09:42,916 INFO     gamma:0, scope_name = bn2b_branch2b, pre-trained.shape = (64,), variable.shape = (64,)
2018-07-07 17:09:43,004 INFO     beta:0, scope_name = bn2b_branch2b, pre-trained.shape = (64,), variable.shape = (64,)
2018-07-07 17:09:43,088 INFO     m:0, scope_name = bn2b_branch2b, pre-trained.shape = (64,), variable.shape = (64,)
2018-07-07 17:09:43,179 INFO     v:0, scope_name = bn2b_branch2b, pre-trained.shape = (64,), variable.shape = (64,)
2018-07-07 17:09:43,264 INFO     w:0, scope_name = res2b_branch2c, pre-trained.shape = (1, 1, 64, 256), variable.shape = (1, 1, 64, 256)
2018-07-07 17:09:43,349 INFO     b:0, scope_name = res2b_branch2c, pre-trained.shape = (256,), variable.shape = (256,)
2018-07-07 17:09:43,439 INFO     gamma:0, scope_name = bn2b_branch2c, pre-trained.shape = (256,), variable.shape = (256,)
2018-07-07 17:09:43,528 INFO     beta:0, scope_name = bn2b_branch2c, pre-trained.shape = (256,), variable.shape = (256,)
2018-07-07 17:09:43,621 INFO     m:0, scope_name = bn2b_branch2c, pre-trained.shape = (256,), variable.shape = (256,)
2018-07-07 17:09:43,710 INFO     v:0, scope_name = bn2b_branch2c, pre-trained.shape = (256,), variable.shape = (256,)
2018-07-07 17:09:43,795 INFO     w:0, scope_name = res2c_branch2a, pre-trained.shape = (1, 1, 256, 64), variable.shape = (1, 1, 256, 64)
2018-07-07 17:09:43,879 INFO     b:0, scope_name = res2c_branch2a, pre-trained.shape = (64,), variable.shape = (64,)
2018-07-07 17:09:43,971 INFO     gamma:0, scope_name = bn2c_branch2a, pre-trained.shape = (64,), variable.shape = (64,)
2018-07-07 17:09:44,054 INFO     beta:0, scope_name = bn2c_branch2a, pre-trained.shape = (64,), variable.shape = (64,)
2018-07-07 17:09:44,149 INFO     m:0, scope_name = bn2c_branch2a, pre-trained.shape = (64,), variable.shape = (64,)
2018-07-07 17:09:44,236 INFO     v:0, scope_name = bn2c_branch2a, pre-trained.shape = (64,), variable.shape = (64,)
2018-07-07 17:09:44,319 INFO     w:0, scope_name = res2c_branch2b, pre-trained.shape = (3, 3, 64, 64), variable.shape = (3, 3, 64, 64)
2018-07-07 17:09:44,404 INFO     b:0, scope_name = res2c_branch2b, pre-trained.shape = (64,), variable.shape = (64,)
2018-07-07 17:09:44,494 INFO     gamma:0, scope_name = bn2c_branch2b, pre-trained.shape = (64,), variable.shape = (64,)
2018-07-07 17:09:44,586 INFO     beta:0, scope_name = bn2c_branch2b, pre-trained.shape = (64,), variable.shape = (64,)
2018-07-07 17:09:44,672 INFO     m:0, scope_name = bn2c_branch2b, pre-trained.shape = (64,), variable.shape = (64,)
2018-07-07 17:09:44,756 INFO     v:0, scope_name = bn2c_branch2b, pre-trained.shape = (64,), variable.shape = (64,)
2018-07-07 17:09:44,846 INFO     w:0, scope_name = res2c_branch2c, pre-trained.shape = (1, 1, 64, 256), variable.shape = (1, 1, 64, 256)
2018-07-07 17:09:44,936 INFO     b:0, scope_name = res2c_branch2c, pre-trained.shape = (256,), variable.shape = (256,)
2018-07-07 17:09:45,022 INFO     gamma:0, scope_name = bn2c_branch2c, pre-trained.shape = (256,), variable.shape = (256,)
2018-07-07 17:09:45,107 INFO     beta:0, scope_name = bn2c_branch2c, pre-trained.shape = (256,), variable.shape = (256,)
2018-07-07 17:09:45,188 INFO     m:0, scope_name = bn2c_branch2c, pre-trained.shape = (256,), variable.shape = (256,)
2018-07-07 17:09:45,281 INFO     v:0, scope_name = bn2c_branch2c, pre-trained.shape = (256,), variable.shape = (256,)
2018-07-07 17:09:45,370 INFO     w:0, scope_name = res3a_branch1, pre-trained.shape = (1, 1, 256, 512), variable.shape = (1, 1, 256, 512)
2018-07-07 17:09:45,455 INFO     b:0, scope_name = res3a_branch1, pre-trained.shape = (512,), variable.shape = (512,)
2018-07-07 17:09:45,550 INFO     gamma:0, scope_name = bn3a_branch1, pre-trained.shape = (512,), variable.shape = (512,)
2018-07-07 17:09:45,640 INFO     beta:0, scope_name = bn3a_branch1, pre-trained.shape = (512,), variable.shape = (512,)
2018-07-07 17:09:45,732 INFO     m:0, scope_name = bn3a_branch1, pre-trained.shape = (512,), variable.shape = (512,)
2018-07-07 17:09:45,825 INFO     v:0, scope_name = bn3a_branch1, pre-trained.shape = (512,), variable.shape = (512,)
2018-07-07 17:09:45,911 INFO     w:0, scope_name = res3a_branch2a, pre-trained.shape = (1, 1, 256, 128), variable.shape = (1, 1, 256, 128)
2018-07-07 17:09:46,004 INFO     b:0, scope_name = res3a_branch2a, pre-trained.shape = (128,), variable.shape = (128,)
2018-07-07 17:09:46,092 INFO     gamma:0, scope_name = bn3a_branch2a, pre-trained.shape = (128,), variable.shape = (128,)
2018-07-07 17:09:46,177 INFO     beta:0, scope_name = bn3a_branch2a, pre-trained.shape = (128,), variable.shape = (128,)
2018-07-07 17:09:46,260 INFO     m:0, scope_name = bn3a_branch2a, pre-trained.shape = (128,), variable.shape = (128,)
2018-07-07 17:09:46,344 INFO     v:0, scope_name = bn3a_branch2a, pre-trained.shape = (128,), variable.shape = (128,)
2018-07-07 17:09:46,439 INFO     w:0, scope_name = res3a_branch2b, pre-trained.shape = (3, 3, 128, 128), variable.shape = (3, 3, 128, 128)
2018-07-07 17:09:46,530 INFO     b:0, scope_name = res3a_branch2b, pre-trained.shape = (128,), variable.shape = (128,)
2018-07-07 17:09:46,623 INFO     gamma:0, scope_name = bn3a_branch2b, pre-trained.shape = (128,), variable.shape = (128,)
2018-07-07 17:09:46,710 INFO     beta:0, scope_name = bn3a_branch2b, pre-trained.shape = (128,), variable.shape = (128,)
2018-07-07 17:09:46,797 INFO     m:0, scope_name = bn3a_branch2b, pre-trained.shape = (128,), variable.shape = (128,)
2018-07-07 17:09:46,888 INFO     v:0, scope_name = bn3a_branch2b, pre-trained.shape = (128,), variable.shape = (128,)
2018-07-07 17:09:46,974 INFO     w:0, scope_name = res3a_branch2c, pre-trained.shape = (1, 1, 128, 512), variable.shape = (1, 1, 128, 512)
2018-07-07 17:09:47,075 INFO     b:0, scope_name = res3a_branch2c, pre-trained.shape = (512,), variable.shape = (512,)
2018-07-07 17:09:47,162 INFO     gamma:0, scope_name = bn3a_branch2c, pre-trained.shape = (512,), variable.shape = (512,)
2018-07-07 17:09:47,246 INFO     beta:0, scope_name = bn3a_branch2c, pre-trained.shape = (512,), variable.shape = (512,)
2018-07-07 17:09:47,327 INFO     m:0, scope_name = bn3a_branch2c, pre-trained.shape = (512,), variable.shape = (512,)
2018-07-07 17:09:47,410 INFO     v:0, scope_name = bn3a_branch2c, pre-trained.shape = (512,), variable.shape = (512,)
2018-07-07 17:09:47,494 INFO     w:0, scope_name = res3b_branch2a, pre-trained.shape = (1, 1, 512, 128), variable.shape = (1, 1, 512, 128)
2018-07-07 17:09:47,581 INFO     b:0, scope_name = res3b_branch2a, pre-trained.shape = (128,), variable.shape = (128,)
2018-07-07 17:09:47,671 INFO     gamma:0, scope_name = bn3b_branch2a, pre-trained.shape = (128,), variable.shape = (128,)
2018-07-07 17:09:47,759 INFO     beta:0, scope_name = bn3b_branch2a, pre-trained.shape = (128,), variable.shape = (128,)
2018-07-07 17:09:47,847 INFO     m:0, scope_name = bn3b_branch2a, pre-trained.shape = (128,), variable.shape = (128,)
2018-07-07 17:09:47,931 INFO     v:0, scope_name = bn3b_branch2a, pre-trained.shape = (128,), variable.shape = (128,)
2018-07-07 17:09:48,027 INFO     w:0, scope_name = res3b_branch2b, pre-trained.shape = (3, 3, 128, 128), variable.shape = (3, 3, 128, 128)
2018-07-07 17:09:48,117 INFO     b:0, scope_name = res3b_branch2b, pre-trained.shape = (128,), variable.shape = (128,)
2018-07-07 17:09:48,207 INFO     gamma:0, scope_name = bn3b_branch2b, pre-trained.shape = (128,), variable.shape = (128,)
2018-07-07 17:09:48,295 INFO     beta:0, scope_name = bn3b_branch2b, pre-trained.shape = (128,), variable.shape = (128,)
2018-07-07 17:09:48,386 INFO     m:0, scope_name = bn3b_branch2b, pre-trained.shape = (128,), variable.shape = (128,)
2018-07-07 17:09:48,477 INFO     v:0, scope_name = bn3b_branch2b, pre-trained.shape = (128,), variable.shape = (128,)
2018-07-07 17:09:48,569 INFO     w:0, scope_name = res3b_branch2c, pre-trained.shape = (1, 1, 128, 512), variable.shape = (1, 1, 128, 512)
2018-07-07 17:09:48,665 INFO     b:0, scope_name = res3b_branch2c, pre-trained.shape = (512,), variable.shape = (512,)
2018-07-07 17:09:48,749 INFO     gamma:0, scope_name = bn3b_branch2c, pre-trained.shape = (512,), variable.shape = (512,)
2018-07-07 17:09:48,837 INFO     beta:0, scope_name = bn3b_branch2c, pre-trained.shape = (512,), variable.shape = (512,)
2018-07-07 17:09:48,922 INFO     m:0, scope_name = bn3b_branch2c, pre-trained.shape = (512,), variable.shape = (512,)
2018-07-07 17:09:49,006 INFO     v:0, scope_name = bn3b_branch2c, pre-trained.shape = (512,), variable.shape = (512,)
2018-07-07 17:09:49,090 INFO     w:0, scope_name = res3c_branch2a, pre-trained.shape = (1, 1, 512, 128), variable.shape = (1, 1, 512, 128)
2018-07-07 17:09:49,185 INFO     b:0, scope_name = res3c_branch2a, pre-trained.shape = (128,), variable.shape = (128,)
2018-07-07 17:09:49,274 INFO     gamma:0, scope_name = bn3c_branch2a, pre-trained.shape = (128,), variable.shape = (128,)
2018-07-07 17:09:49,360 INFO     beta:0, scope_name = bn3c_branch2a, pre-trained.shape = (128,), variable.shape = (128,)
2018-07-07 17:09:49,454 INFO     m:0, scope_name = bn3c_branch2a, pre-trained.shape = (128,), variable.shape = (128,)
2018-07-07 17:09:49,542 INFO     v:0, scope_name = bn3c_branch2a, pre-trained.shape = (128,), variable.shape = (128,)
2018-07-07 17:09:49,629 INFO     w:0, scope_name = res3c_branch2b, pre-trained.shape = (3, 3, 128, 128), variable.shape = (3, 3, 128, 128)
2018-07-07 17:09:49,723 INFO     b:0, scope_name = res3c_branch2b, pre-trained.shape = (128,), variable.shape = (128,)
2018-07-07 17:09:49,819 INFO     gamma:0, scope_name = bn3c_branch2b, pre-trained.shape = (128,), variable.shape = (128,)
2018-07-07 17:09:49,905 INFO     beta:0, scope_name = bn3c_branch2b, pre-trained.shape = (128,), variable.shape = (128,)
2018-07-07 17:09:49,999 INFO     m:0, scope_name = bn3c_branch2b, pre-trained.shape = (128,), variable.shape = (128,)
2018-07-07 17:09:50,092 INFO     v:0, scope_name = bn3c_branch2b, pre-trained.shape = (128,), variable.shape = (128,)
2018-07-07 17:09:50,178 INFO     w:0, scope_name = res3c_branch2c, pre-trained.shape = (1, 1, 128, 512), variable.shape = (1, 1, 128, 512)
2018-07-07 17:09:50,274 INFO     b:0, scope_name = res3c_branch2c, pre-trained.shape = (512,), variable.shape = (512,)
2018-07-07 17:09:50,363 INFO     gamma:0, scope_name = bn3c_branch2c, pre-trained.shape = (512,), variable.shape = (512,)
2018-07-07 17:09:50,454 INFO     beta:0, scope_name = bn3c_branch2c, pre-trained.shape = (512,), variable.shape = (512,)
2018-07-07 17:09:50,549 INFO     m:0, scope_name = bn3c_branch2c, pre-trained.shape = (512,), variable.shape = (512,)
2018-07-07 17:09:50,646 INFO     v:0, scope_name = bn3c_branch2c, pre-trained.shape = (512,), variable.shape = (512,)
2018-07-07 17:09:50,733 INFO     w:0, scope_name = res3d_branch2a, pre-trained.shape = (1, 1, 512, 128), variable.shape = (1, 1, 512, 128)
2018-07-07 17:09:50,820 INFO     b:0, scope_name = res3d_branch2a, pre-trained.shape = (128,), variable.shape = (128,)
2018-07-07 17:09:50,912 INFO     gamma:0, scope_name = bn3d_branch2a, pre-trained.shape = (128,), variable.shape = (128,)
2018-07-07 17:09:51,003 INFO     beta:0, scope_name = bn3d_branch2a, pre-trained.shape = (128,), variable.shape = (128,)
2018-07-07 17:09:51,090 INFO     m:0, scope_name = bn3d_branch2a, pre-trained.shape = (128,), variable.shape = (128,)
2018-07-07 17:09:51,177 INFO     v:0, scope_name = bn3d_branch2a, pre-trained.shape = (128,), variable.shape = (128,)
2018-07-07 17:09:51,264 INFO     w:0, scope_name = res3d_branch2b, pre-trained.shape = (3, 3, 128, 128), variable.shape = (3, 3, 128, 128)
2018-07-07 17:09:51,352 INFO     b:0, scope_name = res3d_branch2b, pre-trained.shape = (128,), variable.shape = (128,)
2018-07-07 17:09:51,442 INFO     gamma:0, scope_name = bn3d_branch2b, pre-trained.shape = (128,), variable.shape = (128,)
2018-07-07 17:09:51,537 INFO     beta:0, scope_name = bn3d_branch2b, pre-trained.shape = (128,), variable.shape = (128,)
2018-07-07 17:09:51,628 INFO     m:0, scope_name = bn3d_branch2b, pre-trained.shape = (128,), variable.shape = (128,)
2018-07-07 17:09:51,720 INFO     v:0, scope_name = bn3d_branch2b, pre-trained.shape = (128,), variable.shape = (128,)
2018-07-07 17:09:51,815 INFO     w:0, scope_name = res3d_branch2c, pre-trained.shape = (1, 1, 128, 512), variable.shape = (1, 1, 128, 512)
2018-07-07 17:09:51,908 INFO     b:0, scope_name = res3d_branch2c, pre-trained.shape = (512,), variable.shape = (512,)
2018-07-07 17:09:52,005 INFO     gamma:0, scope_name = bn3d_branch2c, pre-trained.shape = (512,), variable.shape = (512,)
2018-07-07 17:09:52,100 INFO     beta:0, scope_name = bn3d_branch2c, pre-trained.shape = (512,), variable.shape = (512,)
2018-07-07 17:09:52,193 INFO     m:0, scope_name = bn3d_branch2c, pre-trained.shape = (512,), variable.shape = (512,)
2018-07-07 17:09:52,283 INFO     v:0, scope_name = bn3d_branch2c, pre-trained.shape = (512,), variable.shape = (512,)
2018-07-07 17:09:52,375 INFO     w:0, scope_name = res4a_branch1, pre-trained.shape = (1, 1, 512, 1024), variable.shape = (1, 1, 512, 1024)
2018-07-07 17:09:52,465 INFO     b:0, scope_name = res4a_branch1, pre-trained.shape = (1024,), variable.shape = (1024,)
2018-07-07 17:09:52,558 INFO     gamma:0, scope_name = bn4a_branch1, pre-trained.shape = (1024,), variable.shape = (1024,)
2018-07-07 17:09:52,647 INFO     beta:0, scope_name = bn4a_branch1, pre-trained.shape = (1024,), variable.shape = (1024,)
2018-07-07 17:09:52,734 INFO     m:0, scope_name = bn4a_branch1, pre-trained.shape = (1024,), variable.shape = (1024,)
2018-07-07 17:09:52,826 INFO     v:0, scope_name = bn4a_branch1, pre-trained.shape = (1024,), variable.shape = (1024,)
2018-07-07 17:09:52,915 INFO     w:0, scope_name = res4a_branch2a, pre-trained.shape = (1, 1, 512, 256), variable.shape = (1, 1, 512, 256)
2018-07-07 17:09:53,005 INFO     b:0, scope_name = res4a_branch2a, pre-trained.shape = (256,), variable.shape = (256,)
2018-07-07 17:09:53,096 INFO     gamma:0, scope_name = bn4a_branch2a, pre-trained.shape = (256,), variable.shape = (256,)
2018-07-07 17:09:53,186 INFO     beta:0, scope_name = bn4a_branch2a, pre-trained.shape = (256,), variable.shape = (256,)
2018-07-07 17:09:53,276 INFO     m:0, scope_name = bn4a_branch2a, pre-trained.shape = (256,), variable.shape = (256,)
2018-07-07 17:09:53,373 INFO     v:0, scope_name = bn4a_branch2a, pre-trained.shape = (256,), variable.shape = (256,)
2018-07-07 17:09:53,461 INFO     w:0, scope_name = res4a_branch2b, pre-trained.shape = (3, 3, 256, 256), variable.shape = (3, 3, 256, 256)
2018-07-07 17:09:53,553 INFO     b:0, scope_name = res4a_branch2b, pre-trained.shape = (256,), variable.shape = (256,)
2018-07-07 17:09:53,651 INFO     gamma:0, scope_name = bn4a_branch2b, pre-trained.shape = (256,), variable.shape = (256,)
2018-07-07 17:09:53,739 INFO     beta:0, scope_name = bn4a_branch2b, pre-trained.shape = (256,), variable.shape = (256,)
2018-07-07 17:09:53,825 INFO     m:0, scope_name = bn4a_branch2b, pre-trained.shape = (256,), variable.shape = (256,)
2018-07-07 17:09:53,924 INFO     v:0, scope_name = bn4a_branch2b, pre-trained.shape = (256,), variable.shape = (256,)
2018-07-07 17:09:54,016 INFO     w:0, scope_name = res4a_branch2c, pre-trained.shape = (1, 1, 256, 1024), variable.shape = (1, 1, 256, 1024)
2018-07-07 17:09:54,109 INFO     b:0, scope_name = res4a_branch2c, pre-trained.shape = (1024,), variable.shape = (1024,)
2018-07-07 17:09:54,204 INFO     gamma:0, scope_name = bn4a_branch2c, pre-trained.shape = (1024,), variable.shape = (1024,)
2018-07-07 17:09:54,289 INFO     beta:0, scope_name = bn4a_branch2c, pre-trained.shape = (1024,), variable.shape = (1024,)
2018-07-07 17:09:54,374 INFO     m:0, scope_name = bn4a_branch2c, pre-trained.shape = (1024,), variable.shape = (1024,)
2018-07-07 17:09:54,470 INFO     v:0, scope_name = bn4a_branch2c, pre-trained.shape = (1024,), variable.shape = (1024,)
2018-07-07 17:09:54,562 INFO     w:0, scope_name = res4b_branch2a, pre-trained.shape = (1, 1, 1024, 256), variable.shape = (1, 1, 1024, 256)
2018-07-07 17:09:54,648 INFO     b:0, scope_name = res4b_branch2a, pre-trained.shape = (256,), variable.shape = (256,)
2018-07-07 17:09:54,737 INFO     gamma:0, scope_name = bn4b_branch2a, pre-trained.shape = (256,), variable.shape = (256,)
2018-07-07 17:09:54,837 INFO     beta:0, scope_name = bn4b_branch2a, pre-trained.shape = (256,), variable.shape = (256,)
2018-07-07 17:09:54,932 INFO     m:0, scope_name = bn4b_branch2a, pre-trained.shape = (256,), variable.shape = (256,)
2018-07-07 17:09:55,024 INFO     v:0, scope_name = bn4b_branch2a, pre-trained.shape = (256,), variable.shape = (256,)
2018-07-07 17:09:55,122 INFO     w:0, scope_name = res4b_branch2b, pre-trained.shape = (3, 3, 256, 256), variable.shape = (3, 3, 256, 256)
2018-07-07 17:09:55,223 INFO     b:0, scope_name = res4b_branch2b, pre-trained.shape = (256,), variable.shape = (256,)
2018-07-07 17:09:55,318 INFO     gamma:0, scope_name = bn4b_branch2b, pre-trained.shape = (256,), variable.shape = (256,)
2018-07-07 17:09:55,412 INFO     beta:0, scope_name = bn4b_branch2b, pre-trained.shape = (256,), variable.shape = (256,)
2018-07-07 17:09:55,506 INFO     m:0, scope_name = bn4b_branch2b, pre-trained.shape = (256,), variable.shape = (256,)
2018-07-07 17:09:55,602 INFO     v:0, scope_name = bn4b_branch2b, pre-trained.shape = (256,), variable.shape = (256,)
2018-07-07 17:09:55,696 INFO     w:0, scope_name = res4b_branch2c, pre-trained.shape = (1, 1, 256, 1024), variable.shape = (1, 1, 256, 1024)
2018-07-07 17:09:55,790 INFO     b:0, scope_name = res4b_branch2c, pre-trained.shape = (1024,), variable.shape = (1024,)
2018-07-07 17:09:55,880 INFO     gamma:0, scope_name = bn4b_branch2c, pre-trained.shape = (1024,), variable.shape = (1024,)
2018-07-07 17:09:55,972 INFO     beta:0, scope_name = bn4b_branch2c, pre-trained.shape = (1024,), variable.shape = (1024,)
2018-07-07 17:09:56,065 INFO     m:0, scope_name = bn4b_branch2c, pre-trained.shape = (1024,), variable.shape = (1024,)
2018-07-07 17:09:56,163 INFO     v:0, scope_name = bn4b_branch2c, pre-trained.shape = (1024,), variable.shape = (1024,)
2018-07-07 17:09:56,261 INFO     w:0, scope_name = res4c_branch2a, pre-trained.shape = (1, 1, 1024, 256), variable.shape = (1, 1, 1024, 256)
2018-07-07 17:09:56,359 INFO     b:0, scope_name = res4c_branch2a, pre-trained.shape = (256,), variable.shape = (256,)
2018-07-07 17:09:56,456 INFO     gamma:0, scope_name = bn4c_branch2a, pre-trained.shape = (256,), variable.shape = (256,)
2018-07-07 17:09:56,549 INFO     beta:0, scope_name = bn4c_branch2a, pre-trained.shape = (256,), variable.shape = (256,)
2018-07-07 17:09:56,642 INFO     m:0, scope_name = bn4c_branch2a, pre-trained.shape = (256,), variable.shape = (256,)
2018-07-07 17:09:56,738 INFO     v:0, scope_name = bn4c_branch2a, pre-trained.shape = (256,), variable.shape = (256,)
2018-07-07 17:09:56,837 INFO     w:0, scope_name = res4c_branch2b, pre-trained.shape = (3, 3, 256, 256), variable.shape = (3, 3, 256, 256)
2018-07-07 17:09:56,940 INFO     b:0, scope_name = res4c_branch2b, pre-trained.shape = (256,), variable.shape = (256,)
2018-07-07 17:09:57,039 INFO     gamma:0, scope_name = bn4c_branch2b, pre-trained.shape = (256,), variable.shape = (256,)
2018-07-07 17:09:57,136 INFO     beta:0, scope_name = bn4c_branch2b, pre-trained.shape = (256,), variable.shape = (256,)
2018-07-07 17:09:57,233 INFO     m:0, scope_name = bn4c_branch2b, pre-trained.shape = (256,), variable.shape = (256,)
2018-07-07 17:09:57,328 INFO     v:0, scope_name = bn4c_branch2b, pre-trained.shape = (256,), variable.shape = (256,)
2018-07-07 17:09:57,422 INFO     w:0, scope_name = res4c_branch2c, pre-trained.shape = (1, 1, 256, 1024), variable.shape = (1, 1, 256, 1024)
2018-07-07 17:09:57,517 INFO     b:0, scope_name = res4c_branch2c, pre-trained.shape = (1024,), variable.shape = (1024,)
2018-07-07 17:09:57,621 INFO     gamma:0, scope_name = bn4c_branch2c, pre-trained.shape = (1024,), variable.shape = (1024,)
2018-07-07 17:09:57,717 INFO     beta:0, scope_name = bn4c_branch2c, pre-trained.shape = (1024,), variable.shape = (1024,)
2018-07-07 17:09:57,813 INFO     m:0, scope_name = bn4c_branch2c, pre-trained.shape = (1024,), variable.shape = (1024,)
2018-07-07 17:09:57,906 INFO     v:0, scope_name = bn4c_branch2c, pre-trained.shape = (1024,), variable.shape = (1024,)
2018-07-07 17:09:58,004 INFO     w:0, scope_name = res4d_branch2a, pre-trained.shape = (1, 1, 1024, 256), variable.shape = (1, 1, 1024, 256)
2018-07-07 17:09:58,103 INFO     b:0, scope_name = res4d_branch2a, pre-trained.shape = (256,), variable.shape = (256,)
2018-07-07 17:09:58,201 INFO     gamma:0, scope_name = bn4d_branch2a, pre-trained.shape = (256,), variable.shape = (256,)
2018-07-07 17:09:58,292 INFO     beta:0, scope_name = bn4d_branch2a, pre-trained.shape = (256,), variable.shape = (256,)
2018-07-07 17:09:58,391 INFO     m:0, scope_name = bn4d_branch2a, pre-trained.shape = (256,), variable.shape = (256,)
2018-07-07 17:09:58,483 INFO     v:0, scope_name = bn4d_branch2a, pre-trained.shape = (256,), variable.shape = (256,)
2018-07-07 17:09:58,585 INFO     w:0, scope_name = res4d_branch2b, pre-trained.shape = (3, 3, 256, 256), variable.shape = (3, 3, 256, 256)
2018-07-07 17:09:58,691 INFO     b:0, scope_name = res4d_branch2b, pre-trained.shape = (256,), variable.shape = (256,)
2018-07-07 17:09:58,785 INFO     gamma:0, scope_name = bn4d_branch2b, pre-trained.shape = (256,), variable.shape = (256,)
2018-07-07 17:09:58,879 INFO     beta:0, scope_name = bn4d_branch2b, pre-trained.shape = (256,), variable.shape = (256,)
2018-07-07 17:09:58,981 INFO     m:0, scope_name = bn4d_branch2b, pre-trained.shape = (256,), variable.shape = (256,)
2018-07-07 17:09:59,073 INFO     v:0, scope_name = bn4d_branch2b, pre-trained.shape = (256,), variable.shape = (256,)
2018-07-07 17:09:59,167 INFO     w:0, scope_name = res4d_branch2c, pre-trained.shape = (1, 1, 256, 1024), variable.shape = (1, 1, 256, 1024)
2018-07-07 17:09:59,265 INFO     b:0, scope_name = res4d_branch2c, pre-trained.shape = (1024,), variable.shape = (1024,)
2018-07-07 17:09:59,364 INFO     gamma:0, scope_name = bn4d_branch2c, pre-trained.shape = (1024,), variable.shape = (1024,)
2018-07-07 17:09:59,461 INFO     beta:0, scope_name = bn4d_branch2c, pre-trained.shape = (1024,), variable.shape = (1024,)
2018-07-07 17:09:59,556 INFO     m:0, scope_name = bn4d_branch2c, pre-trained.shape = (1024,), variable.shape = (1024,)
2018-07-07 17:09:59,652 INFO     v:0, scope_name = bn4d_branch2c, pre-trained.shape = (1024,), variable.shape = (1024,)
2018-07-07 17:09:59,750 INFO     w:0, scope_name = res4e_branch2a, pre-trained.shape = (1, 1, 1024, 256), variable.shape = (1, 1, 1024, 256)
2018-07-07 17:09:59,852 INFO     b:0, scope_name = res4e_branch2a, pre-trained.shape = (256,), variable.shape = (256,)
2018-07-07 17:09:59,945 INFO     gamma:0, scope_name = bn4e_branch2a, pre-trained.shape = (256,), variable.shape = (256,)
2018-07-07 17:10:00,038 INFO     beta:0, scope_name = bn4e_branch2a, pre-trained.shape = (256,), variable.shape = (256,)
2018-07-07 17:10:00,134 INFO     m:0, scope_name = bn4e_branch2a, pre-trained.shape = (256,), variable.shape = (256,)
2018-07-07 17:10:00,234 INFO     v:0, scope_name = bn4e_branch2a, pre-trained.shape = (256,), variable.shape = (256,)
2018-07-07 17:10:00,335 INFO     w:0, scope_name = res4e_branch2b, pre-trained.shape = (3, 3, 256, 256), variable.shape = (3, 3, 256, 256)
2018-07-07 17:10:00,432 INFO     b:0, scope_name = res4e_branch2b, pre-trained.shape = (256,), variable.shape = (256,)
2018-07-07 17:10:00,527 INFO     gamma:0, scope_name = bn4e_branch2b, pre-trained.shape = (256,), variable.shape = (256,)
2018-07-07 17:10:00,619 INFO     beta:0, scope_name = bn4e_branch2b, pre-trained.shape = (256,), variable.shape = (256,)
2018-07-07 17:10:00,715 INFO     m:0, scope_name = bn4e_branch2b, pre-trained.shape = (256,), variable.shape = (256,)
2018-07-07 17:10:00,813 INFO     v:0, scope_name = bn4e_branch2b, pre-trained.shape = (256,), variable.shape = (256,)
2018-07-07 17:10:00,925 INFO     w:0, scope_name = res4e_branch2c, pre-trained.shape = (1, 1, 256, 1024), variable.shape = (1, 1, 256, 1024)
2018-07-07 17:10:01,018 INFO     b:0, scope_name = res4e_branch2c, pre-trained.shape = (1024,), variable.shape = (1024,)
2018-07-07 17:10:01,109 INFO     gamma:0, scope_name = bn4e_branch2c, pre-trained.shape = (1024,), variable.shape = (1024,)
2018-07-07 17:10:01,210 INFO     beta:0, scope_name = bn4e_branch2c, pre-trained.shape = (1024,), variable.shape = (1024,)
2018-07-07 17:10:01,305 INFO     m:0, scope_name = bn4e_branch2c, pre-trained.shape = (1024,), variable.shape = (1024,)
2018-07-07 17:10:01,404 INFO     v:0, scope_name = bn4e_branch2c, pre-trained.shape = (1024,), variable.shape = (1024,)
2018-07-07 17:10:01,493 INFO     w:0, scope_name = res4f_branch2a, pre-trained.shape = (1, 1, 1024, 256), variable.shape = (1, 1, 1024, 256)
2018-07-07 17:10:01,581 INFO     b:0, scope_name = res4f_branch2a, pre-trained.shape = (256,), variable.shape = (256,)
2018-07-07 17:10:01,682 INFO     gamma:0, scope_name = bn4f_branch2a, pre-trained.shape = (256,), variable.shape = (256,)
2018-07-07 17:10:01,778 INFO     beta:0, scope_name = bn4f_branch2a, pre-trained.shape = (256,), variable.shape = (256,)
2018-07-07 17:10:01,879 INFO     m:0, scope_name = bn4f_branch2a, pre-trained.shape = (256,), variable.shape = (256,)
2018-07-07 17:10:01,969 INFO     v:0, scope_name = bn4f_branch2a, pre-trained.shape = (256,), variable.shape = (256,)
2018-07-07 17:10:02,059 INFO     w:0, scope_name = res4f_branch2b, pre-trained.shape = (3, 3, 256, 256), variable.shape = (3, 3, 256, 256)
2018-07-07 17:10:02,152 INFO     b:0, scope_name = res4f_branch2b, pre-trained.shape = (256,), variable.shape = (256,)
2018-07-07 17:10:02,255 INFO     gamma:0, scope_name = bn4f_branch2b, pre-trained.shape = (256,), variable.shape = (256,)
2018-07-07 17:10:02,346 INFO     beta:0, scope_name = bn4f_branch2b, pre-trained.shape = (256,), variable.shape = (256,)
2018-07-07 17:10:02,438 INFO     m:0, scope_name = bn4f_branch2b, pre-trained.shape = (256,), variable.shape = (256,)
2018-07-07 17:10:02,531 INFO     v:0, scope_name = bn4f_branch2b, pre-trained.shape = (256,), variable.shape = (256,)
2018-07-07 17:10:02,623 INFO     w:0, scope_name = res4f_branch2c, pre-trained.shape = (1, 1, 256, 1024), variable.shape = (1, 1, 256, 1024)
2018-07-07 17:10:02,716 INFO     b:0, scope_name = res4f_branch2c, pre-trained.shape = (1024,), variable.shape = (1024,)
2018-07-07 17:10:02,816 INFO     gamma:0, scope_name = bn4f_branch2c, pre-trained.shape = (1024,), variable.shape = (1024,)
2018-07-07 17:10:02,911 INFO     beta:0, scope_name = bn4f_branch2c, pre-trained.shape = (1024,), variable.shape = (1024,)
2018-07-07 17:10:03,005 INFO     m:0, scope_name = bn4f_branch2c, pre-trained.shape = (1024,), variable.shape = (1024,)
2018-07-07 17:10:03,096 INFO     v:0, scope_name = bn4f_branch2c, pre-trained.shape = (1024,), variable.shape = (1024,)
2018-07-07 17:10:03,188 INFO     w:0, scope_name = res4g_branch2a, pre-trained.shape = (1, 1, 1024, 256), variable.shape = (1, 1, 1024, 256)
2018-07-07 17:10:03,293 INFO     b:0, scope_name = res4g_branch2a, pre-trained.shape = (256,), variable.shape = (256,)
2018-07-07 17:10:03,393 INFO     gamma:0, scope_name = bn4g_branch2a, pre-trained.shape = (256,), variable.shape = (256,)
2018-07-07 17:10:03,488 INFO     beta:0, scope_name = bn4g_branch2a, pre-trained.shape = (256,), variable.shape = (256,)
2018-07-07 17:10:03,587 INFO     m:0, scope_name = bn4g_branch2a, pre-trained.shape = (256,), variable.shape = (256,)
2018-07-07 17:10:03,685 INFO     v:0, scope_name = bn4g_branch2a, pre-trained.shape = (256,), variable.shape = (256,)
2018-07-07 17:10:03,779 INFO     w:0, scope_name = res4g_branch2b, pre-trained.shape = (3, 3, 256, 256), variable.shape = (3, 3, 256, 256)
2018-07-07 17:10:03,885 INFO     b:0, scope_name = res4g_branch2b, pre-trained.shape = (256,), variable.shape = (256,)
2018-07-07 17:10:03,984 INFO     gamma:0, scope_name = bn4g_branch2b, pre-trained.shape = (256,), variable.shape = (256,)
2018-07-07 17:10:04,087 INFO     beta:0, scope_name = bn4g_branch2b, pre-trained.shape = (256,), variable.shape = (256,)
2018-07-07 17:10:04,182 INFO     m:0, scope_name = bn4g_branch2b, pre-trained.shape = (256,), variable.shape = (256,)
2018-07-07 17:10:04,278 INFO     v:0, scope_name = bn4g_branch2b, pre-trained.shape = (256,), variable.shape = (256,)
2018-07-07 17:10:04,374 INFO     w:0, scope_name = res4g_branch2c, pre-trained.shape = (1, 1, 256, 1024), variable.shape = (1, 1, 256, 1024)
2018-07-07 17:10:04,479 INFO     b:0, scope_name = res4g_branch2c, pre-trained.shape = (1024,), variable.shape = (1024,)
2018-07-07 17:10:04,576 INFO     gamma:0, scope_name = bn4g_branch2c, pre-trained.shape = (1024,), variable.shape = (1024,)
2018-07-07 17:10:04,668 INFO     beta:0, scope_name = bn4g_branch2c, pre-trained.shape = (1024,), variable.shape = (1024,)
2018-07-07 17:10:04,761 INFO     m:0, scope_name = bn4g_branch2c, pre-trained.shape = (1024,), variable.shape = (1024,)
2018-07-07 17:10:04,863 INFO     v:0, scope_name = bn4g_branch2c, pre-trained.shape = (1024,), variable.shape = (1024,)
2018-07-07 17:10:04,958 INFO     w:0, scope_name = res4h_branch2a, pre-trained.shape = (1, 1, 1024, 256), variable.shape = (1, 1, 1024, 256)
2018-07-07 17:10:05,051 INFO     b:0, scope_name = res4h_branch2a, pre-trained.shape = (256,), variable.shape = (256,)
2018-07-07 17:10:05,151 INFO     gamma:0, scope_name = bn4h_branch2a, pre-trained.shape = (256,), variable.shape = (256,)
2018-07-07 17:10:05,248 INFO     beta:0, scope_name = bn4h_branch2a, pre-trained.shape = (256,), variable.shape = (256,)
2018-07-07 17:10:05,345 INFO     m:0, scope_name = bn4h_branch2a, pre-trained.shape = (256,), variable.shape = (256,)
2018-07-07 17:10:05,451 INFO     v:0, scope_name = bn4h_branch2a, pre-trained.shape = (256,), variable.shape = (256,)
2018-07-07 17:10:05,549 INFO     w:0, scope_name = res4h_branch2b, pre-trained.shape = (3, 3, 256, 256), variable.shape = (3, 3, 256, 256)
2018-07-07 17:10:05,645 INFO     b:0, scope_name = res4h_branch2b, pre-trained.shape = (256,), variable.shape = (256,)
2018-07-07 17:10:05,745 INFO     gamma:0, scope_name = bn4h_branch2b, pre-trained.shape = (256,), variable.shape = (256,)
2018-07-07 17:10:05,838 INFO     beta:0, scope_name = bn4h_branch2b, pre-trained.shape = (256,), variable.shape = (256,)
2018-07-07 17:10:05,931 INFO     m:0, scope_name = bn4h_branch2b, pre-trained.shape = (256,), variable.shape = (256,)
2018-07-07 17:10:06,025 INFO     v:0, scope_name = bn4h_branch2b, pre-trained.shape = (256,), variable.shape = (256,)
2018-07-07 17:10:06,119 INFO     w:0, scope_name = res4h_branch2c, pre-trained.shape = (1, 1, 256, 1024), variable.shape = (1, 1, 256, 1024)
2018-07-07 17:10:06,213 INFO     b:0, scope_name = res4h_branch2c, pre-trained.shape = (1024,), variable.shape = (1024,)
2018-07-07 17:10:06,321 INFO     gamma:0, scope_name = bn4h_branch2c, pre-trained.shape = (1024,), variable.shape = (1024,)
2018-07-07 17:10:06,416 INFO     beta:0, scope_name = bn4h_branch2c, pre-trained.shape = (1024,), variable.shape = (1024,)
2018-07-07 17:10:06,509 INFO     m:0, scope_name = bn4h_branch2c, pre-trained.shape = (1024,), variable.shape = (1024,)
2018-07-07 17:10:06,603 INFO     v:0, scope_name = bn4h_branch2c, pre-trained.shape = (1024,), variable.shape = (1024,)
2018-07-07 17:10:06,696 INFO     w:0, scope_name = res4i_branch2a, pre-trained.shape = (1, 1, 1024, 256), variable.shape = (1, 1, 1024, 256)
2018-07-07 17:10:06,807 INFO     b:0, scope_name = res4i_branch2a, pre-trained.shape = (256,), variable.shape = (256,)
2018-07-07 17:10:06,908 INFO     gamma:0, scope_name = bn4i_branch2a, pre-trained.shape = (256,), variable.shape = (256,)
2018-07-07 17:10:07,005 INFO     beta:0, scope_name = bn4i_branch2a, pre-trained.shape = (256,), variable.shape = (256,)
2018-07-07 17:10:07,108 INFO     m:0, scope_name = bn4i_branch2a, pre-trained.shape = (256,), variable.shape = (256,)
2018-07-07 17:10:07,211 INFO     v:0, scope_name = bn4i_branch2a, pre-trained.shape = (256,), variable.shape = (256,)
2018-07-07 17:10:07,313 INFO     w:0, scope_name = res4i_branch2b, pre-trained.shape = (3, 3, 256, 256), variable.shape = (3, 3, 256, 256)
2018-07-07 17:10:07,408 INFO     b:0, scope_name = res4i_branch2b, pre-trained.shape = (256,), variable.shape = (256,)
2018-07-07 17:10:07,512 INFO     gamma:0, scope_name = bn4i_branch2b, pre-trained.shape = (256,), variable.shape = (256,)
2018-07-07 17:10:07,613 INFO     beta:0, scope_name = bn4i_branch2b, pre-trained.shape = (256,), variable.shape = (256,)
2018-07-07 17:10:07,716 INFO     m:0, scope_name = bn4i_branch2b, pre-trained.shape = (256,), variable.shape = (256,)
2018-07-07 17:10:07,810 INFO     v:0, scope_name = bn4i_branch2b, pre-trained.shape = (256,), variable.shape = (256,)
2018-07-07 17:10:07,916 INFO     w:0, scope_name = res4i_branch2c, pre-trained.shape = (1, 1, 256, 1024), variable.shape = (1, 1, 256, 1024)
2018-07-07 17:10:08,017 INFO     b:0, scope_name = res4i_branch2c, pre-trained.shape = (1024,), variable.shape = (1024,)
2018-07-07 17:10:08,114 INFO     gamma:0, scope_name = bn4i_branch2c, pre-trained.shape = (1024,), variable.shape = (1024,)
2018-07-07 17:10:08,216 INFO     beta:0, scope_name = bn4i_branch2c, pre-trained.shape = (1024,), variable.shape = (1024,)
2018-07-07 17:10:08,313 INFO     m:0, scope_name = bn4i_branch2c, pre-trained.shape = (1024,), variable.shape = (1024,)
2018-07-07 17:10:08,405 INFO     v:0, scope_name = bn4i_branch2c, pre-trained.shape = (1024,), variable.shape = (1024,)
2018-07-07 17:10:08,496 INFO     w:0, scope_name = res4j_branch2a, pre-trained.shape = (1, 1, 1024, 256), variable.shape = (1, 1, 1024, 256)
2018-07-07 17:10:08,595 INFO     b:0, scope_name = res4j_branch2a, pre-trained.shape = (256,), variable.shape = (256,)
2018-07-07 17:10:08,694 INFO     gamma:0, scope_name = bn4j_branch2a, pre-trained.shape = (256,), variable.shape = (256,)
2018-07-07 17:10:08,795 INFO     beta:0, scope_name = bn4j_branch2a, pre-trained.shape = (256,), variable.shape = (256,)
2018-07-07 17:10:08,897 INFO     m:0, scope_name = bn4j_branch2a, pre-trained.shape = (256,), variable.shape = (256,)
2018-07-07 17:10:08,994 INFO     v:0, scope_name = bn4j_branch2a, pre-trained.shape = (256,), variable.shape = (256,)
2018-07-07 17:10:09,107 INFO     w:0, scope_name = res4j_branch2b, pre-trained.shape = (3, 3, 256, 256), variable.shape = (3, 3, 256, 256)
2018-07-07 17:10:09,209 INFO     b:0, scope_name = res4j_branch2b, pre-trained.shape = (256,), variable.shape = (256,)
2018-07-07 17:10:09,310 INFO     gamma:0, scope_name = bn4j_branch2b, pre-trained.shape = (256,), variable.shape = (256,)
2018-07-07 17:10:09,407 INFO     beta:0, scope_name = bn4j_branch2b, pre-trained.shape = (256,), variable.shape = (256,)
2018-07-07 17:10:09,499 INFO     m:0, scope_name = bn4j_branch2b, pre-trained.shape = (256,), variable.shape = (256,)
2018-07-07 17:10:09,597 INFO     v:0, scope_name = bn4j_branch2b, pre-trained.shape = (256,), variable.shape = (256,)
2018-07-07 17:10:09,696 INFO     w:0, scope_name = res4j_branch2c, pre-trained.shape = (1, 1, 256, 1024), variable.shape = (1, 1, 256, 1024)
2018-07-07 17:10:09,791 INFO     b:0, scope_name = res4j_branch2c, pre-trained.shape = (1024,), variable.shape = (1024,)
2018-07-07 17:10:09,897 INFO     gamma:0, scope_name = bn4j_branch2c, pre-trained.shape = (1024,), variable.shape = (1024,)
2018-07-07 17:10:09,998 INFO     beta:0, scope_name = bn4j_branch2c, pre-trained.shape = (1024,), variable.shape = (1024,)
2018-07-07 17:10:10,095 INFO     m:0, scope_name = bn4j_branch2c, pre-trained.shape = (1024,), variable.shape = (1024,)
2018-07-07 17:10:10,189 INFO     v:0, scope_name = bn4j_branch2c, pre-trained.shape = (1024,), variable.shape = (1024,)
2018-07-07 17:10:10,288 INFO     w:0, scope_name = res4k_branch2a, pre-trained.shape = (1, 1, 1024, 256), variable.shape = (1, 1, 1024, 256)
2018-07-07 17:10:10,391 INFO     b:0, scope_name = res4k_branch2a, pre-trained.shape = (256,), variable.shape = (256,)
2018-07-07 17:10:10,488 INFO     gamma:0, scope_name = bn4k_branch2a, pre-trained.shape = (256,), variable.shape = (256,)
2018-07-07 17:10:10,592 INFO     beta:0, scope_name = bn4k_branch2a, pre-trained.shape = (256,), variable.shape = (256,)
2018-07-07 17:10:10,691 INFO     m:0, scope_name = bn4k_branch2a, pre-trained.shape = (256,), variable.shape = (256,)
2018-07-07 17:10:10,789 INFO     v:0, scope_name = bn4k_branch2a, pre-trained.shape = (256,), variable.shape = (256,)
2018-07-07 17:10:10,892 INFO     w:0, scope_name = res4k_branch2b, pre-trained.shape = (3, 3, 256, 256), variable.shape = (3, 3, 256, 256)
2018-07-07 17:10:10,998 INFO     b:0, scope_name = res4k_branch2b, pre-trained.shape = (256,), variable.shape = (256,)
2018-07-07 17:10:11,100 INFO     gamma:0, scope_name = bn4k_branch2b, pre-trained.shape = (256,), variable.shape = (256,)
2018-07-07 17:10:11,199 INFO     beta:0, scope_name = bn4k_branch2b, pre-trained.shape = (256,), variable.shape = (256,)
2018-07-07 17:10:11,304 INFO     m:0, scope_name = bn4k_branch2b, pre-trained.shape = (256,), variable.shape = (256,)
2018-07-07 17:10:11,398 INFO     v:0, scope_name = bn4k_branch2b, pre-trained.shape = (256,), variable.shape = (256,)
2018-07-07 17:10:11,497 INFO     w:0, scope_name = res4k_branch2c, pre-trained.shape = (1, 1, 256, 1024), variable.shape = (1, 1, 256, 1024)
2018-07-07 17:10:11,605 INFO     b:0, scope_name = res4k_branch2c, pre-trained.shape = (1024,), variable.shape = (1024,)
2018-07-07 17:10:11,707 INFO     gamma:0, scope_name = bn4k_branch2c, pre-trained.shape = (1024,), variable.shape = (1024,)
2018-07-07 17:10:11,810 INFO     beta:0, scope_name = bn4k_branch2c, pre-trained.shape = (1024,), variable.shape = (1024,)
2018-07-07 17:10:11,908 INFO     m:0, scope_name = bn4k_branch2c, pre-trained.shape = (1024,), variable.shape = (1024,)
2018-07-07 17:10:12,017 INFO     v:0, scope_name = bn4k_branch2c, pre-trained.shape = (1024,), variable.shape = (1024,)
2018-07-07 17:10:12,117 INFO     w:0, scope_name = res4l_branch2a, pre-trained.shape = (1, 1, 1024, 256), variable.shape = (1, 1, 1024, 256)
2018-07-07 17:10:12,224 INFO     b:0, scope_name = res4l_branch2a, pre-trained.shape = (256,), variable.shape = (256,)
2018-07-07 17:10:12,319 INFO     gamma:0, scope_name = bn4l_branch2a, pre-trained.shape = (256,), variable.shape = (256,)
2018-07-07 17:10:12,419 INFO     beta:0, scope_name = bn4l_branch2a, pre-trained.shape = (256,), variable.shape = (256,)
2018-07-07 17:10:12,512 INFO     m:0, scope_name = bn4l_branch2a, pre-trained.shape = (256,), variable.shape = (256,)
2018-07-07 17:10:12,606 INFO     v:0, scope_name = bn4l_branch2a, pre-trained.shape = (256,), variable.shape = (256,)
2018-07-07 17:10:12,715 INFO     w:0, scope_name = res4l_branch2b, pre-trained.shape = (3, 3, 256, 256), variable.shape = (3, 3, 256, 256)
2018-07-07 17:10:12,820 INFO     b:0, scope_name = res4l_branch2b, pre-trained.shape = (256,), variable.shape = (256,)
2018-07-07 17:10:12,925 INFO     gamma:0, scope_name = bn4l_branch2b, pre-trained.shape = (256,), variable.shape = (256,)
2018-07-07 17:10:13,026 INFO     beta:0, scope_name = bn4l_branch2b, pre-trained.shape = (256,), variable.shape = (256,)
2018-07-07 17:10:13,131 INFO     m:0, scope_name = bn4l_branch2b, pre-trained.shape = (256,), variable.shape = (256,)
2018-07-07 17:10:13,229 INFO     v:0, scope_name = bn4l_branch2b, pre-trained.shape = (256,), variable.shape = (256,)
2018-07-07 17:10:13,337 INFO     w:0, scope_name = res4l_branch2c, pre-trained.shape = (1, 1, 256, 1024), variable.shape = (1, 1, 256, 1024)
2018-07-07 17:10:13,441 INFO     b:0, scope_name = res4l_branch2c, pre-trained.shape = (1024,), variable.shape = (1024,)
2018-07-07 17:10:13,545 INFO     gamma:0, scope_name = bn4l_branch2c, pre-trained.shape = (1024,), variable.shape = (1024,)
2018-07-07 17:10:13,644 INFO     beta:0, scope_name = bn4l_branch2c, pre-trained.shape = (1024,), variable.shape = (1024,)
2018-07-07 17:10:13,747 INFO     m:0, scope_name = bn4l_branch2c, pre-trained.shape = (1024,), variable.shape = (1024,)
2018-07-07 17:10:13,848 INFO     v:0, scope_name = bn4l_branch2c, pre-trained.shape = (1024,), variable.shape = (1024,)
2018-07-07 17:10:13,943 INFO     w:0, scope_name = res4m_branch2a, pre-trained.shape = (1, 1, 1024, 256), variable.shape = (1, 1, 1024, 256)
2018-07-07 17:10:14,037 INFO     b:0, scope_name = res4m_branch2a, pre-trained.shape = (256,), variable.shape = (256,)
2018-07-07 17:10:14,142 INFO     gamma:0, scope_name = bn4m_branch2a, pre-trained.shape = (256,), variable.shape = (256,)
2018-07-07 17:10:14,241 INFO     beta:0, scope_name = bn4m_branch2a, pre-trained.shape = (256,), variable.shape = (256,)
2018-07-07 17:10:14,336 INFO     m:0, scope_name = bn4m_branch2a, pre-trained.shape = (256,), variable.shape = (256,)
2018-07-07 17:10:14,438 INFO     v:0, scope_name = bn4m_branch2a, pre-trained.shape = (256,), variable.shape = (256,)
2018-07-07 17:10:14,534 INFO     w:0, scope_name = res4m_branch2b, pre-trained.shape = (3, 3, 256, 256), variable.shape = (3, 3, 256, 256)
2018-07-07 17:10:14,643 INFO     b:0, scope_name = res4m_branch2b, pre-trained.shape = (256,), variable.shape = (256,)
2018-07-07 17:10:14,746 INFO     gamma:0, scope_name = bn4m_branch2b, pre-trained.shape = (256,), variable.shape = (256,)
2018-07-07 17:10:14,842 INFO     beta:0, scope_name = bn4m_branch2b, pre-trained.shape = (256,), variable.shape = (256,)
2018-07-07 17:10:14,950 INFO     m:0, scope_name = bn4m_branch2b, pre-trained.shape = (256,), variable.shape = (256,)
2018-07-07 17:10:15,051 INFO     v:0, scope_name = bn4m_branch2b, pre-trained.shape = (256,), variable.shape = (256,)
2018-07-07 17:10:15,151 INFO     w:0, scope_name = res4m_branch2c, pre-trained.shape = (1, 1, 256, 1024), variable.shape = (1, 1, 256, 1024)
2018-07-07 17:10:15,248 INFO     b:0, scope_name = res4m_branch2c, pre-trained.shape = (1024,), variable.shape = (1024,)
2018-07-07 17:10:15,356 INFO     gamma:0, scope_name = bn4m_branch2c, pre-trained.shape = (1024,), variable.shape = (1024,)
2018-07-07 17:10:15,452 INFO     beta:0, scope_name = bn4m_branch2c, pre-trained.shape = (1024,), variable.shape = (1024,)
2018-07-07 17:10:15,561 INFO     m:0, scope_name = bn4m_branch2c, pre-trained.shape = (1024,), variable.shape = (1024,)
2018-07-07 17:10:15,666 INFO     v:0, scope_name = bn4m_branch2c, pre-trained.shape = (1024,), variable.shape = (1024,)
2018-07-07 17:10:15,769 INFO     w:0, scope_name = res4n_branch2a, pre-trained.shape = (1, 1, 1024, 256), variable.shape = (1, 1, 1024, 256)
2018-07-07 17:10:15,877 INFO     b:0, scope_name = res4n_branch2a, pre-trained.shape = (256,), variable.shape = (256,)
2018-07-07 17:10:15,981 INFO     gamma:0, scope_name = bn4n_branch2a, pre-trained.shape = (256,), variable.shape = (256,)
2018-07-07 17:10:16,085 INFO     beta:0, scope_name = bn4n_branch2a, pre-trained.shape = (256,), variable.shape = (256,)
2018-07-07 17:10:16,191 INFO     m:0, scope_name = bn4n_branch2a, pre-trained.shape = (256,), variable.shape = (256,)
2018-07-07 17:10:16,292 INFO     v:0, scope_name = bn4n_branch2a, pre-trained.shape = (256,), variable.shape = (256,)
2018-07-07 17:10:16,392 INFO     w:0, scope_name = res4n_branch2b, pre-trained.shape = (3, 3, 256, 256), variable.shape = (3, 3, 256, 256)
2018-07-07 17:10:16,502 INFO     b:0, scope_name = res4n_branch2b, pre-trained.shape = (256,), variable.shape = (256,)
2018-07-07 17:10:16,602 INFO     gamma:0, scope_name = bn4n_branch2b, pre-trained.shape = (256,), variable.shape = (256,)
2018-07-07 17:10:16,704 INFO     beta:0, scope_name = bn4n_branch2b, pre-trained.shape = (256,), variable.shape = (256,)
2018-07-07 17:10:16,813 INFO     m:0, scope_name = bn4n_branch2b, pre-trained.shape = (256,), variable.shape = (256,)
2018-07-07 17:10:16,919 INFO     v:0, scope_name = bn4n_branch2b, pre-trained.shape = (256,), variable.shape = (256,)
2018-07-07 17:10:17,018 INFO     w:0, scope_name = res4n_branch2c, pre-trained.shape = (1, 1, 256, 1024), variable.shape = (1, 1, 256, 1024)
2018-07-07 17:10:17,124 INFO     b:0, scope_name = res4n_branch2c, pre-trained.shape = (1024,), variable.shape = (1024,)
2018-07-07 17:10:17,230 INFO     gamma:0, scope_name = bn4n_branch2c, pre-trained.shape = (1024,), variable.shape = (1024,)
2018-07-07 17:10:17,337 INFO     beta:0, scope_name = bn4n_branch2c, pre-trained.shape = (1024,), variable.shape = (1024,)
2018-07-07 17:10:17,443 INFO     m:0, scope_name = bn4n_branch2c, pre-trained.shape = (1024,), variable.shape = (1024,)
2018-07-07 17:10:17,549 INFO     v:0, scope_name = bn4n_branch2c, pre-trained.shape = (1024,), variable.shape = (1024,)
2018-07-07 17:10:17,655 INFO     w:0, scope_name = res4o_branch2a, pre-trained.shape = (1, 1, 1024, 256), variable.shape = (1, 1, 1024, 256)
2018-07-07 17:10:17,760 INFO     b:0, scope_name = res4o_branch2a, pre-trained.shape = (256,), variable.shape = (256,)
2018-07-07 17:10:17,869 INFO     gamma:0, scope_name = bn4o_branch2a, pre-trained.shape = (256,), variable.shape = (256,)
2018-07-07 17:10:17,970 INFO     beta:0, scope_name = bn4o_branch2a, pre-trained.shape = (256,), variable.shape = (256,)
2018-07-07 17:10:18,067 INFO     m:0, scope_name = bn4o_branch2a, pre-trained.shape = (256,), variable.shape = (256,)
2018-07-07 17:10:18,174 INFO     v:0, scope_name = bn4o_branch2a, pre-trained.shape = (256,), variable.shape = (256,)
2018-07-07 17:10:18,277 INFO     w:0, scope_name = res4o_branch2b, pre-trained.shape = (3, 3, 256, 256), variable.shape = (3, 3, 256, 256)
2018-07-07 17:10:18,377 INFO     b:0, scope_name = res4o_branch2b, pre-trained.shape = (256,), variable.shape = (256,)
2018-07-07 17:10:18,485 INFO     gamma:0, scope_name = bn4o_branch2b, pre-trained.shape = (256,), variable.shape = (256,)
2018-07-07 17:10:18,588 INFO     beta:0, scope_name = bn4o_branch2b, pre-trained.shape = (256,), variable.shape = (256,)
2018-07-07 17:10:18,695 INFO     m:0, scope_name = bn4o_branch2b, pre-trained.shape = (256,), variable.shape = (256,)
2018-07-07 17:10:18,801 INFO     v:0, scope_name = bn4o_branch2b, pre-trained.shape = (256,), variable.shape = (256,)
2018-07-07 17:10:18,903 INFO     w:0, scope_name = res4o_branch2c, pre-trained.shape = (1, 1, 256, 1024), variable.shape = (1, 1, 256, 1024)
2018-07-07 17:10:19,167 INFO     b:0, scope_name = res4o_branch2c, pre-trained.shape = (1024,), variable.shape = (1024,)
2018-07-07 17:10:19,265 INFO     gamma:0, scope_name = bn4o_branch2c, pre-trained.shape = (1024,), variable.shape = (1024,)
2018-07-07 17:10:19,371 INFO     beta:0, scope_name = bn4o_branch2c, pre-trained.shape = (1024,), variable.shape = (1024,)
2018-07-07 17:10:19,473 INFO     m:0, scope_name = bn4o_branch2c, pre-trained.shape = (1024,), variable.shape = (1024,)
2018-07-07 17:10:19,573 INFO     v:0, scope_name = bn4o_branch2c, pre-trained.shape = (1024,), variable.shape = (1024,)
2018-07-07 17:10:19,677 INFO     w:0, scope_name = res4p_branch2a, pre-trained.shape = (1, 1, 1024, 256), variable.shape = (1, 1, 1024, 256)
2018-07-07 17:10:19,792 INFO     b:0, scope_name = res4p_branch2a, pre-trained.shape = (256,), variable.shape = (256,)
2018-07-07 17:10:19,894 INFO     gamma:0, scope_name = bn4p_branch2a, pre-trained.shape = (256,), variable.shape = (256,)
2018-07-07 17:10:19,995 INFO     beta:0, scope_name = bn4p_branch2a, pre-trained.shape = (256,), variable.shape = (256,)
2018-07-07 17:10:20,103 INFO     m:0, scope_name = bn4p_branch2a, pre-trained.shape = (256,), variable.shape = (256,)
2018-07-07 17:10:20,206 INFO     v:0, scope_name = bn4p_branch2a, pre-trained.shape = (256,), variable.shape = (256,)
2018-07-07 17:10:20,316 INFO     w:0, scope_name = res4p_branch2b, pre-trained.shape = (3, 3, 256, 256), variable.shape = (3, 3, 256, 256)
2018-07-07 17:10:20,425 INFO     b:0, scope_name = res4p_branch2b, pre-trained.shape = (256,), variable.shape = (256,)
2018-07-07 17:10:20,529 INFO     gamma:0, scope_name = bn4p_branch2b, pre-trained.shape = (256,), variable.shape = (256,)
2018-07-07 17:10:20,627 INFO     beta:0, scope_name = bn4p_branch2b, pre-trained.shape = (256,), variable.shape = (256,)
2018-07-07 17:10:20,743 INFO     m:0, scope_name = bn4p_branch2b, pre-trained.shape = (256,), variable.shape = (256,)
2018-07-07 17:10:20,848 INFO     v:0, scope_name = bn4p_branch2b, pre-trained.shape = (256,), variable.shape = (256,)
2018-07-07 17:10:20,959 INFO     w:0, scope_name = res4p_branch2c, pre-trained.shape = (1, 1, 256, 1024), variable.shape = (1, 1, 256, 1024)
2018-07-07 17:10:21,067 INFO     b:0, scope_name = res4p_branch2c, pre-trained.shape = (1024,), variable.shape = (1024,)
2018-07-07 17:10:21,173 INFO     gamma:0, scope_name = bn4p_branch2c, pre-trained.shape = (1024,), variable.shape = (1024,)
2018-07-07 17:10:21,279 INFO     beta:0, scope_name = bn4p_branch2c, pre-trained.shape = (1024,), variable.shape = (1024,)
2018-07-07 17:10:21,386 INFO     m:0, scope_name = bn4p_branch2c, pre-trained.shape = (1024,), variable.shape = (1024,)
2018-07-07 17:10:21,489 INFO     v:0, scope_name = bn4p_branch2c, pre-trained.shape = (1024,), variable.shape = (1024,)
2018-07-07 17:10:21,596 INFO     w:0, scope_name = res4q_branch2a, pre-trained.shape = (1, 1, 1024, 256), variable.shape = (1, 1, 1024, 256)
2018-07-07 17:10:21,699 INFO     b:0, scope_name = res4q_branch2a, pre-trained.shape = (256,), variable.shape = (256,)
2018-07-07 17:10:21,802 INFO     gamma:0, scope_name = bn4q_branch2a, pre-trained.shape = (256,), variable.shape = (256,)
2018-07-07 17:10:21,907 INFO     beta:0, scope_name = bn4q_branch2a, pre-trained.shape = (256,), variable.shape = (256,)
2018-07-07 17:10:22,017 INFO     m:0, scope_name = bn4q_branch2a, pre-trained.shape = (256,), variable.shape = (256,)
2018-07-07 17:10:22,121 INFO     v:0, scope_name = bn4q_branch2a, pre-trained.shape = (256,), variable.shape = (256,)
2018-07-07 17:10:22,222 INFO     w:0, scope_name = res4q_branch2b, pre-trained.shape = (3, 3, 256, 256), variable.shape = (3, 3, 256, 256)
2018-07-07 17:10:22,337 INFO     b:0, scope_name = res4q_branch2b, pre-trained.shape = (256,), variable.shape = (256,)
2018-07-07 17:10:22,444 INFO     gamma:0, scope_name = bn4q_branch2b, pre-trained.shape = (256,), variable.shape = (256,)
2018-07-07 17:10:22,550 INFO     beta:0, scope_name = bn4q_branch2b, pre-trained.shape = (256,), variable.shape = (256,)
2018-07-07 17:10:22,653 INFO     m:0, scope_name = bn4q_branch2b, pre-trained.shape = (256,), variable.shape = (256,)
2018-07-07 17:10:22,764 INFO     v:0, scope_name = bn4q_branch2b, pre-trained.shape = (256,), variable.shape = (256,)
2018-07-07 17:10:22,863 INFO     w:0, scope_name = res4q_branch2c, pre-trained.shape = (1, 1, 256, 1024), variable.shape = (1, 1, 256, 1024)
2018-07-07 17:10:22,975 INFO     b:0, scope_name = res4q_branch2c, pre-trained.shape = (1024,), variable.shape = (1024,)
2018-07-07 17:10:23,085 INFO     gamma:0, scope_name = bn4q_branch2c, pre-trained.shape = (1024,), variable.shape = (1024,)
2018-07-07 17:10:23,188 INFO     beta:0, scope_name = bn4q_branch2c, pre-trained.shape = (1024,), variable.shape = (1024,)
2018-07-07 17:10:23,299 INFO     m:0, scope_name = bn4q_branch2c, pre-trained.shape = (1024,), variable.shape = (1024,)
2018-07-07 17:10:23,405 INFO     v:0, scope_name = bn4q_branch2c, pre-trained.shape = (1024,), variable.shape = (1024,)
2018-07-07 17:10:23,506 INFO     w:0, scope_name = res4r_branch2a, pre-trained.shape = (1, 1, 1024, 256), variable.shape = (1, 1, 1024, 256)
2018-07-07 17:10:23,606 INFO     b:0, scope_name = res4r_branch2a, pre-trained.shape = (256,), variable.shape = (256,)
2018-07-07 17:10:23,712 INFO     gamma:0, scope_name = bn4r_branch2a, pre-trained.shape = (256,), variable.shape = (256,)
2018-07-07 17:10:23,810 INFO     beta:0, scope_name = bn4r_branch2a, pre-trained.shape = (256,), variable.shape = (256,)
2018-07-07 17:10:23,908 INFO     m:0, scope_name = bn4r_branch2a, pre-trained.shape = (256,), variable.shape = (256,)
2018-07-07 17:10:24,005 INFO     v:0, scope_name = bn4r_branch2a, pre-trained.shape = (256,), variable.shape = (256,)
2018-07-07 17:10:24,111 INFO     w:0, scope_name = res4r_branch2b, pre-trained.shape = (3, 3, 256, 256), variable.shape = (3, 3, 256, 256)
2018-07-07 17:10:24,219 INFO     b:0, scope_name = res4r_branch2b, pre-trained.shape = (256,), variable.shape = (256,)
2018-07-07 17:10:24,321 INFO     gamma:0, scope_name = bn4r_branch2b, pre-trained.shape = (256,), variable.shape = (256,)
2018-07-07 17:10:24,432 INFO     beta:0, scope_name = bn4r_branch2b, pre-trained.shape = (256,), variable.shape = (256,)
2018-07-07 17:10:24,535 INFO     m:0, scope_name = bn4r_branch2b, pre-trained.shape = (256,), variable.shape = (256,)
2018-07-07 17:10:24,633 INFO     v:0, scope_name = bn4r_branch2b, pre-trained.shape = (256,), variable.shape = (256,)
2018-07-07 17:10:24,741 INFO     w:0, scope_name = res4r_branch2c, pre-trained.shape = (1, 1, 256, 1024), variable.shape = (1, 1, 256, 1024)
2018-07-07 17:10:24,852 INFO     b:0, scope_name = res4r_branch2c, pre-trained.shape = (1024,), variable.shape = (1024,)
2018-07-07 17:10:24,960 INFO     gamma:0, scope_name = bn4r_branch2c, pre-trained.shape = (1024,), variable.shape = (1024,)
2018-07-07 17:10:25,064 INFO     beta:0, scope_name = bn4r_branch2c, pre-trained.shape = (1024,), variable.shape = (1024,)
2018-07-07 17:10:25,177 INFO     m:0, scope_name = bn4r_branch2c, pre-trained.shape = (1024,), variable.shape = (1024,)
2018-07-07 17:10:25,285 INFO     v:0, scope_name = bn4r_branch2c, pre-trained.shape = (1024,), variable.shape = (1024,)
2018-07-07 17:10:25,394 INFO     w:0, scope_name = res4s_branch2a, pre-trained.shape = (1, 1, 1024, 256), variable.shape = (1, 1, 1024, 256)
2018-07-07 17:10:25,505 INFO     b:0, scope_name = res4s_branch2a, pre-trained.shape = (256,), variable.shape = (256,)
2018-07-07 17:10:25,619 INFO     gamma:0, scope_name = bn4s_branch2a, pre-trained.shape = (256,), variable.shape = (256,)
2018-07-07 17:10:25,723 INFO     beta:0, scope_name = bn4s_branch2a, pre-trained.shape = (256,), variable.shape = (256,)
2018-07-07 17:10:25,825 INFO     m:0, scope_name = bn4s_branch2a, pre-trained.shape = (256,), variable.shape = (256,)
2018-07-07 17:10:25,937 INFO     v:0, scope_name = bn4s_branch2a, pre-trained.shape = (256,), variable.shape = (256,)
2018-07-07 17:10:26,043 INFO     w:0, scope_name = res4s_branch2b, pre-trained.shape = (3, 3, 256, 256), variable.shape = (3, 3, 256, 256)
2018-07-07 17:10:26,159 INFO     b:0, scope_name = res4s_branch2b, pre-trained.shape = (256,), variable.shape = (256,)
2018-07-07 17:10:26,265 INFO     gamma:0, scope_name = bn4s_branch2b, pre-trained.shape = (256,), variable.shape = (256,)
2018-07-07 17:10:26,365 INFO     beta:0, scope_name = bn4s_branch2b, pre-trained.shape = (256,), variable.shape = (256,)
2018-07-07 17:10:26,478 INFO     m:0, scope_name = bn4s_branch2b, pre-trained.shape = (256,), variable.shape = (256,)
2018-07-07 17:10:26,587 INFO     v:0, scope_name = bn4s_branch2b, pre-trained.shape = (256,), variable.shape = (256,)
2018-07-07 17:10:26,693 INFO     w:0, scope_name = res4s_branch2c, pre-trained.shape = (1, 1, 256, 1024), variable.shape = (1, 1, 256, 1024)
2018-07-07 17:10:26,802 INFO     b:0, scope_name = res4s_branch2c, pre-trained.shape = (1024,), variable.shape = (1024,)
2018-07-07 17:10:26,908 INFO     gamma:0, scope_name = bn4s_branch2c, pre-trained.shape = (1024,), variable.shape = (1024,)
2018-07-07 17:10:27,008 INFO     beta:0, scope_name = bn4s_branch2c, pre-trained.shape = (1024,), variable.shape = (1024,)
2018-07-07 17:10:27,110 INFO     m:0, scope_name = bn4s_branch2c, pre-trained.shape = (1024,), variable.shape = (1024,)
2018-07-07 17:10:27,213 INFO     v:0, scope_name = bn4s_branch2c, pre-trained.shape = (1024,), variable.shape = (1024,)
2018-07-07 17:10:27,325 INFO     w:0, scope_name = res4t_branch2a, pre-trained.shape = (1, 1, 1024, 256), variable.shape = (1, 1, 1024, 256)
2018-07-07 17:10:27,433 INFO     b:0, scope_name = res4t_branch2a, pre-trained.shape = (256,), variable.shape = (256,)
2018-07-07 17:10:27,547 INFO     gamma:0, scope_name = bn4t_branch2a, pre-trained.shape = (256,), variable.shape = (256,)
2018-07-07 17:10:27,651 INFO     beta:0, scope_name = bn4t_branch2a, pre-trained.shape = (256,), variable.shape = (256,)
2018-07-07 17:10:27,756 INFO     m:0, scope_name = bn4t_branch2a, pre-trained.shape = (256,), variable.shape = (256,)
2018-07-07 17:10:27,860 INFO     v:0, scope_name = bn4t_branch2a, pre-trained.shape = (256,), variable.shape = (256,)
2018-07-07 17:10:27,959 INFO     w:0, scope_name = res4t_branch2b, pre-trained.shape = (3, 3, 256, 256), variable.shape = (3, 3, 256, 256)
2018-07-07 17:10:28,064 INFO     b:0, scope_name = res4t_branch2b, pre-trained.shape = (256,), variable.shape = (256,)
2018-07-07 17:10:28,178 INFO     gamma:0, scope_name = bn4t_branch2b, pre-trained.shape = (256,), variable.shape = (256,)
2018-07-07 17:10:28,290 INFO     beta:0, scope_name = bn4t_branch2b, pre-trained.shape = (256,), variable.shape = (256,)
2018-07-07 17:10:28,398 INFO     m:0, scope_name = bn4t_branch2b, pre-trained.shape = (256,), variable.shape = (256,)
2018-07-07 17:10:28,508 INFO     v:0, scope_name = bn4t_branch2b, pre-trained.shape = (256,), variable.shape = (256,)
2018-07-07 17:10:28,616 INFO     w:0, scope_name = res4t_branch2c, pre-trained.shape = (1, 1, 256, 1024), variable.shape = (1, 1, 256, 1024)
2018-07-07 17:10:28,736 INFO     b:0, scope_name = res4t_branch2c, pre-trained.shape = (1024,), variable.shape = (1024,)
2018-07-07 17:10:28,844 INFO     gamma:0, scope_name = bn4t_branch2c, pre-trained.shape = (1024,), variable.shape = (1024,)
2018-07-07 17:10:28,953 INFO     beta:0, scope_name = bn4t_branch2c, pre-trained.shape = (1024,), variable.shape = (1024,)
2018-07-07 17:10:29,055 INFO     m:0, scope_name = bn4t_branch2c, pre-trained.shape = (1024,), variable.shape = (1024,)
2018-07-07 17:10:29,170 INFO     v:0, scope_name = bn4t_branch2c, pre-trained.shape = (1024,), variable.shape = (1024,)
2018-07-07 17:10:29,278 INFO     w:0, scope_name = res4u_branch2a, pre-trained.shape = (1, 1, 1024, 256), variable.shape = (1, 1, 1024, 256)
2018-07-07 17:10:29,382 INFO     b:0, scope_name = res4u_branch2a, pre-trained.shape = (256,), variable.shape = (256,)
2018-07-07 17:10:29,499 INFO     gamma:0, scope_name = bn4u_branch2a, pre-trained.shape = (256,), variable.shape = (256,)
2018-07-07 17:10:29,607 INFO     beta:0, scope_name = bn4u_branch2a, pre-trained.shape = (256,), variable.shape = (256,)
2018-07-07 17:10:29,715 INFO     m:0, scope_name = bn4u_branch2a, pre-trained.shape = (256,), variable.shape = (256,)
2018-07-07 17:10:29,821 INFO     v:0, scope_name = bn4u_branch2a, pre-trained.shape = (256,), variable.shape = (256,)
2018-07-07 17:10:29,937 INFO     w:0, scope_name = res4u_branch2b, pre-trained.shape = (3, 3, 256, 256), variable.shape = (3, 3, 256, 256)
2018-07-07 17:10:30,043 INFO     b:0, scope_name = res4u_branch2b, pre-trained.shape = (256,), variable.shape = (256,)
2018-07-07 17:10:30,158 INFO     gamma:0, scope_name = bn4u_branch2b, pre-trained.shape = (256,), variable.shape = (256,)
2018-07-07 17:10:30,264 INFO     beta:0, scope_name = bn4u_branch2b, pre-trained.shape = (256,), variable.shape = (256,)
2018-07-07 17:10:30,368 INFO     m:0, scope_name = bn4u_branch2b, pre-trained.shape = (256,), variable.shape = (256,)
2018-07-07 17:10:30,480 INFO     v:0, scope_name = bn4u_branch2b, pre-trained.shape = (256,), variable.shape = (256,)
2018-07-07 17:10:30,588 INFO     w:0, scope_name = res4u_branch2c, pre-trained.shape = (1, 1, 256, 1024), variable.shape = (1, 1, 256, 1024)
2018-07-07 17:10:30,695 INFO     b:0, scope_name = res4u_branch2c, pre-trained.shape = (1024,), variable.shape = (1024,)
2018-07-07 17:10:30,818 INFO     gamma:0, scope_name = bn4u_branch2c, pre-trained.shape = (1024,), variable.shape = (1024,)
2018-07-07 17:10:30,940 INFO     beta:0, scope_name = bn4u_branch2c, pre-trained.shape = (1024,), variable.shape = (1024,)
2018-07-07 17:10:31,052 INFO     m:0, scope_name = bn4u_branch2c, pre-trained.shape = (1024,), variable.shape = (1024,)
2018-07-07 17:10:31,158 INFO     v:0, scope_name = bn4u_branch2c, pre-trained.shape = (1024,), variable.shape = (1024,)
2018-07-07 17:10:31,268 INFO     w:0, scope_name = res4v_branch2a, pre-trained.shape = (1, 1, 1024, 256), variable.shape = (1, 1, 1024, 256)
2018-07-07 17:10:31,370 INFO     b:0, scope_name = res4v_branch2a, pre-trained.shape = (256,), variable.shape = (256,)
2018-07-07 17:10:31,484 INFO     gamma:0, scope_name = bn4v_branch2a, pre-trained.shape = (256,), variable.shape = (256,)
2018-07-07 17:10:31,587 INFO     beta:0, scope_name = bn4v_branch2a, pre-trained.shape = (256,), variable.shape = (256,)
2018-07-07 17:10:31,687 INFO     m:0, scope_name = bn4v_branch2a, pre-trained.shape = (256,), variable.shape = (256,)
2018-07-07 17:10:31,787 INFO     v:0, scope_name = bn4v_branch2a, pre-trained.shape = (256,), variable.shape = (256,)
2018-07-07 17:10:31,899 INFO     w:0, scope_name = res4v_branch2b, pre-trained.shape = (3, 3, 256, 256), variable.shape = (3, 3, 256, 256)
2018-07-07 17:10:32,003 INFO     b:0, scope_name = res4v_branch2b, pre-trained.shape = (256,), variable.shape = (256,)
2018-07-07 17:10:32,119 INFO     gamma:0, scope_name = bn4v_branch2b, pre-trained.shape = (256,), variable.shape = (256,)
2018-07-07 17:10:32,221 INFO     beta:0, scope_name = bn4v_branch2b, pre-trained.shape = (256,), variable.shape = (256,)
2018-07-07 17:10:32,339 INFO     m:0, scope_name = bn4v_branch2b, pre-trained.shape = (256,), variable.shape = (256,)
2018-07-07 17:10:32,450 INFO     v:0, scope_name = bn4v_branch2b, pre-trained.shape = (256,), variable.shape = (256,)
2018-07-07 17:10:32,556 INFO     w:0, scope_name = res4v_branch2c, pre-trained.shape = (1, 1, 256, 1024), variable.shape = (1, 1, 256, 1024)
2018-07-07 17:10:32,659 INFO     b:0, scope_name = res4v_branch2c, pre-trained.shape = (1024,), variable.shape = (1024,)
2018-07-07 17:10:32,773 INFO     gamma:0, scope_name = bn4v_branch2c, pre-trained.shape = (1024,), variable.shape = (1024,)
2018-07-07 17:10:32,884 INFO     beta:0, scope_name = bn4v_branch2c, pre-trained.shape = (1024,), variable.shape = (1024,)
2018-07-07 17:10:32,995 INFO     m:0, scope_name = bn4v_branch2c, pre-trained.shape = (1024,), variable.shape = (1024,)
2018-07-07 17:10:33,113 INFO     v:0, scope_name = bn4v_branch2c, pre-trained.shape = (1024,), variable.shape = (1024,)
2018-07-07 17:10:33,228 INFO     w:0, scope_name = res4w_branch2a, pre-trained.shape = (1, 1, 1024, 256), variable.shape = (1, 1, 1024, 256)
2018-07-07 17:10:33,342 INFO     b:0, scope_name = res4w_branch2a, pre-trained.shape = (256,), variable.shape = (256,)
2018-07-07 17:10:33,454 INFO     gamma:0, scope_name = bn4w_branch2a, pre-trained.shape = (256,), variable.shape = (256,)
2018-07-07 17:10:33,565 INFO     beta:0, scope_name = bn4w_branch2a, pre-trained.shape = (256,), variable.shape = (256,)
2018-07-07 17:10:33,679 INFO     m:0, scope_name = bn4w_branch2a, pre-trained.shape = (256,), variable.shape = (256,)
2018-07-07 17:10:33,793 INFO     v:0, scope_name = bn4w_branch2a, pre-trained.shape = (256,), variable.shape = (256,)
2018-07-07 17:10:33,906 INFO     w:0, scope_name = res4w_branch2b, pre-trained.shape = (3, 3, 256, 256), variable.shape = (3, 3, 256, 256)
2018-07-07 17:10:34,023 INFO     b:0, scope_name = res4w_branch2b, pre-trained.shape = (256,), variable.shape = (256,)
2018-07-07 17:10:34,134 INFO     gamma:0, scope_name = bn4w_branch2b, pre-trained.shape = (256,), variable.shape = (256,)
2018-07-07 17:10:34,246 INFO     beta:0, scope_name = bn4w_branch2b, pre-trained.shape = (256,), variable.shape = (256,)
2018-07-07 17:10:34,353 INFO     m:0, scope_name = bn4w_branch2b, pre-trained.shape = (256,), variable.shape = (256,)
2018-07-07 17:10:34,466 INFO     v:0, scope_name = bn4w_branch2b, pre-trained.shape = (256,), variable.shape = (256,)
2018-07-07 17:10:34,580 INFO     w:0, scope_name = res4w_branch2c, pre-trained.shape = (1, 1, 256, 1024), variable.shape = (1, 1, 256, 1024)
2018-07-07 17:10:34,689 INFO     b:0, scope_name = res4w_branch2c, pre-trained.shape = (1024,), variable.shape = (1024,)
2018-07-07 17:10:34,799 INFO     gamma:0, scope_name = bn4w_branch2c, pre-trained.shape = (1024,), variable.shape = (1024,)
2018-07-07 17:10:34,909 INFO     beta:0, scope_name = bn4w_branch2c, pre-trained.shape = (1024,), variable.shape = (1024,)
2018-07-07 17:10:35,027 INFO     m:0, scope_name = bn4w_branch2c, pre-trained.shape = (1024,), variable.shape = (1024,)
2018-07-07 17:10:35,140 INFO     v:0, scope_name = bn4w_branch2c, pre-trained.shape = (1024,), variable.shape = (1024,)
2018-07-07 17:10:35,257 INFO     w:0, scope_name = res5a_branch1, pre-trained.shape = (1, 1, 1024, 2048), variable.shape = (1, 1, 1024, 2048)
2018-07-07 17:10:35,388 INFO     b:0, scope_name = res5a_branch1, pre-trained.shape = (2048,), variable.shape = (2048,)
2018-07-07 17:10:35,499 INFO     gamma:0, scope_name = bn5a_branch1, pre-trained.shape = (2048,), variable.shape = (2048,)
2018-07-07 17:10:35,613 INFO     beta:0, scope_name = bn5a_branch1, pre-trained.shape = (2048,), variable.shape = (2048,)
2018-07-07 17:10:35,729 INFO     m:0, scope_name = bn5a_branch1, pre-trained.shape = (2048,), variable.shape = (2048,)
2018-07-07 17:10:35,837 INFO     v:0, scope_name = bn5a_branch1, pre-trained.shape = (2048,), variable.shape = (2048,)
2018-07-07 17:10:35,948 INFO     w:0, scope_name = res5a_branch2a, pre-trained.shape = (1, 1, 1024, 512), variable.shape = (1, 1, 1024, 512)
2018-07-07 17:10:36,060 INFO     b:0, scope_name = res5a_branch2a, pre-trained.shape = (512,), variable.shape = (512,)
2018-07-07 17:10:36,173 INFO     gamma:0, scope_name = bn5a_branch2a, pre-trained.shape = (512,), variable.shape = (512,)
2018-07-07 17:10:36,283 INFO     beta:0, scope_name = bn5a_branch2a, pre-trained.shape = (512,), variable.shape = (512,)
2018-07-07 17:10:36,404 INFO     m:0, scope_name = bn5a_branch2a, pre-trained.shape = (512,), variable.shape = (512,)
2018-07-07 17:10:36,518 INFO     v:0, scope_name = bn5a_branch2a, pre-trained.shape = (512,), variable.shape = (512,)
2018-07-07 17:10:36,643 INFO     w:0, scope_name = res5a_branch2b, pre-trained.shape = (3, 3, 512, 512), variable.shape = (3, 3, 512, 512)
2018-07-07 17:10:36,774 INFO     b:0, scope_name = res5a_branch2b, pre-trained.shape = (512,), variable.shape = (512,)
2018-07-07 17:10:36,885 INFO     gamma:0, scope_name = bn5a_branch2b, pre-trained.shape = (512,), variable.shape = (512,)
2018-07-07 17:10:36,999 INFO     beta:0, scope_name = bn5a_branch2b, pre-trained.shape = (512,), variable.shape = (512,)
2018-07-07 17:10:37,104 INFO     m:0, scope_name = bn5a_branch2b, pre-trained.shape = (512,), variable.shape = (512,)
2018-07-07 17:10:37,214 INFO     v:0, scope_name = bn5a_branch2b, pre-trained.shape = (512,), variable.shape = (512,)
2018-07-07 17:10:37,326 INFO     w:0, scope_name = res5a_branch2c, pre-trained.shape = (1, 1, 512, 2048), variable.shape = (1, 1, 512, 2048)
2018-07-07 17:10:37,445 INFO     b:0, scope_name = res5a_branch2c, pre-trained.shape = (2048,), variable.shape = (2048,)
2018-07-07 17:10:37,557 INFO     gamma:0, scope_name = bn5a_branch2c, pre-trained.shape = (2048,), variable.shape = (2048,)
2018-07-07 17:10:37,671 INFO     beta:0, scope_name = bn5a_branch2c, pre-trained.shape = (2048,), variable.shape = (2048,)
2018-07-07 17:10:37,783 INFO     m:0, scope_name = bn5a_branch2c, pre-trained.shape = (2048,), variable.shape = (2048,)
2018-07-07 17:10:37,895 INFO     v:0, scope_name = bn5a_branch2c, pre-trained.shape = (2048,), variable.shape = (2048,)
2018-07-07 17:10:38,011 INFO     w:0, scope_name = res5b_branch2a, pre-trained.shape = (1, 1, 2048, 512), variable.shape = (1, 1, 2048, 512)
2018-07-07 17:10:38,133 INFO     b:0, scope_name = res5b_branch2a, pre-trained.shape = (512,), variable.shape = (512,)
2018-07-07 17:10:38,246 INFO     gamma:0, scope_name = bn5b_branch2a, pre-trained.shape = (512,), variable.shape = (512,)
2018-07-07 17:10:38,353 INFO     beta:0, scope_name = bn5b_branch2a, pre-trained.shape = (512,), variable.shape = (512,)
2018-07-07 17:10:38,456 INFO     m:0, scope_name = bn5b_branch2a, pre-trained.shape = (512,), variable.shape = (512,)
2018-07-07 17:10:38,572 INFO     v:0, scope_name = bn5b_branch2a, pre-trained.shape = (512,), variable.shape = (512,)
2018-07-07 17:10:38,691 INFO     w:0, scope_name = res5b_branch2b, pre-trained.shape = (3, 3, 512, 512), variable.shape = (3, 3, 512, 512)
2018-07-07 17:10:38,814 INFO     b:0, scope_name = res5b_branch2b, pre-trained.shape = (512,), variable.shape = (512,)
2018-07-07 17:10:38,927 INFO     gamma:0, scope_name = bn5b_branch2b, pre-trained.shape = (512,), variable.shape = (512,)
2018-07-07 17:10:39,035 INFO     beta:0, scope_name = bn5b_branch2b, pre-trained.shape = (512,), variable.shape = (512,)
2018-07-07 17:10:39,154 INFO     m:0, scope_name = bn5b_branch2b, pre-trained.shape = (512,), variable.shape = (512,)
2018-07-07 17:10:39,261 INFO     v:0, scope_name = bn5b_branch2b, pre-trained.shape = (512,), variable.shape = (512,)
2018-07-07 17:10:39,378 INFO     w:0, scope_name = res5b_branch2c, pre-trained.shape = (1, 1, 512, 2048), variable.shape = (1, 1, 512, 2048)
2018-07-07 17:10:39,500 INFO     b:0, scope_name = res5b_branch2c, pre-trained.shape = (2048,), variable.shape = (2048,)
2018-07-07 17:10:39,615 INFO     gamma:0, scope_name = bn5b_branch2c, pre-trained.shape = (2048,), variable.shape = (2048,)
2018-07-07 17:10:39,729 INFO     beta:0, scope_name = bn5b_branch2c, pre-trained.shape = (2048,), variable.shape = (2048,)
2018-07-07 17:10:39,839 INFO     m:0, scope_name = bn5b_branch2c, pre-trained.shape = (2048,), variable.shape = (2048,)
2018-07-07 17:10:39,951 INFO     v:0, scope_name = bn5b_branch2c, pre-trained.shape = (2048,), variable.shape = (2048,)
2018-07-07 17:10:40,064 INFO     w:0, scope_name = res5c_branch2a, pre-trained.shape = (1, 1, 2048, 512), variable.shape = (1, 1, 2048, 512)
2018-07-07 17:10:40,186 INFO     b:0, scope_name = res5c_branch2a, pre-trained.shape = (512,), variable.shape = (512,)
2018-07-07 17:10:40,297 INFO     gamma:0, scope_name = bn5c_branch2a, pre-trained.shape = (512,), variable.shape = (512,)
2018-07-07 17:10:40,406 INFO     beta:0, scope_name = bn5c_branch2a, pre-trained.shape = (512,), variable.shape = (512,)
2018-07-07 17:10:40,516 INFO     m:0, scope_name = bn5c_branch2a, pre-trained.shape = (512,), variable.shape = (512,)
2018-07-07 17:10:40,628 INFO     v:0, scope_name = bn5c_branch2a, pre-trained.shape = (512,), variable.shape = (512,)
2018-07-07 17:10:40,741 INFO     w:0, scope_name = res5c_branch2b, pre-trained.shape = (3, 3, 512, 512), variable.shape = (3, 3, 512, 512)
2018-07-07 17:10:40,871 INFO     b:0, scope_name = res5c_branch2b, pre-trained.shape = (512,), variable.shape = (512,)
2018-07-07 17:10:40,980 INFO     gamma:0, scope_name = bn5c_branch2b, pre-trained.shape = (512,), variable.shape = (512,)
2018-07-07 17:10:41,095 INFO     beta:0, scope_name = bn5c_branch2b, pre-trained.shape = (512,), variable.shape = (512,)
2018-07-07 17:10:41,201 INFO     m:0, scope_name = bn5c_branch2b, pre-trained.shape = (512,), variable.shape = (512,)
2018-07-07 17:10:41,321 INFO     v:0, scope_name = bn5c_branch2b, pre-trained.shape = (512,), variable.shape = (512,)
2018-07-07 17:10:41,436 INFO     w:0, scope_name = res5c_branch2c, pre-trained.shape = (1, 1, 512, 2048), variable.shape = (1, 1, 512, 2048)
2018-07-07 17:10:41,555 INFO     b:0, scope_name = res5c_branch2c, pre-trained.shape = (2048,), variable.shape = (2048,)
2018-07-07 17:10:41,667 INFO     gamma:0, scope_name = bn5c_branch2c, pre-trained.shape = (2048,), variable.shape = (2048,)
2018-07-07 17:10:41,782 INFO     beta:0, scope_name = bn5c_branch2c, pre-trained.shape = (2048,), variable.shape = (2048,)
2018-07-07 17:10:41,899 INFO     m:0, scope_name = bn5c_branch2c, pre-trained.shape = (2048,), variable.shape = (2048,)
2018-07-07 17:10:42,015 INFO     v:0, scope_name = bn5c_branch2c, pre-trained.shape = (2048,), variable.shape = (2048,)
2018-07-07 17:10:42,121 INFO     w:0, scope_name = fpn_c5p5, pre-trained.shape = (1, 1, 2048, 256), variable.shape = (1, 1, 2048, 256)
2018-07-07 17:10:42,240 INFO     b:0, scope_name = fpn_c5p5, pre-trained.shape = (256,), variable.shape = (256,)
2018-07-07 17:10:42,351 INFO     w:0, scope_name = fpn_c4p4, pre-trained.shape = (1, 1, 1024, 256), variable.shape = (1, 1, 1024, 256)
2018-07-07 17:10:42,468 INFO     b:0, scope_name = fpn_c4p4, pre-trained.shape = (256,), variable.shape = (256,)
2018-07-07 17:10:42,575 INFO     w:0, scope_name = fpn_c3p3, pre-trained.shape = (1, 1, 512, 256), variable.shape = (1, 1, 512, 256)
2018-07-07 17:10:42,694 INFO     b:0, scope_name = fpn_c3p3, pre-trained.shape = (256,), variable.shape = (256,)
2018-07-07 17:10:42,801 INFO     w:0, scope_name = fpn_c2p2, pre-trained.shape = (1, 1, 256, 256), variable.shape = (1, 1, 256, 256)
2018-07-07 17:10:42,907 INFO     b:0, scope_name = fpn_c2p2, pre-trained.shape = (256,), variable.shape = (256,)
2018-07-07 17:10:43,023 INFO     w:0, scope_name = fpn_p2, pre-trained.shape = (3, 3, 256, 256), variable.shape = (3, 3, 256, 256)
2018-07-07 17:10:43,136 INFO     b:0, scope_name = fpn_p2, pre-trained.shape = (256,), variable.shape = (256,)
2018-07-07 17:10:43,248 INFO     w:0, scope_name = fpn_p3, pre-trained.shape = (3, 3, 256, 256), variable.shape = (3, 3, 256, 256)
2018-07-07 17:10:43,354 INFO     b:0, scope_name = fpn_p3, pre-trained.shape = (256,), variable.shape = (256,)
2018-07-07 17:10:43,477 INFO     w:0, scope_name = fpn_p4, pre-trained.shape = (3, 3, 256, 256), variable.shape = (3, 3, 256, 256)
2018-07-07 17:10:43,593 INFO     b:0, scope_name = fpn_p4, pre-trained.shape = (256,), variable.shape = (256,)
2018-07-07 17:10:43,702 INFO     w:0, scope_name = fpn_p5, pre-trained.shape = (3, 3, 256, 256), variable.shape = (3, 3, 256, 256)
2018-07-07 17:10:43,817 INFO     b:0, scope_name = fpn_p5, pre-trained.shape = (256,), variable.shape = (256,)
2018-07-07 17:10:43,936 INFO     w:0, scope_name = rpn_conv_shared, pre-trained.shape = (3, 3, 256, 512), variable.shape = (3, 3, 256, 512)
2018-07-07 17:10:44,058 INFO     b:0, scope_name = rpn_conv_shared, pre-trained.shape = (512,), variable.shape = (512,)
2018-07-07 17:10:44,177 INFO     w:0, scope_name = rpn_class_raw, pre-trained.shape = (1, 1, 512, 6), variable.shape = (1, 1, 512, 6)
2018-07-07 17:10:44,293 INFO     b:0, scope_name = rpn_class_raw, pre-trained.shape = (6,), variable.shape = (6,)
2018-07-07 17:10:44,401 INFO     w:0, scope_name = rpn_bbox_pred, pre-trained.shape = (1, 1, 512, 12), variable.shape = (1, 1, 512, 12)
2018-07-07 17:10:44,517 INFO     b:0, scope_name = rpn_bbox_pred, pre-trained.shape = (12,), variable.shape = (12,)
2018-07-07 17:10:56,446 INFO     w:0, scope_name = mrcnn_class_conv1, pre-trained.shape = (7, 7, 256, 1024), variable.shape = (7, 7, 256, 1024)
2018-07-07 17:10:56,696 INFO     b:0, scope_name = mrcnn_class_conv1, pre-trained.shape = (1024,), variable.shape = (1024,)
2018-07-07 17:10:56,813 INFO     gamma:0, scope_name = mrcnn_class_bn1, pre-trained.shape = (1024,), variable.shape = (1024,)
2018-07-07 17:10:56,935 INFO     beta:0, scope_name = mrcnn_class_bn1, pre-trained.shape = (1024,), variable.shape = (1024,)
2018-07-07 17:10:57,051 INFO     m:0, scope_name = mrcnn_class_bn1, pre-trained.shape = (1024,), variable.shape = (1024,)
2018-07-07 17:10:57,170 INFO     v:0, scope_name = mrcnn_class_bn1, pre-trained.shape = (1024,), variable.shape = (1024,)
2018-07-07 17:10:57,289 INFO     w:0, scope_name = mrcnn_class_conv2, pre-trained.shape = (1, 1, 1024, 1024), variable.shape = (1, 1, 1024, 1024)
2018-07-07 17:10:57,412 INFO     b:0, scope_name = mrcnn_class_conv2, pre-trained.shape = (1024,), variable.shape = (1024,)
2018-07-07 17:10:57,528 INFO     gamma:0, scope_name = mrcnn_class_bn2, pre-trained.shape = (1024,), variable.shape = (1024,)
2018-07-07 17:10:57,645 INFO     beta:0, scope_name = mrcnn_class_bn2, pre-trained.shape = (1024,), variable.shape = (1024,)
2018-07-07 17:10:57,759 INFO     m:0, scope_name = mrcnn_class_bn2, pre-trained.shape = (1024,), variable.shape = (1024,)
2018-07-07 17:10:57,874 INFO     v:0, scope_name = mrcnn_class_bn2, pre-trained.shape = (1024,), variable.shape = (1024,)
2018-07-07 17:10:57,992 INFO     w:0, scope_name = mrcnn_class_logits, pre-trained.shape = (1024, 81), variable.shape = (1024, 81)
2018-07-07 17:10:58,114 INFO     b:0, scope_name = mrcnn_class_logits, pre-trained.shape = (81,), variable.shape = (81,)
2018-07-07 17:10:58,234 INFO     w:0, scope_name = mrcnn_bbox_fc, pre-trained.shape = (1024, 324), variable.shape = (1024, 324)
2018-07-07 17:10:58,358 INFO     b:0, scope_name = mrcnn_bbox_fc, pre-trained.shape = (324,), variable.shape = (324,)
2018-07-07 17:11:05,084 WARNING  From <ipython-input-10-bc2515d12453>:2: arg_max (from tensorflow.python.ops.gen_math_ops) is deprecated and will be removed in a future version.
Instructions for updating:
Use `argmax` instead
